\BOOKMARK [0][-]{chapter.1}{\376\377\000I\000n\000t\000r\000o\000d\000u\000c\000c\000i\000\363\000n}{}% 1
\BOOKMARK [1][-]{section.1.1}{\376\377\000H\000i\000s\000t\000o\000r\000i\000a}{chapter.1}% 2
\BOOKMARK [2][-]{subsection.1.1.1}{\376\377\000E\000l\000\040\000p\000a\000s\000a\000d\000o}{section.1.1}% 3
\BOOKMARK [2][-]{subsection.1.1.2}{\376\377\000E\000l\000\040\000p\000r\000e\000s\000e\000n\000t\000e}{section.1.1}% 4
\BOOKMARK [2][-]{subsection.1.1.3}{\376\377\000E\000l\000\040\000f\000u\000t\000u\000r\000o}{section.1.1}% 5
\BOOKMARK [1][-]{section.1.2}{\376\377\000S\000e\000r\000v\000i\000d\000o\000r\000e\000s\000\040\000w\000e\000b}{chapter.1}% 6
\BOOKMARK [2][-]{subsection.1.2.1}{\376\377\000C\000o\000m\000o\000\040\000c\000o\000n\000f\000i\000g\000u\000r\000a\000r\000\040\000u\000n\000\040\000s\000e\000r\000v\000i\000d\000o\000r\000\040\000e\000n\000\040\000c\000a\000s\000a}{section.1.2}% 7
\BOOKMARK [1][-]{section.1.3}{\376\377\000L\000o\000s\000\040\000n\000o\000m\000b\000r\000e\000s\000\040\000d\000e\000\040\000d\000o\000m\000i\000n\000i\000o}{chapter.1}% 8
\BOOKMARK [1][-]{section.1.4}{\376\377\000L\000o\000s\000\040\000s\000i\000s\000t\000e\000m\000a\000s\000\040\000d\000e\000\040\000g\000e\000s\000t\000i\000\363\000n\000\040\000d\000e\000\040\000i\000n\000f\000o\000r\000m\000a\000c\000i\000\363\000n}{chapter.1}% 9
\BOOKMARK [1][-]{section.1.5}{\376\377\000T\000i\000p\000o\000s\000\040\000d\000e\000\040\000l\000e\000n\000g\000u\000a\000j\000e\000s}{chapter.1}% 10
\BOOKMARK [1][-]{section.1.6}{\376\377\000O\000r\000g\000a\000n\000i\000s\000m\000o\000s\000\040\000d\000e\000\040\000r\000e\000g\000u\000l\000a\000c\000i\000\363\000n}{chapter.1}% 11
\BOOKMARK [1][-]{section.1.7}{\376\377\000G\000r\000a\000m\000\341\000t\000i\000c\000a\000s\000\040\000y\000\040\000D\000T\000D\040\031\000s}{chapter.1}% 12
\BOOKMARK [1][-]{section.1.8}{\376\377\000X\000M\000L\000\040\000S\000c\000h\000e\000m\000a\000s}{chapter.1}% 13
\BOOKMARK [1][-]{section.1.9}{\376\377\000D\000e\000f\000i\000n\000i\000c\000i\000o\000n\000e\000s}{chapter.1}% 14
\BOOKMARK [0][-]{chapter.2}{\376\377\000H\000T\000M\000L\0005}{}% 15
\BOOKMARK [1][-]{section.2.1}{\376\377\000I\000n\000t\000r\000o\000d\000u\000c\000c\000i\000\363\000n}{chapter.2}% 16
\BOOKMARK [1][-]{section.2.2}{\376\377\000E\000t\000i\000q\000u\000e\000t\000a\000s\000\040\000e\000s\000t\000r\000u\000c\000t\000u\000r\000a\000l\000e\000s}{chapter.2}% 17
\BOOKMARK [1][-]{section.2.3}{\376\377\000E\000t\000i\000q\000u\000e\000t\000a\000s\000\040\000p\000a\000r\000a\000\040\000d\000e\000f\000i\000n\000i\000r\000\040\000m\000e\000t\000a\000d\000a\000t\000o\000s}{chapter.2}% 18
\BOOKMARK [1][-]{section.2.4}{\376\377\000E\000t\000i\000q\000u\000e\000t\000a\000s\000\040\000d\000e\000\040\000f\000o\000r\000m\000a\000t\000o}{chapter.2}% 19
\BOOKMARK [1][-]{section.2.5}{\376\377\000G\000e\000s\000t\000i\000\363\000n\000\040\000d\000e\000\040\000e\000s\000p\000a\000c\000i\000o\000s}{chapter.2}% 20
\BOOKMARK [1][-]{section.2.6}{\376\377\000E\000n\000t\000i\000d\000a\000d\000e\000s}{chapter.2}% 21
\BOOKMARK [1][-]{section.2.7}{\376\377\000T\000e\000x\000t\000o\000\040\000p\000r\000e\000f\000o\000r\000m\000a\000t\000e\000a\000d\000o}{chapter.2}% 22
\BOOKMARK [1][-]{section.2.8}{\376\377\000L\000i\000s\000t\000a\000s}{chapter.2}% 23
\BOOKMARK [2][-]{subsection.2.8.1}{\376\377\000E\000j\000e\000r\000c\000i\000c\000i\000o}{section.2.8}% 24
\BOOKMARK [1][-]{section.2.9}{\376\377\000T\000a\000b\000l\000a\000s}{chapter.2}% 25
\BOOKMARK [2][-]{subsection.2.9.1}{\376\377\000U\000n\000\040\000e\000j\000e\000m\000p\000l\000o\000\040\000d\000e\000\040\000t\000a\000b\000l\000a}{section.2.9}% 26
\BOOKMARK [2][-]{subsection.2.9.2}{\376\377\000E\000j\000e\000r\000c\000i\000c\000i\000o\000\040\000s\000o\000b\000r\000e\000\040\000t\000a\000b\000l\000a\000s}{section.2.9}% 27
\BOOKMARK [2][-]{subsection.2.9.3}{\376\377\000S\000o\000l\000u\000c\000i\000\363\000n}{section.2.9}% 28
\BOOKMARK [2][-]{subsection.2.9.4}{\376\377\000E\000j\000e\000r\000c\000i\000c\000i\000o\000\040\000s\000o\000b\000r\000e\000\040\000t\000a\000b\000l\000a\000s\000\040\000\050\000I\000I\000\051}{section.2.9}% 29
\BOOKMARK [2][-]{subsection.2.9.5}{\376\377\000S\000o\000l\000u\000c\000i\000\363\000n}{section.2.9}% 30
\BOOKMARK [2][-]{subsection.2.9.6}{\376\377\000E\000j\000e\000r\000c\000i\000c\000i\000o\000\040\000s\000o\000b\000r\000e\000\040\000t\000a\000b\000l\000a\000s\000\040\000\050\000I\000I\000I\000\051}{section.2.9}% 31
\BOOKMARK [2][-]{subsection.2.9.7}{\376\377\000S\000o\000l\000u\000c\000i\000\363\000n}{section.2.9}% 32
\BOOKMARK [2][-]{subsection.2.9.8}{\376\377\000E\000j\000e\000r\000c\000i\000c\000i\000o\000\040\000s\000o\000b\000r\000e\000\040\000t\000a\000b\000l\000a\000s\000\040\000\050\000V\000\051}{section.2.9}% 33
\BOOKMARK [2][-]{subsection.2.9.9}{\376\377\000S\000o\000l\000u\000c\000i\000\363\000n}{section.2.9}% 34
\BOOKMARK [2][-]{subsection.2.9.10}{\376\377\000E\000j\000e\000r\000c\000i\000c\000i\000o\000\040\000s\000o\000b\000r\000e\000\040\000t\000a\000b\000l\000a\000s\000\040\000\050\000V\000I\000\051}{section.2.9}% 35
\BOOKMARK [2][-]{subsection.2.9.11}{\376\377\000S\000o\000l\000u\000c\000i\000\363\000n}{section.2.9}% 36
\BOOKMARK [2][-]{subsection.2.9.12}{\376\377\000E\000j\000e\000r\000c\000i\000c\000i\000o\000\040\000s\000o\000b\000r\000e\000\040\000t\000a\000b\000l\000a\000s\000\040\000\050\000V\000I\000I\000\051}{section.2.9}% 37
\BOOKMARK [2][-]{subsection.2.9.13}{\376\377\000S\000o\000l\000u\000c\000i\000\363\000n}{section.2.9}% 38
\BOOKMARK [2][-]{subsection.2.9.14}{\376\377\000E\000j\000e\000r\000c\000i\000c\000i\000o\000\040\000s\000o\000b\000r\000e\000\040\000t\000a\000b\000l\000a\000s\000\040\000\050\000V\000I\000I\000I\000\051}{section.2.9}% 39
\BOOKMARK [2][-]{subsection.2.9.15}{\376\377\000S\000o\000l\000u\000c\000i\000\363\000n}{section.2.9}% 40
\BOOKMARK [1][-]{section.2.10}{\376\377\000F\000o\000r\000m\000u\000l\000a\000r\000i\000o\000s}{chapter.2}% 41
\BOOKMARK [2][-]{subsection.2.10.1}{\376\377\000C\000a\000m\000p\000o\000\040\000d\000e\000\040\000t\000e\000x\000t\000o}{section.2.10}% 42
\BOOKMARK [2][-]{subsection.2.10.2}{\376\377\000C\000a\000m\000p\000o\000\040\000e\000m\000a\000i\000l}{section.2.10}% 43
\BOOKMARK [2][-]{subsection.2.10.3}{\376\377\000S\000e\000l\000e\000c\000t\000o\000r\000\040\000\372\000n\000i\000c\000o\000\040\000\050\000r\000a\000d\000i\000o\000-\000b\000u\000t\000t\000o\000n\000\051}{section.2.10}% 44
\BOOKMARK [2][-]{subsection.2.10.4}{\376\377\000S\000e\000l\000e\000c\000t\000o\000r\000\040\000m\000\372\000l\000t\000i\000p\000l\000e\000\040\000\050\000c\000h\000e\000c\000k\000b\000o\000x\000\051}{section.2.10}% 45
\BOOKMARK [2][-]{subsection.2.10.5}{\376\377\000L\000i\000s\000t\000a\000\040\000d\000e\000s\000p\000l\000e\000g\000a\000b\000l\000e}{section.2.10}% 46
\BOOKMARK [2][-]{subsection.2.10.6}{\376\377\000T\000e\000x\000t\000a\000r\000e\000a\000s}{section.2.10}% 47
\BOOKMARK [1][-]{section.2.11}{\376\377\000O\000t\000r\000o\000s\000\040\000e\000l\000e\000m\000e\000n\000t\000o\000s\000\040\000H\000T\000M\000L\000:\000\040\000c\000o\000n\000t\000e\000n\000i\000d\000o\000\040\000e\000m\000b\000e\000b\000i\000d\000o\000\040\000y\000\040\000m\000u\000l\000t\000i\000m\000e\000d\000i\000a}{chapter.2}% 48
\BOOKMARK [2][-]{subsection.2.11.1}{\376\377\000C\000o\000n\000t\000e\000n\000i\000d\000o\000\040\000e\000m\000b\000e\000b\000i\000d\000o\000\040\000e\000n\000\040\000g\000e\000n\000e\000r\000a\000l}{section.2.11}% 49
\BOOKMARK [1][-]{section.2.12}{\376\377\000E\000j\000e\000r\000c\000i\000c\000i\000o\000s\000\040\000t\000i\000p\000o\000\040\000e\000x\000a\000m\000e\000n}{chapter.2}% 50
\BOOKMARK [2][-]{subsection.2.12.1}{\376\377\000E\000n\000u\000n\000c\000i\000a\000d\000o}{section.2.12}% 51
\BOOKMARK [2][-]{subsection.2.12.2}{\376\377\000S\000o\000l\000u\000c\000i\000\363\000n}{section.2.12}% 52
\BOOKMARK [2][-]{subsection.2.12.3}{\376\377\000E\000n\000u\000n\000c\000i\000a\000d\000o}{section.2.12}% 53
\BOOKMARK [2][-]{subsection.2.12.4}{\376\377\000S\000o\000l\000u\000c\000i\000\363\000n}{section.2.12}% 54
\BOOKMARK [2][-]{subsection.2.12.5}{\376\377\000E\000n\000u\000n\000c\000i\000a\000d\000o}{section.2.12}% 55
\BOOKMARK [2][-]{subsection.2.12.6}{\376\377\000S\000o\000l\000u\000c\000i\000\363\000n}{section.2.12}% 56
\BOOKMARK [2][-]{subsection.2.12.7}{\376\377\000E\000n\000u\000n\000c\000i\000a\000d\000o}{section.2.12}% 57
\BOOKMARK [2][-]{subsection.2.12.8}{\376\377\000S\000o\000l\000u\000c\000i\000\363\000n}{section.2.12}% 58
\BOOKMARK [2][-]{subsection.2.12.9}{\376\377\000E\000n\000u\000n\000c\000i\000a\000d\000o}{section.2.12}% 59
\BOOKMARK [2][-]{subsection.2.12.10}{\376\377\000E\000n\000u\000n\000c\000i\000a\000d\000o}{section.2.12}% 60
\BOOKMARK [2][-]{subsection.2.12.11}{\376\377\000S\000o\000l\000u\000c\000i\000\363\000n}{section.2.12}% 61
\BOOKMARK [0][-]{chapter.3}{\376\377\000C\000S\000S}{}% 62
\BOOKMARK [1][-]{section.3.1}{\376\377\000I\000n\000t\000r\000o\000d\000u\000c\000c\000i\000\363\000n}{chapter.3}% 63
\BOOKMARK [1][-]{section.3.2}{\376\377\000R\000e\000c\000o\000r\000d\000a\000t\000o\000r\000i\000o\000:\000\040\000e\000l\000\040\000m\000o\000d\000e\000l\000o\000\040\000D\000O\000M}{chapter.3}% 64
\BOOKMARK [1][-]{section.3.3}{\376\377\000S\000i\000n\000t\000a\000x\000i\000s}{chapter.3}% 65
\BOOKMARK [2][-]{subsection.3.3.1}{\376\377\000U\000n\000\040\000f\000i\000c\000h\000e\000r\000o\000\040\000p\000a\000r\000a\000\040\000h\000a\000c\000e\000r\000\040\000p\000r\000u\000e\000b\000a\000s\000\040\000c\000o\000n\000\040\000s\000e\000l\000e\000c\000t\000o\000r\000e\000s}{section.3.3}% 66
\BOOKMARK [1][-]{section.3.4}{\376\377\000L\000o\000s\000\040\000a\000t\000r\000i\000b\000u\000t\000o\000s\000\040\000c\000l\000a\000s\000s\000\040\000e\000\040\000i\000d}{chapter.3}% 67
\BOOKMARK [1][-]{section.3.5}{\376\377\000P\000s\000e\000u\000d\000o\000-\000c\000l\000a\000s\000e\000s}{chapter.3}% 68
\BOOKMARK [1][-]{section.3.6}{\376\377\000F\000o\000n\000d\000o\000s\000\040\000e\000\040\000i\000m\000\341\000g\000e\000n\000e\000s}{chapter.3}% 69
\BOOKMARK [1][-]{section.3.7}{\376\377\000B\000o\000r\000d\000e\000s}{chapter.3}% 70
\BOOKMARK [1][-]{section.3.8}{\376\377\000T\000e\000x\000t\000o}{chapter.3}% 71
\BOOKMARK [1][-]{section.3.9}{\376\377\000B\000o\000r\000d\000e\000r\000\040\000e\000x\000t\000e\000r\000n\000o\000s\000\040\000\050\000O\000u\000t\000l\000i\000n\000e\000s\000\051}{chapter.3}% 72
\BOOKMARK [1][-]{section.3.10}{\376\377\000T\000a\000b\000l\000a\000s}{chapter.3}% 73
\BOOKMARK [1][-]{section.3.11}{\376\377\000P\000o\000s\000i\000c\000i\000o\000n\000a\000m\000i\000e\000n\000t\000o}{chapter.3}% 74
\BOOKMARK [2][-]{subsection.3.11.1}{\376\377\000E\000j\000e\000r\000c\000i\000c\000i\000o\000\040\000p\000r\000o\000p\000u\000e\000s\000t\000o}{section.3.11}% 75
\BOOKMARK [2][-]{subsection.3.11.2}{\376\377\000E\000j\000e\000r\000c\000i\000c\000i\000o\000\040\000p\000r\000o\000p\000u\000e\000s\000t\000o\000\040\000\050\000I\000I\000\051}{section.3.11}% 76
\BOOKMARK [2][-]{subsection.3.11.3}{\376\377\000E\000j\000e\000r\000c\000i\000c\000i\000o\000\040\000d\000e\000\040\000m\000a\000q\000u\000e\000t\000a\000c\000i\000\363\000n}{section.3.11}% 77
\BOOKMARK [2][-]{subsection.3.11.4}{\376\377\000E\000j\000e\000r\000c\000i\000c\000i\000o\000\040\0002\000\040\000d\000e\000\040\000m\000a\000q\000u\000e\000t\000a\000c\000i\000\363\000n}{section.3.11}% 78
\BOOKMARK [2][-]{subsection.3.11.5}{\376\377\000H\000T\000M\000L}{section.3.11}% 79
\BOOKMARK [2][-]{subsection.3.11.6}{\376\377\000C\000S\000S}{section.3.11}% 80
\BOOKMARK [2][-]{subsection.3.11.7}{\376\377\000E\000j\000e\000r\000c\000i\000c\000i\000o\000:\000\040\000b\000a\000r\000r\000a\000\040\000d\000e\000\040\000h\000e\000r\000r\000a\000m\000i\000e\000n\000t\000a\000s}{section.3.11}% 81
\BOOKMARK [2][-]{subsection.3.11.8}{\376\377\000E\000j\000e\000r\000c\000i\000c\000i\000o\000:\000\040\000a\000m\000p\000l\000i\000a\000c\000i\000\363\000n}{section.3.11}% 82
\BOOKMARK [2][-]{subsection.3.11.9}{\376\377\000E\000j\000e\000r\000c\000i\000c\000i\000o}{section.3.11}% 83
\BOOKMARK [1][-]{section.3.12}{\376\377\000P\000o\000s\000i\000c\000i\000o\000n\000a\000m\000i\000e\000n\000t\000o\000\040\000f\000l\000o\000a\000t}{chapter.3}% 84
\BOOKMARK [2][-]{subsection.3.12.1}{\376\377\000E\000j\000e\000r\000c\000i\000c\000i\000o\000\040\000d\000e\000\040\000m\000a\000q\000u\000e\000t\000a\000c\000i\000\363\000n\000\040\000c\000o\000n\000\040\000f\000l\000o\000a\000t\000s\000\040\000\050\000I\000\051}{section.3.12}% 85
\BOOKMARK [2][-]{subsection.3.12.2}{\376\377\000E\000j\000e\000r\000c\000i\000c\000i\000o\000\040\000d\000e\000\040\000m\000a\000q\000u\000e\000t\000a\000c\000i\000\363\000n\000\040\000c\000o\000n\000\040\000f\000l\000o\000a\000t\000s\000\040\000\050\000I\000I\000\051}{section.3.12}% 86
\BOOKMARK [1][-]{section.3.13}{\376\377\000M\000a\000q\000u\000e\000t\000a\000c\000i\000\363\000n\000\040\000c\000o\000n\000\040\000f\000l\000e\000x\000b\000o\000x\000e\000s}{chapter.3}% 87
\BOOKMARK [1][-]{section.3.14}{\376\377\000M\000a\000q\000u\000e\000t\000a\000c\000i\000\363\000n\000\040\000a\000v\000a\000n\000z\000a\000d\000a\000\040\000c\000o\000n\000\040\000g\000r\000i\000d\000-\000l\000a\000y\000o\000u\000t\000s}{chapter.3}% 88
\BOOKMARK [1][-]{section.3.15}{\376\377\000M\000e\000d\000i\000a\000\040\000q\000u\000e\000r\000i\000e\000s}{chapter.3}% 89
\BOOKMARK [1][-]{section.3.16}{\376\377\000G\000e\000s\000t\000i\000\363\000n\000\040\000d\000e\000\040\000e\000s\000p\000a\000c\000i\000o\000s}{chapter.3}% 90
\BOOKMARK [1][-]{section.3.17}{\376\377\000C\000o\000l\000o\000r\000e\000s}{chapter.3}% 91
\BOOKMARK [1][-]{section.3.18}{\376\377\000T\000i\000p\000o\000g\000r\000a\000f\000\355\000a\000s}{chapter.3}% 92
\BOOKMARK [1][-]{section.3.19}{\376\377\000A\000l\000i\000n\000e\000a\000c\000i\000\363\000n\000\040\000d\000e\000l\000\040\000t\000e\000x\000t\000o}{chapter.3}% 93
\BOOKMARK [1][-]{section.3.20}{\376\377\000D\000e\000c\000o\000r\000a\000c\000i\000\363\000n\000\040\000d\000e\000l\000\040\000t\000e\000x\000t\000o}{chapter.3}% 94
\BOOKMARK [1][-]{section.3.21}{\376\377\000M\000e\000d\000i\000d\000a\000s}{chapter.3}% 95
\BOOKMARK [1][-]{section.3.22}{\376\377\000E\000j\000e\000r\000c\000i\000c\000i\000o\000s\000\040\000c\000o\000m\000e\000n\000t\000a\000d\000o\000s\000\040\000s\000o\000b\000r\000e\000\040\000s\000e\000l\000e\000c\000t\000o\000r\000e\000s\000.}{chapter.3}% 96
\BOOKMARK [2][-]{subsection.3.22.1}{\376\377\000S\000o\000l\000u\000c\000i\000\363\000n\000\040\000p\000\043\000d\000e\000s\000t\000a\000c\000a\000d\000o}{section.3.22}% 97
\BOOKMARK [2][-]{subsection.3.22.2}{\376\377\000S\000o\000l\000u\000c\000i\000\363\000n\000\040\000p\000.\000d\000e\000s\000t\000a\000c\000a\000d\000o}{section.3.22}% 98
\BOOKMARK [2][-]{subsection.3.22.3}{\376\377\000S\000o\000l\000u\000c\000i\000\363\000n\000\040\000p\000.\000d\000e\000s\000t\000a\000c\000a\000d\000o\000,\000\040\000s\000p\000a\000n\000\043\000i\000d\0001}{section.3.22}% 99
\BOOKMARK [2][-]{subsection.3.22.4}{\376\377\000S\000o\000l\000u\000c\000i\000\363\000n\000\040\000p\000.\000d\000e\000s\000t\000a\000c\000a\000d\000o\000\040\000>\000\040\000l\000i\000.\000e\000l\000e\000m\000e\000n\000t\000o\000\137\000e\000n\000u\000m\000e\000r\000a\000c\000i\000o\000n}{section.3.22}% 100
\BOOKMARK [2][-]{subsection.3.22.5}{\376\377\000S\000o\000l\000u\000c\000i\000\363\000n\000\040\000p\000.\000d\000e\000s\000t\000a\000c\000a\000d\000o\000\040\000>\000\040\000.\000e\000l\000e\000m\000e\000n\000t\000o\000\137\000n\000u\000m\000e\000r\000a\000c\000i\000o\000n}{section.3.22}% 101
\BOOKMARK [2][-]{subsection.3.22.6}{\376\377\000S\000o\000l\000u\000c\000i\000\363\000n\000\040\000.\000d\000e\000s\000t\000a\000c\000a\000d\000o\000\040\000>\000\040\000\043\000i\000d\0001}{section.3.22}% 102
\BOOKMARK [1][-]{section.3.23}{\376\377\000B\000o\000o\000t\000s\000t\000r\000a\000p}{chapter.3}% 103
\BOOKMARK [2][-]{subsection.3.23.1}{\376\377\000E\000s\000t\000r\000u\000c\000t\000u\000r\000a\000\040\000b\000\341\000s\000i\000c\000a}{section.3.23}% 104
\BOOKMARK [2][-]{subsection.3.23.2}{\376\377\000R\000e\000j\000i\000l\000l\000a\000\040\000o\000\040\000g\000r\000i\000d}{section.3.23}% 105
\BOOKMARK [2][-]{subsection.3.23.3}{\376\377\000T\000i\000p\000o\000g\000r\000a\000f\000\355\000a}{section.3.23}% 106
\BOOKMARK [1][-]{section.3.24}{\376\377\000P\000r\000e\000p\000r\000o\000c\000e\000s\000a\000d\000o\000r\000e\000s\000\040\000C\000S\000S\000:\000\040\000l\000e\000s\000s}{chapter.3}% 107
\BOOKMARK [2][-]{subsection.3.24.1}{\376\377\000V\000a\000r\000i\000a\000b\000l\000e\000s\000\040\000l\000e\000s\000s}{section.3.24}% 108
\BOOKMARK [2][-]{subsection.3.24.2}{\376\377\000\253\000M\000i\000x\000i\000n\000s\000\273}{section.3.24}% 109
\BOOKMARK [1][-]{section.3.25}{\376\377\000E\000j\000e\000r\000c\000i\000c\000i\000o\000\040\000r\000e\000s\000p\000o\000n\000s\000i\000v\000e\000\040\000I}{chapter.3}% 110
\BOOKMARK [1][-]{section.3.26}{\376\377\000E\000j\000e\000r\000c\000i\000c\000i\000o\000\040\000r\000e\000s\000p\000o\000n\000s\000i\000v\000e\000\040\000I\000I}{chapter.3}% 111
\BOOKMARK [0][-]{chapter.4}{\376\377\000J\000a\000v\000a\000s\000c\000r\000i\000p\000t}{}% 112
\BOOKMARK [1][-]{section.4.1}{\376\377\000I\000n\000t\000r\000o\000d\000u\000c\000c\000i\000\363\000n}{chapter.4}% 113
\BOOKMARK [1][-]{section.4.2}{\376\377\000T\000i\000p\000o\000s\000\040\000d\000e\000\040\000d\000a\000t\000o\000s}{chapter.4}% 114
\BOOKMARK [1][-]{section.4.3}{\376\377\000I\000n\000c\000r\000u\000s\000t\000a\000n\000d\000o\000\040\000J\000a\000v\000a\000s\000c\000r\000i\000p\000t}{chapter.4}% 115
\BOOKMARK [1][-]{section.4.4}{\376\377\000D\000e\000c\000i\000s\000i\000o\000n\000e\000s}{chapter.4}% 116
\BOOKMARK [1][-]{section.4.5}{\376\377\000V\000e\000c\000t\000o\000r\000e\000s\000\040\000o\000\040\000A\000r\000r\000a\000y\000s}{chapter.4}% 117
\BOOKMARK [1][-]{section.4.6}{\376\377\000B\000u\000c\000l\000e\000s}{chapter.4}% 118
\BOOKMARK [2][-]{subsection.4.6.1}{\376\377\000B\000u\000c\000l\000e\000s\000\040\000f\000o\000r}{section.4.6}% 119
\BOOKMARK [2][-]{subsection.4.6.2}{\376\377\000B\000u\000c\000l\000e\000s\000\040\000w\000h\000i\000l\000e}{section.4.6}% 120
\BOOKMARK [1][-]{section.4.7}{\376\377\000E\000j\000e\000r\000c\000i\000c\000i\000o\000:\000\040\000m\000e\000d\000i\000a\000\040\000a\000r\000i\000t\000m\000\351\000t\000i\000c\000a}{chapter.4}% 121
\BOOKMARK [1][-]{section.4.8}{\376\377\000E\000j\000e\000r\000c\000i\000c\000i\000o\000:\000\040\000d\000e\000s\000v\000i\000a\000c\000i\000\363\000n\000\040\000m\000e\000d\000i\000a}{chapter.4}% 122
\BOOKMARK [1][-]{section.4.9}{\376\377\000E\000j\000e\000r\000c\000i\000c\000i\000o\000:\000\040\000l\000a\000\040\000m\000e\000d\000i\000a\000n\000a}{chapter.4}% 123
\BOOKMARK [1][-]{section.4.10}{\376\377\000F\000u\000n\000c\000i\000o\000n\000e\000s}{chapter.4}% 124
\BOOKMARK [2][-]{subsection.4.10.1}{\376\377\000E\000j\000e\000r\000c\000i\000c\000i\000o}{section.4.10}% 125
\BOOKMARK [2][-]{subsection.4.10.2}{\376\377\000E\000j\000e\000r\000c\000i\000c\000i\000o}{section.4.10}% 126
\BOOKMARK [1][-]{section.4.11}{\376\377\000P\000r\000o\000g\000r\000a\000m\000a\000c\000i\000\363\000n\000\040\000O\000O}{chapter.4}% 127
\BOOKMARK [2][-]{subsection.4.11.1}{\376\377\000E\000j\000e\000r\000c\000i\000c\000i\000o}{section.4.11}% 128
\BOOKMARK [2][-]{subsection.4.11.2}{\376\377\000E\000j\000e\000r\000c\000i\000c\000i\000o}{section.4.11}% 129
\BOOKMARK [1][-]{section.4.12}{\376\377\000P\000r\000o\000g\000r\000a\000m\000a\000c\000i\000\363\000n\000\040\000c\000o\000n\000\040\000J\000Q\000u\000e\000r\000y}{chapter.4}% 130
\BOOKMARK [2][-]{subsection.4.12.1}{\376\377\000I\000n\000i\000c\000i\000o}{section.4.12}% 131
\BOOKMARK [2][-]{subsection.4.12.2}{\376\377\000L\000a\000\040\000f\000u\000n\000c\000i\000\363\000n\000\040\000\044}{section.4.12}% 132
\BOOKMARK [2][-]{subsection.4.12.3}{\376\377\000G\000e\000s\000t\000i\000\363\000n\000\040\000d\000e\000\040\000e\000v\000e\000n\000t\000o\000s}{section.4.12}% 133
\BOOKMARK [2][-]{subsection.4.12.4}{\376\377\000E\000j\000e\000r\000c\000i\000c\000i\000o}{section.4.12}% 134
\BOOKMARK [2][-]{subsection.4.12.5}{\376\377\000E\000j\000e\000r\000c\000i\000c\000i\000o}{section.4.12}% 135
\BOOKMARK [1][-]{section.4.13}{\376\377\000P\000r\000o\000c\000e\000s\000a\000d\000o\000\040\000d\000e\000\040\000a\000t\000r\000i\000b\000u\000t\000o\000s}{chapter.4}% 136
\BOOKMARK [2][-]{subsection.4.13.1}{\376\377\000E\000j\000e\000r\000c\000i\000c\000i\000o\000:\000\040\000r\000e\000c\000u\000e\000n\000t\000o\000\040\000d\000e\000\040\000m\000e\000d\000i\000o\000s\000\040\000d\000e\000\040\000l\000o\000c\000o\000m\000o\000c\000i\000\363\000n}{section.4.13}% 137
\BOOKMARK [2][-]{subsection.4.13.2}{\376\377\000E\000j\000e\000r\000c\000i\000c\000i\000o\000\040\000c\000o\000n\000f\000i\000g\000u\000r\000a\000d\000o\000r}{section.4.13}% 138
\BOOKMARK [2][-]{subsection.4.13.3}{\376\377\000S\000o\000l\000u\000c\000i\000\363\000n\000\040\000H\000T\000M\000L\000\040\000c\000o\000n\000f\000i\000g\000u\000r\000a\000d\000o\000r}{section.4.13}% 139
\BOOKMARK [2][-]{subsection.4.13.4}{\376\377\000S\000o\000l\000u\000c\000i\000\363\000n\000\040\000J\000S\000\040\000c\000o\000n\000f\000i\000g\000u\000r\000a\000d\000o\000r}{section.4.13}% 140
\BOOKMARK [2][-]{subsection.4.13.5}{\376\377\000E\000j\000e\000r\000c\000i\000c\000i\000o\000\040\000c\000o\000n\000f\000i\000g\000u\000r\000a\000d\000o\000r\000\040\000d\000e\000\040\000P\000C\000s\000\040\000a\000m\000p\000l\000i\000a\000d\000o}{section.4.13}% 141
\BOOKMARK [1][-]{section.4.14}{\376\377\000C\000o\000n\000f\000i\000g\000u\000r\000a\000d\000o\000r\000\040\000d\000e\000\040\000c\000o\000c\000h\000e\000s}{chapter.4}% 142
\BOOKMARK [2][-]{subsection.4.14.1}{\376\377\000H\000T\000M\000L\000\040\000d\000e\000l\000\040\000c\000o\000n\000f\000i\000g\000u\000r\000a\000d\000o\000r}{section.4.14}% 143
\BOOKMARK [2][-]{subsection.4.14.2}{\376\377\000J\000S\000\040\000d\000e\000l\000\040\000c\000o\000n\000f\000i\000g\000u\000r\000a\000d\000o\000r\000\040\000\050\000s\000i\000n\000\040\000J\000Q\000u\000e\000r\000y\000\051}{section.4.14}% 144
\BOOKMARK [1][-]{section.4.15}{\376\377\000D\000i\000n\000a\000m\000i\000s\000m\000o\000\040\000c\000o\000n\000\040\000G\000o\000o\000g\000l\000e\000\040\000M\000a\000p\000s}{chapter.4}% 145
\BOOKMARK [2][-]{subsection.4.15.1}{\376\377\000H\000T\000M\000L\000\040\000d\000e\000\040\000G\000M\000a\000p\000s}{section.4.15}% 146
\BOOKMARK [2][-]{subsection.4.15.2}{\376\377\000J\000a\000v\000a\000s\000c\000r\000i\000p\000t\000\040\000d\000e\000\040\000G\000M\000a\000p\000s}{section.4.15}% 147
\BOOKMARK [2][-]{subsection.4.15.3}{\376\377\000E\000j\000e\000r\000c\000i\000c\000i\000o}{section.4.15}% 148
\BOOKMARK [2][-]{subsection.4.15.4}{\376\377\000E\000j\000e\000r\000c\000i\000c\000i\000o}{section.4.15}% 149
\BOOKMARK [2][-]{subsection.4.15.5}{\376\377\000A\000m\000p\000l\000i\000a\000c\000i\000\363\000n}{section.4.15}% 150
\BOOKMARK [1][-]{section.4.16}{\376\377\000O\000t\000r\000o\000\040\000c\000o\000n\000f\000i\000g\000u\000r\000a\000d\000o\000r\000\040\000d\000e\000\040\000c\000o\000c\000h\000e\000s}{chapter.4}% 151
\BOOKMARK [2][-]{subsection.4.16.1}{\376\377\000C\000o\000n\000f\000i\000g\000u\000r\000a\000d\000o\000r\000\040\000e\000n\000\040\000H\000T\000M\000L}{section.4.16}% 152
\BOOKMARK [2][-]{subsection.4.16.2}{\376\377\000C\000o\000n\000f\000i\000g\000u\000r\000a\000d\000o\000r\000\040\000e\000n\000\040\000J\000S}{section.4.16}% 153
\BOOKMARK [1][-]{section.4.17}{\376\377\000C\000a\000l\000c\000u\000l\000o\000\040\000d\000e\000\040\000i\000m\000p\000u\000e\000s\000t\000o\000s}{chapter.4}% 154
\BOOKMARK [2][-]{subsection.4.17.1}{\376\377\000H\000T\000M\000L\000\040\000c\000a\000l\000c\000u\000l\000a\000d\000o\000r}{section.4.17}% 155
\BOOKMARK [2][-]{subsection.4.17.2}{\376\377\000J\000S\000\040\000C\000a\000l\000c\000u\000l\000a\000d\000o\000r\000\040\000\050\000c\000o\000n\000\040\000J\000Q\000u\000e\000r\000y\000\040\000\050\000D\000A\000M\000\051\000\051}{section.4.17}% 156
\BOOKMARK [2][-]{subsection.4.17.3}{\376\377\000J\000S\000\040\000C\000a\000l\000c\000u\000l\000a\000d\000o\000r\000\040\000\050\000s\000i\000n\000\040\000J\000Q\000u\000e\000r\000y\000\040\000\050\000A\000S\000I\000R\000\051\000\051}{section.4.17}% 157
\BOOKMARK [1][-]{section.4.18}{\376\377\000C\000o\000m\000p\000a\000r\000a\000d\000o\000r\000\040\000d\000e\000\040\000t\000e\000l\000e\000f\000o\000n\000\355\000a}{chapter.4}% 158
\BOOKMARK [2][-]{subsection.4.18.1}{\376\377\000H\000T\000M\000L\000\040\000d\000e\000l\000\040\000c\000o\000m\000p\000a\000r\000a\000d\000o\000r}{section.4.18}% 159
\BOOKMARK [2][-]{subsection.4.18.2}{\376\377\000J\000S\000\040\000d\000e\000l\000\040\000c\000o\000m\000p\000a\000r\000a\000d\000o\000r}{section.4.18}% 160
\BOOKMARK [1][-]{section.4.19}{\376\377\000C\000a\000l\000c\000u\000l\000a\000d\000o\000r\000a\000\040\000e\000n\000\040\000J\000a\000v\000a\000s\000c\000r\000i\000p\000t}{chapter.4}% 161
\BOOKMARK [2][-]{subsection.4.19.1}{\376\377\000I\000n\000t\000e\000r\000f\000a\000z\000\040\000H\000T\000M\000L\000\040\000p\000a\000r\000a\000\040\000l\000a\000\040\000c\000a\000l\000c\000u\000l\000a\000d\000o\000r\000a}{section.4.19}% 162
\BOOKMARK [2][-]{subsection.4.19.2}{\376\377\000P\000r\000o\000g\000r\000a\000m\000a\000\040\000J\000S\000\040\000p\000a\000r\000a\000\040\000l\000a\000\040\000c\000a\000l\000c\000u\000l\000a\000d\000o\000r\000a}{section.4.19}% 163
\BOOKMARK [1][-]{section.4.20}{\376\377\000P\000\363\000l\000i\000z\000a\000\040\000d\000e\000\040\000s\000e\000g\000u\000r\000o\000s}{chapter.4}% 164
\BOOKMARK [2][-]{subsection.4.20.1}{\376\377\000I\000n\000t\000e\000r\000f\000a\000z\000\040\000d\000e\000\040\000l\000a\000\040\000p\000\363\000l\000i\000z\000a\000\040\000d\000e\000\040\000s\000e\000g\000u\000r\000o\000s}{section.4.20}% 165
\BOOKMARK [2][-]{subsection.4.20.2}{\376\377\000J\000S\000\040\000d\000e\000\040\000l\000a\000\040\000p\000\363\000l\000i\000z\000a\000\040\000d\000e\000\040\000s\000e\000g\000u\000r\000o\000s}{section.4.20}% 166
\BOOKMARK [1][-]{section.4.21}{\376\377\000M\000a\000t\000r\000\355\000c\000u\000l\000a}{chapter.4}% 167
\BOOKMARK [2][-]{subsection.4.21.1}{\376\377\000I\000n\000t\000e\000r\000f\000a\000z\000\040\000d\000e\000\040\000l\000a\000\040\000m\000a\000t\000r\000\355\000c\000u\000l\000a}{section.4.21}% 168
\BOOKMARK [2][-]{subsection.4.21.2}{\376\377\000J\000S\000\040\000d\000e\000\040\000l\000a\000\040\000m\000a\000t\000r\000\355\000c\000u\000l\000a}{section.4.21}% 169
\BOOKMARK [0][-]{chapter.5}{\376\377\000X\000M\000L}{}% 170
\BOOKMARK [1][-]{section.5.1}{\376\377\000I\000n\000t\000r\000o\000d\000u\000c\000c\000i\000\363\000n}{chapter.5}% 171
\BOOKMARK [1][-]{section.5.2}{\376\377\000U\000n\000\040\000e\000j\000e\000m\000p\000l\000o\000\040\000s\000e\000n\000c\000i\000l\000l\000o}{chapter.5}% 172
\BOOKMARK [1][-]{section.5.3}{\376\377\000C\000o\000n\000s\000t\000r\000u\000c\000c\000i\000\363\000n\000\040\000d\000e\000\040\000X\000M\000L}{chapter.5}% 173
\BOOKMARK [1][-]{section.5.4}{\376\377\000V\000a\000l\000i\000d\000e\000z}{chapter.5}% 174
\BOOKMARK [1][-]{section.5.5}{\376\377\000G\000r\000a\000m\000\341\000t\000i\000c\000a\000s}{chapter.5}% 175
\BOOKMARK [2][-]{subsection.5.5.1}{\376\377\000S\000i\000n\000t\000a\000x\000i\000s\000\040\000D\000T\000D}{section.5.5}% 176
\BOOKMARK [2][-]{subsection.5.5.2}{\376\377\000E\000j\000e\000m\000p\000l\000o\000\040\000d\000e\000\040\000D\000T\000D\000\040\000\050\000p\000r\000o\000d\000u\000c\000t\000o\000s\000\051}{section.5.5}% 177
\BOOKMARK [1][-]{section.5.6}{\376\377\000E\000j\000e\000r\000c\000i\000c\000i\000o\000\040\000I\000\040\000\050\000D\000T\000D\000\051}{chapter.5}% 178
\BOOKMARK [1][-]{section.5.7}{\376\377\000E\000j\000e\000r\000c\000i\000c\000i\000o\000\040\000I\000I\000\040\000\050\000D\000T\000D\000\051}{chapter.5}% 179
\BOOKMARK [2][-]{subsection.5.7.1}{\376\377\000S\000o\000l\000u\000c\000i\000\363\000n}{section.5.7}% 180
\BOOKMARK [1][-]{section.5.8}{\376\377\000E\000j\000e\000r\000c\000i\000c\000i\000o\000\040\000I\000I\000I}{chapter.5}% 181
\BOOKMARK [2][-]{subsection.5.8.1}{\376\377\000S\000o\000l\000u\000c\000i\000\363\000n\000\040\000a\000l\000\040\000e\000j\000e\000r\000c\000i\000c\000i\000o\000\040\000I\000I\000I}{section.5.8}% 182
\BOOKMARK [1][-]{section.5.9}{\376\377\000E\000j\000e\000r\000c\000i\000c\000i\000o\000\040\000I\000V}{chapter.5}% 183
\BOOKMARK [2][-]{subsection.5.9.1}{\376\377\000S\000o\000l\000u\000c\000i\000\363\000n\000\040\000a\000l\000\040\000e\000j\000e\000r\000c\000i\000c\000i\000o\000\040\000I\000V}{section.5.9}% 184
\BOOKMARK [1][-]{section.5.10}{\376\377\000E\000j\000e\000r\000c\000i\000c\000i\000o\000\040\000V\000\040\000D\000T\000D}{chapter.5}% 185
\BOOKMARK [2][-]{subsection.5.10.1}{\376\377\000S\000o\000l\000u\000c\000i\000\363\000n\000\040\000a\000l\000\040\000e\000j\000e\000r\000c\000i\000c\000i\000o\000\040\000V}{section.5.10}% 186
\BOOKMARK [1][-]{section.5.11}{\376\377\000E\000j\000e\000r\000c\000i\000c\000i\000o\000\040\000V\000I\000\040\000D\000T\000D}{chapter.5}% 187
\BOOKMARK [1][-]{section.5.12}{\376\377\000E\000j\000e\000r\000c\000i\000c\000i\000o\000\040\000\050\000c\000o\000n\000\040\000a\000t\000r\000i\000b\000u\000t\000o\000s\000\051}{chapter.5}% 188
\BOOKMARK [2][-]{subsection.5.12.1}{\376\377\000S\000o\000l\000u\000c\000i\000\363\000n\000\040\000e\000j\000e\000r\000c\000i\000c\000i\000o\000\040\000c\000o\000n\000\040\000a\000t\000r\000i\000b\000u\000t\000o\000s}{section.5.12}% 189
\BOOKMARK [1][-]{section.5.13}{\376\377\000E\000j\000e\000r\000c\000i\000c\000i\000o}{chapter.5}% 190
\BOOKMARK [2][-]{subsection.5.13.1}{\376\377\000S\000o\000l\000u\000c\000i\000\363\000n\000\040\000c\000o\000m\000p\000l\000e\000t\000a}{section.5.13}% 191
\BOOKMARK [1][-]{section.5.14}{\376\377\000O\000t\000r\000a\000s\000\040\000c\000a\000r\000a\000c\000t\000e\000r\000\355\000s\000t\000i\000c\000a\000s\000\040\000d\000e\000\040\000X\000M\000L}{chapter.5}% 192
\BOOKMARK [2][-]{subsection.5.14.1}{\376\377\000A\000t\000r\000i\000b\000u\000t\000o\000s}{section.5.14}% 193
\BOOKMARK [2][-]{subsection.5.14.2}{\376\377\000E\000l\000e\000m\000e\000n\000t\000o\000s\000\040\000v\000a\000c\000\355\000o\000s}{section.5.14}% 194
\BOOKMARK [2][-]{subsection.5.14.3}{\376\377\000A\000l\000t\000e\000r\000n\000a\000t\000i\000v\000a\000s}{section.5.14}% 195
\BOOKMARK [1][-]{section.5.15}{\376\377\000E\000j\000e\000r\000c\000i\000c\000i\000o}{chapter.5}% 196
\BOOKMARK [2][-]{subsection.5.15.1}{\376\377\000S\000o\000l\000u\000c\000i\000\363\000n}{section.5.15}% 197
\BOOKMARK [1][-]{section.5.16}{\376\377\000E\000j\000e\000r\000c\000i\000c\000i\000o\000:\000\040\000m\000a\000y\000o\000r\000i\000s\000t\000a\000\040\000d\000e\000\040\000l\000i\000b\000r\000o\000s}{chapter.5}% 198
\BOOKMARK [2][-]{subsection.5.16.1}{\376\377\000S\000o\000l\000u\000c\000i\000\363\000n\000\040\000a\000l\000\040\000m\000a\000y\000o\000r\000i\000s\000t\000a\000\040\000d\000e\000\040\000l\000i\000b\000r\000o\000s}{section.5.16}% 199
\BOOKMARK [1][-]{section.5.17}{\376\377\000E\000j\000e\000r\000c\000i\000c\000i\000o\000:\000\040\000f\000a\000b\000r\000i\000c\000a\000n\000t\000e\000\040\000d\000e\000\040\000t\000r\000a\000c\000t\000o\000r\000e\000s}{chapter.5}% 200
\BOOKMARK [2][-]{subsection.5.17.1}{\376\377\000S\000o\000l\000u\000c\000i\000\363\000n\000:\000\040\000D\000T\000D\000\040\000f\000a\000b\000r\000i\000c\000a\000n\000t\000e\000\040\000t\000r\000a\000c\000t\000o\000r\000e\000s}{section.5.17}% 201
\BOOKMARK [1][-]{section.5.18}{\376\377\000E\000j\000e\000r\000c\000i\000c\000i\000o\000:\000\040\000r\000e\000p\000e\000t\000i\000c\000i\000o\000n\000e\000s\000\040\000d\000e\000\040\000o\000p\000c\000i\000o\000n\000e\000s}{chapter.5}% 202
\BOOKMARK [1][-]{section.5.19}{\376\377\000E\000j\000e\000r\000c\000i\000c\000i\000o\000:\000\040\000m\000u\000l\000t\000i\000n\000a\000c\000i\000o\000n\000a\000l}{chapter.5}% 203
\BOOKMARK [1][-]{section.5.20}{\376\377\000E\000j\000e\000r\000c\000i\000c\000i\000o}{chapter.5}% 204
\BOOKMARK [1][-]{section.5.21}{\376\377\000E\000s\000q\000u\000e\000m\000a\000s\000\040\000X\000M\000L}{chapter.5}% 205
\BOOKMARK [2][-]{subsection.5.21.1}{\376\377\000U\000n\000\040\000e\000j\000e\000m\000p\000l\000o}{section.5.21}% 206
\BOOKMARK [2][-]{subsection.5.21.2}{\376\377\000T\000i\000p\000o\000s\000\040\000d\000e\000\040\000d\000a\000t\000o\000s\000\040\000b\000\341\000s\000i\000c\000o\000s}{section.5.21}% 207
\BOOKMARK [2][-]{subsection.5.21.3}{\376\377\000D\000e\000r\000i\000v\000a\000c\000i\000o\000n\000e\000s}{section.5.21}% 208
\BOOKMARK [2][-]{subsection.5.21.4}{\376\377\000T\000i\000p\000o\000s\000\040\000s\000i\000m\000p\000l\000e\000s\000\040\000y\000\040\000c\000o\000m\000p\000l\000e\000j\000o\000s}{section.5.21}% 209
\BOOKMARK [2][-]{subsection.5.21.5}{\376\377\000E\000j\000e\000r\000c\000i\000c\000i\000o\000:\000e\000d\000a\000d\000\040\000d\000e\000\040\000l\000o\000s\000\040\000t\000r\000a\000b\000a\000j\000a\000d\000o\000r\000e\000s}{section.5.21}% 210
\BOOKMARK [2][-]{subsection.5.21.6}{\376\377\000E\000j\000e\000r\000c\000i\000c\000i\000o\000:\000\040\000p\000e\000s\000o\000\040\000d\000e\000\040\000p\000r\000o\000d\000u\000c\000t\000o\000s}{section.5.21}% 211
\BOOKMARK [2][-]{subsection.5.21.7}{\376\377\000E\000j\000e\000r\000c\000i\000c\000i\000o\000:\000\040\000p\000a\000g\000o\000s\000\040\000v\000a\000l\000i\000d\000a\000d\000o\000s}{section.5.21}% 212
\BOOKMARK [2][-]{subsection.5.21.8}{\376\377\000E\000j\000e\000r\000c\000i\000c\000i\000o\000:\000\040\000v\000a\000l\000i\000d\000a\000c\000i\000\363\000n\000\040\000d\000e\000\040\000D\000N\000I\000s}{section.5.21}% 213
\BOOKMARK [2][-]{subsection.5.21.9}{\376\377\000U\000n\000i\000e\000n\000d\000o\000\040\000l\000a\000\040\000h\000e\000r\000e\000n\000c\000i\000a\000\040\000y\000\040\000e\000l\000\040\000s\000i\000s\000t\000e\000m\000a\000\040\000d\000e\000\040\000t\000i\000p\000o\000s}{section.5.21}% 214
\BOOKMARK [2][-]{subsection.5.21.10}{\376\377\000R\000e\000s\000t\000r\000i\000c\000c\000i\000o\000n\000e\000s}{section.5.21}% 215
\BOOKMARK [2][-]{subsection.5.21.11}{\376\377\000A\000t\000r\000i\000b\000u\000t\000o\000s}{section.5.21}% 216
\BOOKMARK [1][-]{section.5.22}{\376\377\000E\000j\000e\000r\000c\000i\000c\000i\000o\000s\000\040\000d\000e\000\040\000X\000M\000L\000\040\000S\000c\000h\000e\000m\000a\000s}{chapter.5}% 217
\BOOKMARK [2][-]{subsection.5.22.1}{\376\377\000C\000a\000n\000t\000i\000d\000a\000d\000e\000s\000\040\000l\000i\000m\000i\000t\000a\000d\000e\000s}{section.5.22}% 218
\BOOKMARK [2][-]{subsection.5.22.2}{\376\377\000S\000o\000l\000u\000c\000i\000\363\000n\000\040\000a\000\040\000l\000a\000s\000\040\000c\000a\000n\000t\000i\000d\000a\000d\000e\000s\000\040\000l\000i\000m\000i\000t\000a\000d\000a\000s}{section.5.22}% 219
\BOOKMARK [2][-]{subsection.5.22.3}{\376\377\000C\000a\000n\000t\000i\000d\000a\000d\000e\000s\000\040\000l\000i\000m\000i\000t\000a\000d\000a\000s\000\040\000c\000o\000n\000\040\000a\000t\000r\000i\000b\000u\000t\000o\000\040\000d\000i\000v\000i\000s\000a}{section.5.22}% 220
\BOOKMARK [2][-]{subsection.5.22.4}{\376\377\000S\000o\000l\000u\000c\000i\000\363\000n\000\040\000a\000\040\000l\000a\000s\000\040\000c\000a\000n\000t\000i\000d\000a\000d\000e\000s\000\040\000l\000i\000m\000i\000t\000a\000d\000a\000s\000\040\000c\000o\000n\000\040\000a\000t\000r\000i\000b\000u\000t\000o\000\040\000d\000i\000v\000i\000s\000a}{section.5.22}% 221
\BOOKMARK [2][-]{subsection.5.22.5}{\376\377\000C\000a\000n\000t\000i\000d\000a\000d\000e\000s\000\040\000l\000i\000m\000i\000t\000a\000d\000a\000s\000\040\000c\000o\000n\000\040\000a\000t\000r\000i\000b\000u\000t\000o\000\040\000d\000i\000v\000i\000s\000a\000\040\000c\000o\000n\000\040\000s\000o\000l\000o\000\040\000c\000i\000e\000r\000t\000o\000s\000\040\000v\000a\000l\000o\000r\000e\000s}{section.5.22}% 222
\BOOKMARK [2][-]{subsection.5.22.6}{\376\377\000S\000o\000l\000u\000c\000i\000\363\000n\000\040\000a\000l\000\040\000a\000t\000r\000i\000b\000u\000t\000o\000\040\000c\000o\000n\000\040\000s\000o\000l\000o\000\040\000c\000i\000e\000r\000t\000o\000s\000\040\000v\000a\000l\000o\000r\000e\000s}{section.5.22}% 223
\BOOKMARK [2][-]{subsection.5.22.7}{\376\377\000E\000j\000e\000r\000c\000i\000c\000i\000o\000:\000\040\000c\000o\000d\000i\000g\000o\000s\000\040\000y\000\040\000s\000e\000d\000e\000s}{section.5.22}% 224
\BOOKMARK [2][-]{subsection.5.22.8}{\376\377\000S\000o\000l\000u\000c\000i\000\363\000n\000\040\000a\000\040\000l\000o\000s\000\040\000c\000\363\000d\000i\000g\000o\000s\000\040\000y\000\040\000s\000e\000d\000e\000s}{section.5.22}% 225
\BOOKMARK [2][-]{subsection.5.22.9}{\376\377\000E\000j\000e\000r\000c\000i\000c\000i\000o\000:\000\040\000p\000r\000o\000d\000u\000c\000t\000o\000s\000\040\000c\000o\000n\000\040\000a\000t\000r\000i\000b\000u\000t\000o\000s}{section.5.22}% 226
\BOOKMARK [2][-]{subsection.5.22.10}{\376\377\000E\000j\000e\000r\000c\000i\000c\000i\000o\000:\000\040\000c\000l\000i\000e\000n\000t\000e\000s\000\040\000c\000o\000n\000\040\000i\000n\000f\000o\000r\000m\000a\000c\000i\000\363\000n\000\040\000a\000d\000i\000c\000i\000o\000n\000a\000l}{section.5.22}% 227
\BOOKMARK [2][-]{subsection.5.22.11}{\376\377\000L\000i\000s\000t\000a\000\040\000d\000e\000\040\000c\000l\000i\000e\000n\000t\000e\000s\000\040\000c\000o\000m\000o\000\040\000X\000M\000L\000\040\000S\000c\000h\000e\000m\000a\000s}{section.5.22}% 228
\BOOKMARK [2][-]{subsection.5.22.12}{\376\377\000A\000m\000p\000l\000i\000a\000c\000i\000\363\000n\000\040\000d\000e\000l\000\040\000e\000s\000q\000u\000e\000m\000a\000\040\000p\000a\000r\000a\000\040\000c\000l\000i\000e\000n\000t\000e\000s}{section.5.22}% 229
\BOOKMARK [2][-]{subsection.5.22.13}{\376\377\000E\000j\000e\000r\000c\000i\000c\000i\000o\000:\000\040\000l\000i\000s\000t\000a\000\040\000d\000e\000\040\000c\000\363\000d\000i\000g\000o\000s}{section.5.22}% 230
\BOOKMARK [2][-]{subsection.5.22.14}{\376\377\000E\000j\000e\000r\000c\000i\000c\000i\000o\000:\000\040\000o\000t\000r\000a\000\040\000l\000i\000s\000t\000a\000\040\000d\000e\000\040\000c\000l\000i\000e\000n\000t\000e\000s}{section.5.22}% 231
\BOOKMARK [2][-]{subsection.5.22.15}{\376\377\000E\000j\000e\000r\000c\000i\000c\000i\000o\000:\000\040\000l\000i\000s\000t\000a\000\040\000d\000e\000\040\000a\000l\000u\000m\000n\000o\000s}{section.5.22}% 232
\BOOKMARK [2][-]{subsection.5.22.16}{\376\377\000E\000j\000e\000r\000c\000i\000c\000i\000o\000:\000\040\000l\000i\000s\000t\000a\000\040\000d\000e\000\040\000a\000r\000t\000i\000c\000u\000l\000o\000s\000\040\000\050\000c\000o\000n\000\040\000a\000t\000r\000i\000b\000u\000t\000o\000s\000\040\000o\000p\000t\000a\000t\000i\000v\000o\000s\000\051}{section.5.22}% 233
\BOOKMARK [2][-]{subsection.5.22.17}{\376\377\000E\000j\000e\000r\000c\000i\000c\000i\000o\000:\000\040\000l\000i\000s\000t\000a\000\040\000d\000e\000\040\000c\000o\000m\000p\000o\000n\000e\000n\000t\000e\000s\000\040\000\050\000u\000n\000\040\000e\000n\000f\000o\000q\000u\000e\000\040\000d\000i\000s\000t\000i\000n\000t\000o\000\051}{section.5.22}% 234
\BOOKMARK [2][-]{subsection.5.22.18}{\376\377\000E\000j\000e\000r\000c\000i\000c\000i\000o\000:\000\040\000l\000i\000s\000t\000a\000s\000\040\000c\000o\000n\000\040\000c\000h\000o\000i\000c\000e}{section.5.22}% 235
\BOOKMARK [2][-]{subsection.5.22.19}{\376\377\000E\000j\000e\000r\000c\000i\000c\000i\000o\000:\000\040\000l\000i\000s\000t\000a\000s\000\040\000d\000e\000\040\000p\000r\000o\000d\000u\000c\000t\000o\000s}{section.5.22}% 236
\BOOKMARK [2][-]{subsection.5.22.20}{\376\377\000E\000j\000e\000r\000c\000i\000c\000i\000o\000:\000\040\000v\000a\000l\000i\000d\000a\000c\000i\000\363\000n\000\040\000d\000e\000\040\000c\000o\000m\000p\000o\000n\000e\000n\000t\000e\000s}{section.5.22}% 237
\BOOKMARK [2][-]{subsection.5.22.21}{\376\377\000E\000j\000e\000r\000c\000i\000c\000i\000o\000:\000\040\000i\000n\000v\000e\000n\000t\000a\000r\000i\000o}{section.5.22}% 238
\BOOKMARK [1][-]{section.5.23}{\376\377\000E\000j\000e\000r\000c\000i\000c\000i\000o\000\040\000t\000i\000p\000o\000\040\000e\000x\000a\000m\000e\000n}{chapter.5}% 239
\BOOKMARK [1][-]{section.5.24}{\376\377\000E\000j\000e\000r\000c\000i\000c\000i\000o\000\040\000t\000i\000p\000o\000\040\000e\000x\000a\000m\000e\000n\000\040\000\050\000I\000I\000\051}{chapter.5}% 240
\BOOKMARK [1][-]{section.5.25}{\376\377\000E\000j\000e\000r\000c\000i\000c\000i\000o\000\040\000t\000i\000p\000o\000\040\000e\000x\000a\000m\000e\000n\000\040\000\050\000I\000I\000I\000\051}{chapter.5}% 241
\BOOKMARK [0][-]{chapter.6}{\376\377\000R\000e\000c\000u\000p\000e\000r\000a\000c\000i\000\363\000n\000\040\000d\000e\000\040\000i\000n\000f\000o\000r\000m\000a\000c\000i\000\363\000n}{}% 242
\BOOKMARK [1][-]{section.6.1}{\376\377\000I\000n\000t\000r\000o\000d\000u\000c\000c\000i\000\363\000n}{chapter.6}% 243
\BOOKMARK [1][-]{section.6.2}{\376\377\000X\000Q\000u\000e\000r\000y}{chapter.6}% 244
\BOOKMARK [2][-]{subsection.6.2.1}{\376\377\000B\000u\000c\000l\000e\000s\000\040\000f\000o\000r\000\040\000e\000n\000\040\000X\000Q\000u\000e\000r\000y}{section.6.2}% 245
\BOOKMARK [2][-]{subsection.6.2.2}{\376\377\000O\000r\000d\000e\000n\000a\000c\000i\000\363\000n\000\040\000e\000n\000\040\000X\000Q\000u\000e\000r\000y}{section.6.2}% 246
\BOOKMARK [2][-]{subsection.6.2.3}{\376\377\000F\000u\000n\000c\000i\000o\000n\000e\000s\000\040\000e\000n\000\040\000X\000Q\000u\000e\000r\000y}{section.6.2}% 247
\BOOKMARK [2][-]{subsection.6.2.4}{\376\377\000C\000o\000n\000s\000u\000l\000t\000a\000s\000\040\000d\000e\000\040\000e\000j\000e\000m\000p\000l\000o}{section.6.2}% 248
\BOOKMARK [1][-]{section.6.3}{\376\377\000F\000u\000n\000d\000a\000m\000e\000n\000t\000o\000s\000\040\000d\000e\000\040\000D\000O\000M\000\040\000c\000o\000n\000\040\000J\000a\000v\000a}{chapter.6}% 249
\BOOKMARK [1][-]{section.6.4}{\376\377\000E\000j\000e\000m\000p\000l\000o\000\040\000d\000e\000\040\000b\000a\000s\000e}{chapter.6}% 250
\BOOKMARK [1][-]{section.6.5}{\376\377\000L\000a\000\040\000c\000l\000a\000s\000e\000\040\000D\000o\000c\000u\000m\000e\000n\000t}{chapter.6}% 251
\BOOKMARK [1][-]{section.6.6}{\376\377\000E\000j\000e\000r\000c\000i\000c\000i\000o\000s}{chapter.6}% 252
\BOOKMARK [2][-]{subsection.6.6.1}{\376\377\000E\000j\000e\000r\000c\000i\000c\000i\000o}{section.6.6}% 253
\BOOKMARK [2][-]{subsection.6.6.2}{\376\377\000E\000j\000e\000r\000c\000i\000c\000i\000o}{section.6.6}% 254
\BOOKMARK [2][-]{subsection.6.6.3}{\376\377\000E\000j\000e\000r\000c\000i\000c\000i\000o}{section.6.6}% 255
\BOOKMARK [2][-]{subsection.6.6.4}{\376\377\000E\000j\000e\000r\000c\000i\000c\000i\000o\000:\000\040\000e\000x\000t\000r\000a\000c\000c\000i\000\363\000n\000\040\000d\000e\000\040\000i\000n\000f\000o\000r\000m\000a\000c\000i\000\363\000n\000\040\000f\000i\000n\000a\000n\000c\000i\000e\000r\000a}{section.6.6}% 256
\BOOKMARK [2][-]{subsection.6.6.5}{\376\377\000E\000j\000e\000r\000c\000i\000c\000i\000o}{section.6.6}% 257
\BOOKMARK [2][-]{subsection.6.6.6}{\376\377\000E\000j\000e\000r\000c\000i\000c\000i\000o}{section.6.6}% 258
\BOOKMARK [2][-]{subsection.6.6.7}{\376\377\000E\000j\000e\000r\000c\000i\000c\000i\000o}{section.6.6}% 259
\BOOKMARK [2][-]{subsection.6.6.8}{\376\377\000E\000j\000e\000r\000c\000i\000c\000i\000o}{section.6.6}% 260
\BOOKMARK [2][-]{subsection.6.6.9}{\376\377\000E\000j\000e\000r\000c\000i\000c\000i\000o}{section.6.6}% 261
\BOOKMARK [2][-]{subsection.6.6.10}{\376\377\000E\000j\000e\000r\000c\000i\000c\000i\000o}{section.6.6}% 262
\BOOKMARK [2][-]{subsection.6.6.11}{\376\377\000E\000j\000e\000r\000c\000i\000c\000i\000o}{section.6.6}% 263
\BOOKMARK [2][-]{subsection.6.6.12}{\376\377\000E\000j\000e\000r\000c\000i\000c\000i\000o}{section.6.6}% 264
\BOOKMARK [2][-]{subsection.6.6.13}{\376\377\000E\000j\000e\000r\000c\000i\000c\000i\000o}{section.6.6}% 265
\BOOKMARK [1][-]{section.6.7}{\376\377\000A\000n\000e\000x\000o}{chapter.6}% 266
\BOOKMARK [2][-]{subsection.6.7.1}{\376\377\000C\000\363\000d\000i\000g\000o\000\040\000J\000a\000v\000a}{section.6.7}% 267
\BOOKMARK [2][-]{subsection.6.7.2}{\376\377\000A\000r\000c\000h\000i\000v\000o\000\040\000X\000M\000L}{section.6.7}% 268
\BOOKMARK [1][-]{section.6.8}{\376\377\000P\000r\000o\000c\000e\000s\000a\000m\000i\000e\000n\000t\000o\000\040\000c\000o\000n\000\040\000S\000A\000X}{chapter.6}% 269
\BOOKMARK [2][-]{subsection.6.8.1}{\376\377\000E\000j\000e\000r\000c\000i\000c\000i\000o\000:\000\040\000e\000n\000c\000o\000n\000t\000r\000a\000r\000\040\000p\000r\000o\000d\000u\000c\000t\000o}{section.6.8}% 270
\BOOKMARK [2][-]{subsection.6.8.2}{\376\377\000E\000j\000e\000r\000c\000i\000c\000i\000o\000:\000\040\000p\000r\000e\000c\000i\000o\000s}{section.6.8}% 271
\BOOKMARK [1][-]{section.6.9}{\376\377\000E\000j\000e\000r\000c\000i\000c\000i\000o\000s\000\040\000p\000a\000r\000a\000\040\000p\000r\000e\000p\000a\000r\000a\000r\000\040\000e\000x\000a\000m\000e\000n}{chapter.6}% 272
\BOOKMARK [0][-]{chapter.7}{\376\377\000S\000i\000n\000d\000i\000c\000a\000c\000i\000\363\000n\000\040\000y\000\040\000t\000r\000a\000n\000s\000f\000o\000r\000m\000a\000c\000i\000\363\000n\000\040\000d\000e\000\040\000c\000o\000n\000t\000e\000n\000i\000d\000o\000s}{}% 273
\BOOKMARK [1][-]{section.7.1}{\376\377\000I\000n\000t\000r\000o\000d\000u\000c\000c\000i\000\363\000n}{chapter.7}% 274
\BOOKMARK [1][-]{section.7.2}{\376\377\000R\000S\000S}{chapter.7}% 275
\BOOKMARK [2][-]{subsection.7.2.1}{\376\377\000F\000o\000r\000m\000a\000t\000o\000\040\000d\000e\000\040\000a\000r\000c\000h\000i\000v\000o\000\040\000R\000S\000S}{section.7.2}% 276
\BOOKMARK [2][-]{subsection.7.2.2}{\376\377\000E\000j\000e\000r\000c\000i\000c\000i\000o}{section.7.2}% 277
\BOOKMARK [1][-]{section.7.3}{\376\377\000X\000P\000a\000t\000h}{chapter.7}% 278
\BOOKMARK [2][-]{subsection.7.3.1}{\376\377\000A\000c\000c\000e\000s\000o\000\040\000a\000\040\000e\000l\000e\000m\000e\000n\000t\000o\000s}{section.7.3}% 279
\BOOKMARK [1][-]{section.7.4}{\376\377\000A\000d\000a\000p\000t\000a\000c\000i\000\363\000n\000\040\000y\000\040\000t\000r\000a\000n\000s\000f\000o\000r\000m\000a\000c\000i\000\363\000n\000\040\000d\000e\000\040\000X\000M\000L}{chapter.7}% 280
\BOOKMARK [2][-]{subsection.7.4.1}{\376\377\000C\000S\000S\000\040\000c\000o\000n\000\040\000X\000M\000L}{section.7.4}% 281
\BOOKMARK [2][-]{subsection.7.4.2}{\376\377\000T\000r\000a\000n\000s\000f\000o\000r\000m\000a\000c\000i\000\363\000n\000\040\000d\000e\000\040\000X\000M\000L}{section.7.4}% 282
\BOOKMARK [2][-]{subsection.7.4.3}{\376\377\000E\000j\000e\000r\000c\000i\000c\000i\000o\000\040\000\050\000c\000a\000r\000g\000a\000\040\000d\000e\000\040\000e\000s\000t\000i\000l\000o\000s\000\051}{section.7.4}% 283
\BOOKMARK [2][-]{subsection.7.4.4}{\376\377\000E\000j\000e\000r\000c\000i\000c\000i\000o\000\040\000\050\000c\000o\000n\000v\000e\000r\000s\000i\000o\000n\000\040\000e\000n\000t\000r\000e\000\040\000X\000M\000L\000s\000\051}{section.7.4}% 284
\BOOKMARK [2][-]{subsection.7.4.5}{\376\377\000E\000j\000e\000r\000c\000i\000c\000i\000o\000\040\000\050\000g\000e\000n\000e\000r\000a\000c\000i\000\363\000n\000\040\000d\000e\000\040\000a\000t\000r\000i\000b\000u\000t\000o\000s\000\051}{section.7.4}% 285
\BOOKMARK [2][-]{subsection.7.4.6}{\376\377\000E\000j\000e\000r\000c\000i\000c\000i\000o\000\040\000\050\000t\000a\000b\000l\000a\000\040\000H\000T\000M\000L\000\051}{section.7.4}% 286
\BOOKMARK [2][-]{subsection.7.4.7}{\376\377\000E\000j\000e\000r\000c\000i\000c\000i\000o\000\040\000\050\000g\000e\000n\000e\000r\000a\000c\000i\000o\000n\000\051}{section.7.4}% 287
\BOOKMARK [2][-]{subsection.7.4.8}{\376\377\000E\000j\000e\000r\000c\000i\000c\000i\000o}{section.7.4}% 288
\BOOKMARK [2][-]{subsection.7.4.9}{\376\377\000E\000j\000e\000r\000c\000i\000c\000i\000o}{section.7.4}% 289
\BOOKMARK [2][-]{subsection.7.4.10}{\376\377\000E\000j\000e\000r\000c\000i\000c\000i\000o}{section.7.4}% 290
\BOOKMARK [2][-]{subsection.7.4.11}{\376\377\000E\000j\000e\000r\000c\000i\000c\000i\000o}{section.7.4}% 291
\BOOKMARK [2][-]{subsection.7.4.12}{\376\377\000E\000j\000e\000r\000c\000i\000c\000i\000o\000\040\000X\000S\000L\000,\000\040\000p\000a\000s\000o\000\040\000a\000\040\000p\000a\000s\000o}{section.7.4}% 292
\BOOKMARK [2][-]{subsection.7.4.13}{\376\377\000E\000j\000e\000r\000c\000i\000c\000i\000o\000:\000\040\000c\000o\000n\000d\000i\000c\000i\000o\000n\000e\000s\000\040\000c\000o\000m\000p\000l\000e\000j\000a\000s}{section.7.4}% 293
\BOOKMARK [2][-]{subsection.7.4.14}{\376\377\000T\000r\000a\000n\000s\000f\000o\000r\000m\000a\000c\000i\000\363\000n\000\040\000e\000n\000\040\000t\000a\000b\000l\000a}{section.7.4}% 294
\BOOKMARK [2][-]{subsection.7.4.15}{\376\377\000T\000r\000a\000n\000s\000f\000o\000r\000m\000a\000c\000i\000o\000n\000\040\000d\000e\000\040\000p\000e\000d\000i\000d\000o\000s}{section.7.4}% 295
\BOOKMARK [2][-]{subsection.7.4.16}{\376\377\000T\000r\000a\000n\000s\000f\000o\000r\000m\000a\000c\000i\000\363\000n\000\040\000d\000e\000\040\000p\000e\000d\000i\000d\000o\000s\000\040\000\050\000I\000I\000\051}{section.7.4}% 296
\BOOKMARK [2][-]{subsection.7.4.17}{\376\377\000E\000j\000e\000r\000c\000i\000c\000i\000o\000\040\000\050\000n\000o\000\040\000s\000e\000\040\000d\000a\000\040\000l\000a\000\040\000s\000o\000l\000u\000c\000i\000\363\000n\000\051}{section.7.4}% 297
\BOOKMARK [0][-]{chapter.8}{\376\377\000S\000i\000s\000t\000e\000m\000a\000s\000\040\000d\000e\000\040\000g\000e\000s\000t\000i\000\363\000n\000\040\000d\000e\000\040\000i\000n\000f\000o\000r\000m\000a\000c\000i\000\363\000n}{}% 298
\BOOKMARK [1][-]{section.8.1}{\376\377\000I\000n\000t\000r\000o\000d\000u\000c\000c\000i\000\363\000n}{chapter.8}% 299
\BOOKMARK [1][-]{section.8.2}{\376\377\000N\000i\000v\000e\000l\000e\000s\000\040\000e\000n\000\040\000l\000a\000\040\000e\000m\000p\000r\000e\000s\000a}{chapter.8}% 300
\BOOKMARK [2][-]{subsection.8.2.1}{\376\377\000T\000i\000p\000o\000s\000\040\000d\000e\000\040\000S\000G\000I\000\040\000i\000n\000f\000o\000r\000m\000\341\000t\000i\000c\000o\000s}{section.8.2}% 301
\BOOKMARK [1][-]{section.8.3}{\376\377\000A\000l\000m\000a\000c\000e\000n\000a\000m\000i\000e\000n\000t\000o\000\040\000e\000n\000\040\000l\000o\000s\000\040\000S\000G\000I}{chapter.8}% 302
\BOOKMARK [1][-]{section.8.4}{\376\377\000P\000u\000n\000t\000o\000s\000\040\000d\000e\000\040\000v\000i\000s\000t\000a\000\040\000e\000n\000\040\000l\000o\000s\000\040\000S\000G\000I}{chapter.8}% 303
\BOOKMARK [2][-]{subsection.8.4.1}{\376\377\000D\000e\000s\000a\000r\000r\000o\000l\000l\000a\000d\000o\000r}{section.8.4}% 304
\BOOKMARK [2][-]{subsection.8.4.2}{\376\377\000A\000d\000m\000i\000n\000i\000s\000t\000r\000a\000d\000o\000r}{section.8.4}% 305
\BOOKMARK [2][-]{subsection.8.4.3}{\376\377\000U\000s\000u\000a\000r\000i\000o}{section.8.4}% 306
\BOOKMARK [2][-]{subsection.8.4.4}{\376\377\000E\000j\000e\000r\000c\000i\000c\000i\000o}{section.8.4}% 307
\BOOKMARK [0][-]{chapter.9}{\376\377\000A\000n\000e\000x\000o\000:\000\040\000e\000j\000e\000r\000c\000i\000c\000i\000o\000s\000\040\000s\000o\000b\000r\000e\000\040\000t\000a\000b\000l\000a\000s}{}% 308
\BOOKMARK [1][-]{section.9.1}{\376\377\000T\000a\000b\000l\000a\000\040\0001}{chapter.9}% 309
\BOOKMARK [1][-]{section.9.2}{\376\377\000T\000a\000b\000l\000a\000\040\0002}{chapter.9}% 310
\BOOKMARK [1][-]{section.9.3}{\376\377\000T\000a\000b\000l\000a\000\040\0003}{chapter.9}% 311
\BOOKMARK [1][-]{section.9.4}{\376\377\000T\000a\000b\000l\000a\000\040\0004}{chapter.9}% 312
\BOOKMARK [1][-]{section.9.5}{\376\377\000T\000a\000b\000l\000a\000\040\0005}{chapter.9}% 313
\BOOKMARK [1][-]{section.9.6}{\376\377\000T\000a\000b\000l\000a\000\040\0006}{chapter.9}% 314
\BOOKMARK [1][-]{section.9.7}{\376\377\000T\000a\000b\000l\000a\000\040\0007}{chapter.9}% 315
\BOOKMARK [1][-]{section.9.8}{\376\377\000T\000a\000b\000l\000a\000\040\0008}{chapter.9}% 316
\BOOKMARK [1][-]{section.9.9}{\376\377\000T\000a\000b\000l\000a\000\040\0009}{chapter.9}% 317
\BOOKMARK [1][-]{section.9.10}{\376\377\000T\000a\000b\000l\000a\000\040\0001\0000}{chapter.9}% 318
\BOOKMARK [1][-]{section.9.11}{\376\377\000T\000a\000b\000l\000a\000\040\0001\0001}{chapter.9}% 319
\BOOKMARK [1][-]{section.9.12}{\376\377\000T\000a\000b\000l\000a\000\040\0001\0002}{chapter.9}% 320
\BOOKMARK [1][-]{section.9.13}{\376\377\000T\000a\000b\000l\000a\000\040\0001\0003}{chapter.9}% 321
\BOOKMARK [1][-]{section.9.14}{\376\377\000T\000a\000b\000l\000a\000\040\0001\0004}{chapter.9}% 322
\BOOKMARK [1][-]{section.9.15}{\376\377\000T\000a\000b\000l\000a\000\040\0001\0005}{chapter.9}% 323
\BOOKMARK [1][-]{section.9.16}{\376\377\000T\000a\000b\000l\000a\000\040\0001\0006}{chapter.9}% 324
\BOOKMARK [1][-]{section.9.17}{\376\377\000T\000a\000b\000l\000a\000\040\0001\0007}{chapter.9}% 325
\BOOKMARK [1][-]{section.9.18}{\376\377\000T\000a\000b\000l\000a\000\040\0001\0008}{chapter.9}% 326
\BOOKMARK [1][-]{section.9.19}{\376\377\000T\000a\000b\000l\000a\000\040\0001\0009}{chapter.9}% 327
\BOOKMARK [0][-]{chapter.10}{\376\377\000A\000n\000e\000x\000o\000:\000\040\000e\000j\000e\000r\000c\000i\000c\000i\000o\000s\000\040\000s\000o\000b\000r\000e\000\040\000f\000o\000r\000m\000u\000l\000a\000r\000i\000o\000s}{}% 328
\BOOKMARK [1][-]{section.10.1}{\376\377\000F\000o\000r\000m\000u\000l\000a\000r\000i\000o\000\040\0001}{chapter.10}% 329
\BOOKMARK [1][-]{section.10.2}{\376\377\000F\000o\000r\000m\000u\000l\000a\000r\000i\000o\000\040\0002}{chapter.10}% 330
\BOOKMARK [1][-]{section.10.3}{\376\377\000F\000o\000r\000m\000u\000l\000a\000r\000i\000o\000\040\0003}{chapter.10}% 331
\BOOKMARK [1][-]{section.10.4}{\376\377\000F\000o\000r\000m\000u\000l\000a\000r\000i\000o\000\040\0004}{chapter.10}% 332
\BOOKMARK [1][-]{section.10.5}{\376\377\000F\000o\000r\000m\000u\000l\000a\000r\000i\000o\000\040\0005}{chapter.10}% 333
\BOOKMARK [1][-]{section.10.6}{\376\377\000F\000o\000r\000m\000u\000l\000a\000r\000i\000o\000\040\0006}{chapter.10}% 334
\BOOKMARK [1][-]{section.10.7}{\376\377\000F\000o\000r\000m\000u\000l\000a\000r\000i\000o\000\040\0007}{chapter.10}% 335
\BOOKMARK [1][-]{section.10.8}{\376\377\000F\000o\000r\000m\000u\000l\000a\000r\000i\000o\000\040\0008}{chapter.10}% 336
\BOOKMARK [1][-]{section.10.9}{\376\377\000F\000o\000r\000m\000u\000l\000a\000r\000i\000o\000\040\0009}{chapter.10}% 337
\BOOKMARK [1][-]{section.10.10}{\376\377\000F\000o\000r\000m\000u\000l\000a\000r\000i\000o\000\040\0001\0000}{chapter.10}% 338
\BOOKMARK [1][-]{section.10.11}{\376\377\000F\000o\000r\000m\000u\000l\000a\000r\000i\000o\000\040\0001\0001}{chapter.10}% 339
\BOOKMARK [1][-]{section.10.12}{\376\377\000F\000o\000r\000m\000u\000l\000a\000r\000i\000o\000\040\0001\0002}{chapter.10}% 340
\BOOKMARK [1][-]{section.10.13}{\376\377\000F\000o\000r\000m\000u\000l\000a\000r\000i\000o\000\040\0001\0003}{chapter.10}% 341
\BOOKMARK [1][-]{section.10.14}{\376\377\000F\000o\000r\000m\000u\000l\000a\000r\000i\000o\000\040\0001\0004}{chapter.10}% 342
\BOOKMARK [1][-]{section.10.15}{\376\377\000F\000o\000r\000m\000u\000l\000a\000r\000i\000o\000\040\0001\0005}{chapter.10}% 343
\BOOKMARK [1][-]{section.10.16}{\376\377\000F\000o\000r\000m\000u\000l\000a\000r\000i\000o\000\040\0001\0006}{chapter.10}% 344
\BOOKMARK [1][-]{section.10.17}{\376\377\000F\000o\000r\000m\000u\000l\000a\000r\000i\000o\000\040\0001\0007}{chapter.10}% 345
\BOOKMARK [1][-]{section.10.18}{\376\377\000F\000o\000r\000m\000u\000l\000a\000r\000i\000o\000\040\0001\0008}{chapter.10}% 346
\BOOKMARK [1][-]{section.10.19}{\376\377\000F\000o\000r\000m\000u\000l\000a\000r\000i\000o\000\040\0001\0009}{chapter.10}% 347
\BOOKMARK [1][-]{section.10.20}{\376\377\000F\000o\000r\000m\000u\000l\000a\000r\000i\000o\000\040\0002\0000}{chapter.10}% 348
\BOOKMARK [1][-]{section.10.21}{\376\377\000F\000o\000r\000m\000u\000l\000a\000r\000i\000o\000\040\0002\0001}{chapter.10}% 349
\BOOKMARK [1][-]{section.10.22}{\376\377\000F\000o\000r\000m\000u\000l\000a\000r\000i\000o\000\040\0002\0002}{chapter.10}% 350
\BOOKMARK [1][-]{section.10.23}{\376\377\000F\000o\000r\000m\000u\000l\000a\000r\000i\000o\000\040\0002\0003}{chapter.10}% 351
\BOOKMARK [1][-]{section.10.24}{\376\377\000F\000o\000r\000m\000u\000l\000a\000r\000i\000o\000\040\0002\0004}{chapter.10}% 352
\BOOKMARK [1][-]{section.10.25}{\376\377\000F\000o\000r\000m\000u\000l\000a\000r\000i\000o\000\040\0002\0005}{chapter.10}% 353
\BOOKMARK [1][-]{section.10.26}{\376\377\000F\000o\000r\000m\000u\000l\000a\000r\000i\000o\000\040\0002\0006}{chapter.10}% 354
\BOOKMARK [1][-]{section.10.27}{\376\377\000F\000o\000r\000m\000u\000l\000a\000r\000i\000o\000\040\0002\0007}{chapter.10}% 355
\BOOKMARK [1][-]{section.10.28}{\376\377\000F\000o\000r\000m\000u\000l\000a\000r\000i\000o\000\040\0002\0008}{chapter.10}% 356
\BOOKMARK [1][-]{section.10.29}{\376\377\000F\000o\000r\000m\000u\000l\000a\000r\000i\000o\000\040\0002\0009}{chapter.10}% 357
\BOOKMARK [1][-]{section.10.30}{\376\377\000F\000o\000r\000m\000u\000l\000a\000r\000i\000o\000\040\0003\0000}{chapter.10}% 358
\BOOKMARK [1][-]{section.10.31}{\376\377\000F\000o\000r\000m\000u\000l\000a\000r\000i\000o\000\040\0003\0001}{chapter.10}% 359
\BOOKMARK [1][-]{section.10.32}{\376\377\000F\000o\000r\000m\000u\000l\000a\000r\000i\000o\000\040\0003\0002}{chapter.10}% 360
\BOOKMARK [1][-]{section.10.33}{\376\377\000F\000o\000r\000m\000u\000l\000a\000r\000i\000o\000\040\0003\0003}{chapter.10}% 361
\BOOKMARK [1][-]{section.10.34}{\376\377\000F\000o\000r\000m\000u\000l\000a\000r\000i\000o\000\040\0003\0004}{chapter.10}% 362
\BOOKMARK [1][-]{section.10.35}{\376\377\000F\000o\000r\000m\000u\000l\000a\000r\000i\000o\000\040\0003\0005}{chapter.10}% 363
\BOOKMARK [1][-]{section.10.36}{\376\377\000F\000o\000r\000m\000u\000l\000a\000r\000i\000o\000\040\0003\0006}{chapter.10}% 364
\BOOKMARK [1][-]{section.10.37}{\376\377\000F\000o\000r\000m\000u\000l\000a\000r\000i\000o\000\040\0003\0007}{chapter.10}% 365
\BOOKMARK [1][-]{section.10.38}{\376\377\000F\000o\000r\000m\000u\000l\000a\000r\000i\000o\000\040\0003\0008}{chapter.10}% 366
\BOOKMARK [1][-]{section.10.39}{\376\377\000F\000o\000r\000m\000u\000l\000a\000r\000i\000o\000\040\0003\0009}{chapter.10}% 367
\BOOKMARK [1][-]{section.10.40}{\376\377\000F\000o\000r\000m\000u\000l\000a\000r\000i\000o\000\040\0004\0000}{chapter.10}% 368
\BOOKMARK [0][-]{chapter.11}{\376\377\000A\000n\000e\000x\000o\000:\000\040\000e\000j\000e\000r\000c\000i\000c\000i\000o\000s\000\040\000s\000o\000b\000r\000e\000\040\000\253\000g\000r\000i\000d\000s\000\273}{}% 369
\BOOKMARK [1][-]{section.11.1}{\376\377\000E\000j\000e\000r\000c\000i\000c\000i\000o\000\040\0000\0001}{chapter.11}% 370
\BOOKMARK [2][-]{subsection.11.1.1}{\376\377\000S\000o\000l\000u\000c\000i\000\363\000n\000\040\000a\000l\000\040\000g\000r\000i\000d\000\040\000\050\000E\000j\000e\000r\000c\000i\000c\000i\000o\000\040\0000\0001\000\051}{section.11.1}% 371
\BOOKMARK [1][-]{section.11.2}{\376\377\000E\000j\000e\000r\000c\000i\000c\000i\000o\000\040\0000\0002}{chapter.11}% 372
\BOOKMARK [2][-]{subsection.11.2.1}{\376\377\000S\000o\000l\000u\000c\000i\000\363\000n\000\040\000a\000l\000\040\000g\000r\000i\000d\000\040\000\050\000E\000j\000e\000r\000c\000i\000c\000i\000o\000\040\0000\0002\000\051}{section.11.2}% 373
\BOOKMARK [1][-]{section.11.3}{\376\377\000E\000j\000e\000r\000c\000i\000c\000i\000o\000\040\0000\0003}{chapter.11}% 374
\BOOKMARK [2][-]{subsection.11.3.1}{\376\377\000S\000o\000l\000u\000c\000i\000\363\000n\000\040\000a\000l\000\040\000g\000r\000i\000d\000\040\000\050\000E\000j\000e\000r\000c\000i\000c\000i\000o\000\040\0000\0003\000\051}{section.11.3}% 375
\BOOKMARK [1][-]{section.11.4}{\376\377\000E\000j\000e\000r\000c\000i\000c\000i\000o\000\040\0000\0004}{chapter.11}% 376
\BOOKMARK [2][-]{subsection.11.4.1}{\376\377\000S\000o\000l\000u\000c\000i\000\363\000n\000\040\000a\000l\000\040\000g\000r\000i\000d\000\040\000\050\000E\000j\000e\000r\000c\000i\000c\000i\000o\000\040\0000\0004\000\051}{section.11.4}% 377
\BOOKMARK [1][-]{section.11.5}{\376\377\000E\000j\000e\000r\000c\000i\000c\000i\000o\000\040\0000\0005}{chapter.11}% 378
\BOOKMARK [2][-]{subsection.11.5.1}{\376\377\000S\000o\000l\000u\000c\000i\000\363\000n\000\040\000a\000l\000\040\000g\000r\000i\000d\000\040\000\050\000E\000j\000e\000r\000c\000i\000c\000i\000o\000\040\0000\0005\000\051}{section.11.5}% 379
\BOOKMARK [1][-]{section.11.6}{\376\377\000E\000j\000e\000r\000c\000i\000c\000i\000o\000\040\0000\0006}{chapter.11}% 380
\BOOKMARK [2][-]{subsection.11.6.1}{\376\377\000S\000o\000l\000u\000c\000i\000\363\000n\000\040\000a\000l\000\040\000g\000r\000i\000d\000\040\000\050\000E\000j\000e\000r\000c\000i\000c\000i\000o\000\040\0000\0006\000\051}{section.11.6}% 381
\BOOKMARK [1][-]{section.11.7}{\376\377\000E\000j\000e\000r\000c\000i\000c\000i\000o\000\040\0000\0007}{chapter.11}% 382
\BOOKMARK [2][-]{subsection.11.7.1}{\376\377\000S\000o\000l\000u\000c\000i\000\363\000n\000\040\000a\000l\000\040\000g\000r\000i\000d\000\040\000\050\000E\000j\000e\000r\000c\000i\000c\000i\000o\000\040\0000\0007\000\051}{section.11.7}% 383
\BOOKMARK [1][-]{section.11.8}{\376\377\000E\000j\000e\000r\000c\000i\000c\000i\000o\000\040\0000\0008}{chapter.11}% 384
\BOOKMARK [2][-]{subsection.11.8.1}{\376\377\000S\000o\000l\000u\000c\000i\000\363\000n\000\040\000a\000l\000\040\000g\000r\000i\000d\000\040\000\050\000E\000j\000e\000r\000c\000i\000c\000i\000o\000\040\0000\0008\000\051}{section.11.8}% 385
\BOOKMARK [1][-]{section.11.9}{\376\377\000E\000j\000e\000r\000c\000i\000c\000i\000o\000\040\0000\0009}{chapter.11}% 386
\BOOKMARK [2][-]{subsection.11.9.1}{\376\377\000S\000o\000l\000u\000c\000i\000\363\000n\000\040\000a\000l\000\040\000g\000r\000i\000d\000\040\000\050\000E\000j\000e\000r\000c\000i\000c\000i\000o\000\040\0000\0009\000\051}{section.11.9}% 387
\BOOKMARK [1][-]{section.11.10}{\376\377\000E\000j\000e\000r\000c\000i\000c\000i\000o\000\040\0001\0000}{chapter.11}% 388
\BOOKMARK [2][-]{subsection.11.10.1}{\376\377\000S\000o\000l\000u\000c\000i\000\363\000n\000\040\000a\000l\000\040\000g\000r\000i\000d\000\040\000\050\000E\000j\000e\000r\000c\000i\000c\000i\000o\000\040\0001\0000\000\051}{section.11.10}% 389
\BOOKMARK [1][-]{section.11.11}{\376\377\000E\000j\000e\000r\000c\000i\000c\000i\000o\000\040\0001\0001}{chapter.11}% 390
\BOOKMARK [2][-]{subsection.11.11.1}{\376\377\000S\000o\000l\000u\000c\000i\000\363\000n\000\040\000a\000l\000\040\000g\000r\000i\000d\000\040\000\050\000E\000j\000e\000r\000c\000i\000c\000i\000o\000\040\0001\0001\000\051}{section.11.11}% 391
\BOOKMARK [1][-]{section.11.12}{\376\377\000E\000j\000e\000r\000c\000i\000c\000i\000o\000\040\0001\0002}{chapter.11}% 392
\BOOKMARK [2][-]{subsection.11.12.1}{\376\377\000S\000o\000l\000u\000c\000i\000\363\000n\000\040\000a\000l\000\040\000g\000r\000i\000d\000\040\000\050\000E\000j\000e\000r\000c\000i\000c\000i\000o\000\040\0001\0002\000\051}{section.11.12}% 393
\BOOKMARK [1][-]{section.11.13}{\376\377\000E\000j\000e\000r\000c\000i\000c\000i\000o\000\040\0001\0003}{chapter.11}% 394
\BOOKMARK [2][-]{subsection.11.13.1}{\376\377\000S\000o\000l\000u\000c\000i\000\363\000n\000\040\000a\000l\000\040\000g\000r\000i\000d\000\040\000\050\000E\000j\000e\000r\000c\000i\000c\000i\000o\000\040\0001\0003\000\051}{section.11.13}% 395
\BOOKMARK [1][-]{section.11.14}{\376\377\000E\000j\000e\000r\000c\000i\000c\000i\000o\000\040\0001\0004}{chapter.11}% 396
\BOOKMARK [2][-]{subsection.11.14.1}{\376\377\000S\000o\000l\000u\000c\000i\000\363\000n\000\040\000a\000l\000\040\000g\000r\000i\000d\000\040\000\050\000E\000j\000e\000r\000c\000i\000c\000i\000o\000\040\0001\0004\000\051}{section.11.14}% 397
\BOOKMARK [1][-]{section.11.15}{\376\377\000E\000j\000e\000r\000c\000i\000c\000i\000o\000\040\0001\0005}{chapter.11}% 398
\BOOKMARK [2][-]{subsection.11.15.1}{\376\377\000S\000o\000l\000u\000c\000i\000\363\000n\000\040\000a\000l\000\040\000g\000r\000i\000d\000\040\000\050\000E\000j\000e\000r\000c\000i\000c\000i\000o\000\040\0001\0005\000\051}{section.11.15}% 399
\BOOKMARK [1][-]{section.11.16}{\376\377\000E\000j\000e\000r\000c\000i\000c\000i\000o\000\040\0001\0006}{chapter.11}% 400
\BOOKMARK [2][-]{subsection.11.16.1}{\376\377\000S\000o\000l\000u\000c\000i\000\363\000n\000\040\000a\000l\000\040\000g\000r\000i\000d\000\040\000\050\000E\000j\000e\000r\000c\000i\000c\000i\000o\000\040\0001\0006\000\051}{section.11.16}% 401
\BOOKMARK [1][-]{section.11.17}{\376\377\000E\000j\000e\000r\000c\000i\000c\000i\000o\000\040\0001\0007}{chapter.11}% 402
\BOOKMARK [2][-]{subsection.11.17.1}{\376\377\000S\000o\000l\000u\000c\000i\000\363\000n\000\040\000a\000l\000\040\000g\000r\000i\000d\000\040\000\050\000E\000j\000e\000r\000c\000i\000c\000i\000o\000\040\0001\0007\000\051}{section.11.17}% 403
\BOOKMARK [1][-]{section.11.18}{\376\377\000E\000j\000e\000r\000c\000i\000c\000i\000o\000\040\0001\0008}{chapter.11}% 404
\BOOKMARK [2][-]{subsection.11.18.1}{\376\377\000S\000o\000l\000u\000c\000i\000\363\000n\000\040\000a\000l\000\040\000g\000r\000i\000d\000\040\000\050\000E\000j\000e\000r\000c\000i\000c\000i\000o\000\040\0001\0008\000\051}{section.11.18}% 405
\BOOKMARK [1][-]{section.11.19}{\376\377\000E\000j\000e\000r\000c\000i\000c\000i\000o\000\040\0001\0009}{chapter.11}% 406
\BOOKMARK [2][-]{subsection.11.19.1}{\376\377\000S\000o\000l\000u\000c\000i\000\363\000n\000\040\000a\000l\000\040\000g\000r\000i\000d\000\040\000\050\000E\000j\000e\000r\000c\000i\000c\000i\000o\000\040\0001\0009\000\051}{section.11.19}% 407
\BOOKMARK [0][-]{chapter.12}{\376\377\000A\000n\000e\000x\000o\000:\000\040\000e\000j\000e\000r\000c\000i\000c\000i\000o\000s\000\040\000s\000o\000b\000r\000e\000\040\000X\000S\000L\000T}{}% 408
\BOOKMARK [1][-]{section.12.1}{\376\377\000F\000i\000c\000h\000e\000r\000o\000\040\000o\000r\000i\000g\000e\000n}{chapter.12}% 409
\BOOKMARK [1][-]{section.12.2}{\376\377\000G\000e\000n\000e\000r\000a\000c\000i\000\363\000n\000\040\000d\000e\000\040\000l\000i\000s\000t\000a\000\040\000c\000o\000n\000\040\000p\000u\000n\000t\000o\000s}{chapter.12}% 410
\BOOKMARK [1][-]{section.12.3}{\376\377\000F\000i\000l\000t\000r\000a\000d\000o}{chapter.12}% 411
\BOOKMARK [1][-]{section.12.4}{\376\377\000R\000e\000c\000u\000p\000e\000r\000a\000c\000i\000\363\000n\000\040\000d\000e\000\040\000e\000l\000e\000m\000e\000n\000t\000o\000s\000\040\000p\000e\000s\000a\000d\000o\000s}{chapter.12}% 412
\BOOKMARK [1][-]{section.12.5}{\376\377\000P\000r\000o\000d\000u\000c\000t\000o\000s\000\040\000d\000e\000l\000\040\000e\000d\000i\000f\000i\000c\000i\000o\000\040\000B}{chapter.12}% 413
\BOOKMARK [1][-]{section.12.6}{\376\377\000T\000a\000b\000l\000a\000\040\000d\000e\000\040\000l\000o\000c\000a\000l\000i\000z\000a\000c\000i\000o\000n\000e\000s}{chapter.12}% 414
\BOOKMARK [1][-]{section.12.7}{\376\377\000T\000a\000b\000l\000a\000s\000\040\000c\000o\000n\000\040\000e\000d\000i\000f\000i\000c\000i\000o\000s\000\040\000s\000e\000p\000a\000r\000a\000d\000o\000s}{chapter.12}% 415
\BOOKMARK [1][-]{section.12.8}{\376\377\000P\000r\000o\000d\000u\000c\000t\000o\000s\000\040\000d\000e\000l\000\040\000a\000u\000l\000a\000\040\0006}{chapter.12}% 416
\BOOKMARK [1][-]{section.12.9}{\376\377\000P\000r\000o\000d\000u\000c\000t\000o\000s\000\040\000d\000e\000l\000\040\000e\000d\000i\000f\000i\000c\000i\000o\000\040\000B}{chapter.12}% 417
\BOOKMARK [1][-]{section.12.10}{\376\377\000C\000o\000n\000d\000i\000c\000i\000o\000n\000e\000s\000\040\000m\000\372\000l\000t\000i\000p\000l\000e\000s\000:\000\040\000p\000e\000s\000o\000\040\000l\000i\000g\000e\000r\000o\000\040\000y\000\040\000e\000d\000i\000f\000i\000c\000i\000o\000\040\000A}{chapter.12}% 418
\BOOKMARK [1][-]{section.12.11}{\376\377\000E\000j\000e\000r\000c\000i\000c\000i\000o\000\040\000d\000e\000\040\000e\000x\000a\000m\000e\000n\000\040\000X\000S\000L\000T}{chapter.12}% 419
\BOOKMARK [1][-]{section.12.12}{\376\377\000T\000r\000a\000n\000s\000f\000o\000r\000m\000a\000c\000i\000\363\000n\000\040\000d\000e\000\040\000u\000n\000\040\000X\000M\000L\000\040\000b\000a\000n\000c\000a\000r\000i\000o}{chapter.12}% 420
\BOOKMARK [2][-]{subsection.12.12.1}{\376\377\000A\000n\000\341\000l\000i\000s\000i\000s\000\040\000d\000e\000l\000\040\000p\000r\000o\000b\000l\000e\000m\000a}{section.12.12}% 421
\BOOKMARK [2][-]{subsection.12.12.2}{\376\377\000S\000o\000l\000u\000c\000i\000\363\000n\000\040\000p\000a\000s\000o\000\040\000a\000\040\000p\000a\000s\000o}{section.12.12}% 422
\BOOKMARK [0][-]{chapter.13}{\376\377\000A\000n\000e\000x\000o\000:\000\040\000E\000j\000e\000r\000c\000i\000c\000i\000o\000s\000\040\000d\000e\000\040\000X\000P\000a\000t\000h}{}% 423
\BOOKMARK [1][-]{section.13.1}{\376\377\000S\000o\000l\000u\000c\000i\000o\000n\000e\000s}{chapter.13}% 424
\BOOKMARK [1][-]{section.13.2}{\376\377\000I\000n\000f\000o\000r\000m\000a\000c\000i\000\363\000n\000\040\000b\000a\000n\000c\000a\000r\000i\000a}{chapter.13}% 425
\BOOKMARK [1][-]{section.13.3}{\376\377\000C\000o\000n\000s\000u\000l\000t\000a\000:\000\040\000\253\000c\000a\000n\000t\000i\000d\000a\000d\000\040\000d\000e\000p\000o\000s\000i\000t\000a\000d\000a\000\273}{chapter.13}% 426
\BOOKMARK [1][-]{section.13.4}{\376\377\000C\000o\000n\000s\000u\000l\000t\000a\000:\000\040\000\253\000m\000o\000n\000e\000d\000a\000s\000\040\000u\000s\000a\000d\000a\000s\000\273}{chapter.13}% 427
\BOOKMARK [1][-]{section.13.5}{\376\377\000C\000o\000n\000s\000u\000l\000t\000a\000:\000\040\000\253\000d\000n\000i\000s\000\040\000c\000o\000n\000\040\000d\000\363\000l\000a\000r\000e\000s\000\273}{chapter.13}% 428
\BOOKMARK [1][-]{section.13.6}{\376\377\000C\000o\000n\000s\000u\000l\000t\000a\000:\000\040\000\253\000f\000o\000n\000d\000o\000s\000\040\000c\000o\000n\000\040\000m\000e\000n\000o\000s\000\040\000d\000e\000\040\0002\0005\0000\0000\000\040\000e\000u\000r\000o\000s\000\273}{chapter.13}% 429
\BOOKMARK [0][-]{chapter.14}{\376\377\000A\000n\000e\000x\000o\000:\000\040\000E\000j\000e\000r\000c\000i\000c\000i\000o\000s\000\040\000d\000e\000\040\000X\000Q\000u\000e\000r\000y}{}% 430
\BOOKMARK [1][-]{section.14.1}{\376\377\000C\000o\000n\000s\000u\000l\000t\000a\000:\000\040\000c\000i\000u\000d\000a\000d\000\040\000d\000e\000\040\000l\000o\000s\000\040\000p\000r\000o\000v\000e\000e\000d\000o\000r\000e\000s}{chapter.14}% 431
\BOOKMARK [1][-]{section.14.2}{\376\377\000C\000o\000n\000s\000u\000l\000t\000a\000:\000\040\000f\000i\000l\000a\000s\000\040\000d\000e\000\040\000l\000a\000\040\000t\000a\000b\000l\000a\000\040\000p\000a\000r\000t\000e\000s}{chapter.14}% 432
\BOOKMARK [1][-]{section.14.3}{\376\377\000C\000o\000n\000s\000u\000l\000t\000a\000\040\000c\000o\000n\000\040\000j\000o\000i\000n\040\031\000s}{chapter.14}% 433
\BOOKMARK [1][-]{section.14.4}{\376\377\000P\000a\000s\000o\000\040\0000\000:\000\040\000a\000n\000\341\000l\000i\000s\000i\000s}{chapter.14}% 434
\BOOKMARK [1][-]{section.14.5}{\376\377\000P\000a\000s\000o\000\040\0001\000:\000\040\000h\000a\000c\000e\000m\000o\000s\000\040\000e\000l\000\040\000c\000r\000u\000c\000e}{chapter.14}% 435
\BOOKMARK [1][-]{section.14.6}{\376\377\000P\000a\000s\000o\000\040\0002\000:\000\040\000a\000\361\000a\000d\000i\000r\000\040\000c\000o\000n\000d\000i\000c\000i\000o\000n\000e\000s}{chapter.14}% 436
\BOOKMARK [1][-]{section.14.7}{\376\377\000C\000o\000n\000s\000u\000l\000t\000a\000:\000\040\000c\000i\000u\000d\000a\000d\000e\000s\000\040\000i\000g\000u\000a\000l\000e\000s}{chapter.14}% 437
\BOOKMARK [1][-]{section.14.8}{\376\377\000C\000o\000n\000s\000u\000l\000t\000a\000:\000\040\000p\000a\000r\000t\000e\000s\000\040\000c\000o\000n\000\040\000c\000o\000l\000o\000r\000e\000s\000\040\000i\000g\000u\000a\000l\000e\000s}{chapter.14}% 438
\BOOKMARK [1][-]{section.14.9}{\376\377\000C\000o\000n\000s\000u\000l\000t\000a\000:\000\040\000c\000a\000n\000t\000i\000d\000a\000d\000\040\000d\000e\000\040\000p\000a\000r\000t\000e\000s\000\040\000d\000e\000\040\000L\000o\000n\000d\000r\000e\000s}{chapter.14}% 439
\BOOKMARK [1][-]{section.14.10}{\376\377\000C\000o\000n\000s\000u\000l\000t\000a\000:\000\040\000m\000e\000d\000i\000a\000\040\000d\000e\000\040\000p\000a\000r\000t\000e\000s\000\040\000r\000o\000j\000a\000s}{chapter.14}% 440
\BOOKMARK [2][-]{subsection.14.10.1}{\376\377\000P\000a\000s\000o\000\040\0001\000:\000\040\000c\000r\000u\000c\000e\000\040\000d\000e\000\040\000t\000a\000b\000l\000a\000s}{section.14.10}% 441
\BOOKMARK [2][-]{subsection.14.10.2}{\376\377\000P\000a\000s\000o\000\040\0002\000:\000\040\000a\000\361\000a\000d\000i\000r\000\040\000c\000o\000n\000d\000i\000c\000i\000o\000n\000\040\000d\000e\000\040\000f\000i\000l\000t\000r\000a\000d\000o}{section.14.10}% 442
\BOOKMARK [2][-]{subsection.14.10.3}{\376\377\000P\000a\000s\000o\000\040\0003\000:\000\040\000c\000a\000l\000c\000u\000l\000a\000r\000\040\000l\000a\000\040\000m\000e\000d\000i\000a}{section.14.10}% 443
\BOOKMARK [2][-]{subsection.14.10.4}{\376\377\000C\000o\000m\000p\000r\000o\000b\000a\000c\000i\000\363\000n}{section.14.10}% 444
\BOOKMARK [1][-]{section.14.11}{\376\377\000C\000o\000n\000s\000u\000l\000t\000a\000:\000\040\000m\000e\000d\000i\000a\000\040\000i\000n\000d\000i\000v\000i\000d\000u\000a\000l\000\040\000d\000e\000\040\000p\000a\000r\000t\000e\000s\000\040\000r\000o\000j\000a\000s}{chapter.14}% 445
\BOOKMARK [1][-]{section.14.12}{\376\377\000C\000o\000n\000s\000u\000l\000t\000a\000:\000\040\000m\000e\000d\000i\000a\000\040\000d\000e\000\040\000s\000u\000m\000i\000n\000i\000s\000t\000r\000o\000s}{chapter.14}% 446
\BOOKMARK [1][-]{section.14.13}{\376\377\000C\000o\000n\000s\000u\000l\000t\000a\000:\000\040\000m\000e\000d\000i\000a\000\040\000p\000o\000r\000\040\000p\000r\000o\000v\000e\000e\000d\000o\000r}{chapter.14}% 447
\BOOKMARK [1][-]{section.14.14}{\376\377\000C\000o\000n\000s\000u\000l\000t\000a\000:\000\040\000s\000u\000m\000i\000n\000i\000s\000t\000r\000o\000s\000\040\000e\000n\000\040\000g\000r\000a\000n\000d\000e\000s\000\040\000c\000a\000n\000t\000i\000d\000a\000d\000e\000s}{chapter.14}% 448
