This is pdfTeX, Version 3.1415926-2.4-1.40.13 (MiKTeX 2.9) (preloaded format=pdflatex 2016.9.21)  3 MAY 2017 14:12
entering extended mode
**ApuntesDeLenguajesDeMarcas.tex
(C:\xampp\htdocs\lenguajes_marcas\_build\latex\ApuntesDeLenguajesDeMarcas.tex
LaTeX2e <2011/06/27>
Babel <v3.8m> and hyphenation patterns for english, afrikaans, ancientgreek, ar
abic, armenian, assamese, basque, bengali, bokmal, bulgarian, catalan, coptic, 
croatian, czech, danish, dutch, esperanto, estonian, farsi, finnish, french, ga
lician, german, german-x-2012-05-30, greek, gujarati, hindi, hungarian, iceland
ic, indonesian, interlingua, irish, italian, kannada, kurmanji, latin, latvian,
 lithuanian, malayalam, marathi, mongolian, mongolianlmc, monogreek, ngerman, n
german-x-2012-05-30, nynorsk, oriya, panjabi, pinyin, polish, portuguese, roman
ian, russian, sanskrit, serbian, slovak, slovenian, spanish, swedish, swissgerm
an, tamil, telugu, turkish, turkmen, ukenglish, ukrainian, uppersorbian, usengl
ishmax, welsh, loaded.
(C:\xampp\htdocs\lenguajes_marcas\_build\latex\sphinxmanual.cls
Document Class: sphinxmanual 2009/06/02 Document class (Sphinx manual)
(C:\Users\ogomez\Documents\miktex\tex\latex\base\report.cls
Document Class: report 2007/10/19 v1.4h Standard LaTeX document class
(C:\Users\ogomez\Documents\miktex\tex\latex\base\size10.clo
File: size10.clo 2007/10/19 v1.4h Standard LaTeX file (size option)
)
\c@part=\count79
\c@chapter=\count80
\c@section=\count81
\c@subsection=\count82
\c@subsubsection=\count83
\c@paragraph=\count84
\c@subparagraph=\count85
\c@figure=\count86
\c@table=\count87
\abovecaptionskip=\skip41
\belowcaptionskip=\skip42
\bibindent=\dimen102
))
(C:\xampp\htdocs\lenguajes_marcas\_build\latex\iftex.sty
Package: iftex 2013/04/04 v0.2 Provides if(tex) conditional for PDFTeX, XeTeX, 
and LuaTeX
)
(C:\Users\ogomez\Documents\miktex\tex\latex\base\inputenc.sty
Package: inputenc 2008/03/30 v1.1d Input encoding file
\inpenc@prehook=\toks14
\inpenc@posthook=\toks15

(C:\Users\ogomez\Documents\miktex\tex\latex\base\utf8.def
File: utf8.def 2008/04/05 v1.1m UTF-8 support for inputenc
Now handling font encoding OML ...
... no UTF-8 mapping file for font encoding OML
Now handling font encoding T1 ...
... processing UTF-8 mapping file for font encoding T1

(C:\Users\ogomez\Documents\miktex\tex\latex\base\t1enc.dfu
File: t1enc.dfu 2008/04/05 v1.1m UTF-8 support for inputenc
   defining Unicode char U+00A1 (decimal 161)
   defining Unicode char U+00A3 (decimal 163)
   defining Unicode char U+00AB (decimal 171)
   defining Unicode char U+00BB (decimal 187)
   defining Unicode char U+00BF (decimal 191)
   defining Unicode char U+00C0 (decimal 192)
   defining Unicode char U+00C1 (decimal 193)
   defining Unicode char U+00C2 (decimal 194)
   defining Unicode char U+00C3 (decimal 195)
   defining Unicode char U+00C4 (decimal 196)
   defining Unicode char U+00C5 (decimal 197)
   defining Unicode char U+00C6 (decimal 198)
   defining Unicode char U+00C7 (decimal 199)
   defining Unicode char U+00C8 (decimal 200)
   defining Unicode char U+00C9 (decimal 201)
   defining Unicode char U+00CA (decimal 202)
   defining Unicode char U+00CB (decimal 203)
   defining Unicode char U+00CC (decimal 204)
   defining Unicode char U+00CD (decimal 205)
   defining Unicode char U+00CE (decimal 206)
   defining Unicode char U+00CF (decimal 207)
   defining Unicode char U+00D0 (decimal 208)
   defining Unicode char U+00D1 (decimal 209)
   defining Unicode char U+00D2 (decimal 210)
   defining Unicode char U+00D3 (decimal 211)
   defining Unicode char U+00D4 (decimal 212)
   defining Unicode char U+00D5 (decimal 213)
   defining Unicode char U+00D6 (decimal 214)
   defining Unicode char U+00D8 (decimal 216)
   defining Unicode char U+00D9 (decimal 217)
   defining Unicode char U+00DA (decimal 218)
   defining Unicode char U+00DB (decimal 219)
   defining Unicode char U+00DC (decimal 220)
   defining Unicode char U+00DD (decimal 221)
   defining Unicode char U+00DE (decimal 222)
   defining Unicode char U+00DF (decimal 223)
   defining Unicode char U+00E0 (decimal 224)
   defining Unicode char U+00E1 (decimal 225)
   defining Unicode char U+00E2 (decimal 226)
   defining Unicode char U+00E3 (decimal 227)
   defining Unicode char U+00E4 (decimal 228)
   defining Unicode char U+00E5 (decimal 229)
   defining Unicode char U+00E6 (decimal 230)
   defining Unicode char U+00E7 (decimal 231)
   defining Unicode char U+00E8 (decimal 232)
   defining Unicode char U+00E9 (decimal 233)
   defining Unicode char U+00EA (decimal 234)
   defining Unicode char U+00EB (decimal 235)
   defining Unicode char U+00EC (decimal 236)
   defining Unicode char U+00ED (decimal 237)
   defining Unicode char U+00EE (decimal 238)
   defining Unicode char U+00EF (decimal 239)
   defining Unicode char U+00F0 (decimal 240)
   defining Unicode char U+00F1 (decimal 241)
   defining Unicode char U+00F2 (decimal 242)
   defining Unicode char U+00F3 (decimal 243)
   defining Unicode char U+00F4 (decimal 244)
   defining Unicode char U+00F5 (decimal 245)
   defining Unicode char U+00F6 (decimal 246)
   defining Unicode char U+00F8 (decimal 248)
   defining Unicode char U+00F9 (decimal 249)
   defining Unicode char U+00FA (decimal 250)
   defining Unicode char U+00FB (decimal 251)
   defining Unicode char U+00FC (decimal 252)
   defining Unicode char U+00FD (decimal 253)
   defining Unicode char U+00FE (decimal 254)
   defining Unicode char U+00FF (decimal 255)
   defining Unicode char U+0102 (decimal 258)
   defining Unicode char U+0103 (decimal 259)
   defining Unicode char U+0104 (decimal 260)
   defining Unicode char U+0105 (decimal 261)
   defining Unicode char U+0106 (decimal 262)
   defining Unicode char U+0107 (decimal 263)
   defining Unicode char U+010C (decimal 268)
   defining Unicode char U+010D (decimal 269)
   defining Unicode char U+010E (decimal 270)
   defining Unicode char U+010F (decimal 271)
   defining Unicode char U+0110 (decimal 272)
   defining Unicode char U+0111 (decimal 273)
   defining Unicode char U+0118 (decimal 280)
   defining Unicode char U+0119 (decimal 281)
   defining Unicode char U+011A (decimal 282)
   defining Unicode char U+011B (decimal 283)
   defining Unicode char U+011E (decimal 286)
   defining Unicode char U+011F (decimal 287)
   defining Unicode char U+0130 (decimal 304)
   defining Unicode char U+0131 (decimal 305)
   defining Unicode char U+0132 (decimal 306)
   defining Unicode char U+0133 (decimal 307)
   defining Unicode char U+0139 (decimal 313)
   defining Unicode char U+013A (decimal 314)
   defining Unicode char U+013D (decimal 317)
   defining Unicode char U+013E (decimal 318)
   defining Unicode char U+0141 (decimal 321)
   defining Unicode char U+0142 (decimal 322)
   defining Unicode char U+0143 (decimal 323)
   defining Unicode char U+0144 (decimal 324)
   defining Unicode char U+0147 (decimal 327)
   defining Unicode char U+0148 (decimal 328)
   defining Unicode char U+014A (decimal 330)
   defining Unicode char U+014B (decimal 331)
   defining Unicode char U+0150 (decimal 336)
   defining Unicode char U+0151 (decimal 337)
   defining Unicode char U+0152 (decimal 338)
   defining Unicode char U+0153 (decimal 339)
   defining Unicode char U+0154 (decimal 340)
   defining Unicode char U+0155 (decimal 341)
   defining Unicode char U+0158 (decimal 344)
   defining Unicode char U+0159 (decimal 345)
   defining Unicode char U+015A (decimal 346)
   defining Unicode char U+015B (decimal 347)
   defining Unicode char U+015E (decimal 350)
   defining Unicode char U+015F (decimal 351)
   defining Unicode char U+0160 (decimal 352)
   defining Unicode char U+0161 (decimal 353)
   defining Unicode char U+0162 (decimal 354)
   defining Unicode char U+0163 (decimal 355)
   defining Unicode char U+0164 (decimal 356)
   defining Unicode char U+0165 (decimal 357)
   defining Unicode char U+016E (decimal 366)
   defining Unicode char U+016F (decimal 367)
   defining Unicode char U+0170 (decimal 368)
   defining Unicode char U+0171 (decimal 369)
   defining Unicode char U+0178 (decimal 376)
   defining Unicode char U+0179 (decimal 377)
   defining Unicode char U+017A (decimal 378)
   defining Unicode char U+017B (decimal 379)
   defining Unicode char U+017C (decimal 380)
   defining Unicode char U+017D (decimal 381)
   defining Unicode char U+017E (decimal 382)
   defining Unicode char U+200C (decimal 8204)
   defining Unicode char U+2013 (decimal 8211)
   defining Unicode char U+2014 (decimal 8212)
   defining Unicode char U+2018 (decimal 8216)
   defining Unicode char U+2019 (decimal 8217)
   defining Unicode char U+201A (decimal 8218)
   defining Unicode char U+201C (decimal 8220)
   defining Unicode char U+201D (decimal 8221)
   defining Unicode char U+201E (decimal 8222)
   defining Unicode char U+2030 (decimal 8240)
   defining Unicode char U+2031 (decimal 8241)
   defining Unicode char U+2039 (decimal 8249)
   defining Unicode char U+203A (decimal 8250)
   defining Unicode char U+2423 (decimal 9251)
)
Now handling font encoding OT1 ...
... processing UTF-8 mapping file for font encoding OT1

(C:\Users\ogomez\Documents\miktex\tex\latex\base\ot1enc.dfu
File: ot1enc.dfu 2008/04/05 v1.1m UTF-8 support for inputenc
   defining Unicode char U+00A1 (decimal 161)
   defining Unicode char U+00A3 (decimal 163)
   defining Unicode char U+00B8 (decimal 184)
   defining Unicode char U+00BF (decimal 191)
   defining Unicode char U+00C5 (decimal 197)
   defining Unicode char U+00C6 (decimal 198)
   defining Unicode char U+00D8 (decimal 216)
   defining Unicode char U+00DF (decimal 223)
   defining Unicode char U+00E6 (decimal 230)
   defining Unicode char U+00EC (decimal 236)
   defining Unicode char U+00ED (decimal 237)
   defining Unicode char U+00EE (decimal 238)
   defining Unicode char U+00EF (decimal 239)
   defining Unicode char U+00F8 (decimal 248)
   defining Unicode char U+0131 (decimal 305)
   defining Unicode char U+0141 (decimal 321)
   defining Unicode char U+0142 (decimal 322)
   defining Unicode char U+0152 (decimal 338)
   defining Unicode char U+0153 (decimal 339)
   defining Unicode char U+2013 (decimal 8211)
   defining Unicode char U+2014 (decimal 8212)
   defining Unicode char U+2018 (decimal 8216)
   defining Unicode char U+2019 (decimal 8217)
   defining Unicode char U+201C (decimal 8220)
   defining Unicode char U+201D (decimal 8221)
)
Now handling font encoding OMS ...
... processing UTF-8 mapping file for font encoding OMS

(C:\Users\ogomez\Documents\miktex\tex\latex\base\omsenc.dfu
File: omsenc.dfu 2008/04/05 v1.1m UTF-8 support for inputenc
   defining Unicode char U+00A7 (decimal 167)
   defining Unicode char U+00B6 (decimal 182)
   defining Unicode char U+00B7 (decimal 183)
   defining Unicode char U+2020 (decimal 8224)
   defining Unicode char U+2021 (decimal 8225)
   defining Unicode char U+2022 (decimal 8226)
)
Now handling font encoding OMX ...
... no UTF-8 mapping file for font encoding OMX
Now handling font encoding U ...
... no UTF-8 mapping file for font encoding U
   defining Unicode char U+00A9 (decimal 169)
   defining Unicode char U+00AA (decimal 170)
   defining Unicode char U+00AE (decimal 174)
   defining Unicode char U+00BA (decimal 186)
   defining Unicode char U+02C6 (decimal 710)
   defining Unicode char U+02DC (decimal 732)
   defining Unicode char U+200C (decimal 8204)
   defining Unicode char U+2026 (decimal 8230)
   defining Unicode char U+2122 (decimal 8482)
   defining Unicode char U+2423 (decimal 9251)
))
   defining Unicode char U+00A0 (decimal 160)

(C:\Users\ogomez\Documents\miktex\tex\latex\cmap\cmap.sty
Package: cmap 2008/03/06 v1.0h CMap support: searchable PDF
)
(C:\Users\ogomez\Documents\miktex\tex\latex\base\fontenc.sty
Package: fontenc 2005/09/27 v1.99g Standard LaTeX package

(C:\Users\ogomez\Documents\miktex\tex\latex\base\t1enc.def
File: t1enc.def 2005/09/27 v1.99g Standard LaTeX file
LaTeX Font Info:    Redeclaring font encoding T1 on input line 43.
)<<t1.cmap>>)
(C:\Users\ogomez\Documents\miktex\tex\latex\ams\math\amsmath.sty
Package: amsmath 2000/07/18 v2.13 AMS math features
\@mathmargin=\skip43

For additional information on amsmath, use the `?' option.
(C:\Users\ogomez\Documents\miktex\tex\latex\ams\math\amstext.sty
Package: amstext 2000/06/29 v2.01

(C:\Users\ogomez\Documents\miktex\tex\latex\ams\math\amsgen.sty
File: amsgen.sty 1999/11/30 v2.0
\@emptytoks=\toks16
\ex@=\dimen103
))
(C:\Users\ogomez\Documents\miktex\tex\latex\ams\math\amsbsy.sty
Package: amsbsy 1999/11/29 v1.2d
\pmbraise@=\dimen104
)
(C:\Users\ogomez\Documents\miktex\tex\latex\ams\math\amsopn.sty
Package: amsopn 1999/12/14 v2.01 operator names
)
\inf@bad=\count88
LaTeX Info: Redefining \frac on input line 211.
\uproot@=\count89
\leftroot@=\count90
LaTeX Info: Redefining \overline on input line 307.
\classnum@=\count91
\DOTSCASE@=\count92
LaTeX Info: Redefining \ldots on input line 379.
LaTeX Info: Redefining \dots on input line 382.
LaTeX Info: Redefining \cdots on input line 467.
\Mathstrutbox@=\box26
\strutbox@=\box27
\big@size=\dimen105
LaTeX Font Info:    Redeclaring font encoding OML on input line 567.
LaTeX Font Info:    Redeclaring font encoding OMS on input line 568.
\macc@depth=\count93
\c@MaxMatrixCols=\count94
\dotsspace@=\muskip10
\c@parentequation=\count95
\dspbrk@lvl=\count96
\tag@help=\toks17
\row@=\count97
\column@=\count98
\maxfields@=\count99
\andhelp@=\toks18
\eqnshift@=\dimen106
\alignsep@=\dimen107
\tagshift@=\dimen108
\tagwidth@=\dimen109
\totwidth@=\dimen110
\lineht@=\dimen111
\@envbody=\toks19
\multlinegap=\skip44
\multlinetaggap=\skip45
\mathdisplay@stack=\toks20
LaTeX Info: Redefining \[ on input line 2666.
LaTeX Info: Redefining \] on input line 2667.
)
(C:\Users\ogomez\Documents\miktex\tex\latex\amsfonts\amssymb.sty
Package: amssymb 2009/06/22 v3.00

(C:\Users\ogomez\Documents\miktex\tex\latex\amsfonts\amsfonts.sty
Package: amsfonts 2009/06/22 v3.00 Basic AMSFonts support
\symAMSa=\mathgroup4
\symAMSb=\mathgroup5
LaTeX Font Info:    Overwriting math alphabet `\mathfrak' in version `bold'
(Font)                  U/euf/m/n --> U/euf/b/n on input line 96.
))
(C:\Users\ogomez\Documents\miktex\tex\generic\babel\babel.sty
Package: babel 2008/07/08 v3.8m The Babel package

*************************************
* Local config file bblopts.cfg used
*
(C:\Users\ogomez\Documents\miktex\tex\latex\00miktex\bblopts.cfg
File: bblopts.cfg 2006/07/31 v1.0 MiKTeX 'babel' configuration
)
(C:\Users\ogomez\Documents\miktex\tex\generic\babel\spanish.ldf
Language: spanish.ldf 2009/01/02 v5.0h Spanish support from the babel system

(C:\Users\ogomez\Documents\miktex\tex\generic\babel\babel.def
File: babel.def 2008/07/08 v3.8m Babel common definitions
\babel@savecnt=\count100
\U@D=\dimen112
)
\es@datefmt=\count101
\es@quottoks=\toks21
\es@quotdepth=\count102
Package babel Info: Making " an active character on input line 492.
Package babel Info: Making . an active character on input line 585.
Package babel Info: Making < an active character on input line 630.
Package babel Info: Making > an active character on input line 630.
))
(C:\Users\ogomez\Documents\miktex\tex\latex\psnfss\times.sty
Package: times 2005/04/12 PSNFSS-v9.2a (SPQR) 
)
(C:\xampp\htdocs\lenguajes_marcas\_build\latex\fncychap.sty
Package: fncychap 2007/07/30 v1.34 LaTeX package (Revised chapters)
\RW=\skip46
\mylen=\skip47
\myhi=\skip48
\px=\skip49
\py=\skip50
\pyy=\skip51
\pxx=\skip52
)
(C:\Users\ogomez\Documents\miktex\tex\latex\tools\longtable.sty
Package: longtable 2004/02/01 v4.11 Multi-page Table package (DPC)
\LTleft=\skip53
\LTright=\skip54
\LTpre=\skip55
\LTpost=\skip56
\LTchunksize=\count103
\LTcapwidth=\dimen113
\LT@head=\box28
\LT@firsthead=\box29
\LT@foot=\box30
\LT@lastfoot=\box31
\LT@cols=\count104
\LT@rows=\count105
\c@LT@tables=\count106
\c@LT@chunks=\count107
\LT@p@ftn=\toks22
)
(C:\xampp\htdocs\lenguajes_marcas\_build\latex\sphinx.sty
Package: sphinx 2010/01/15 LaTeX package (Sphinx markup)

(C:\Users\ogomez\Documents\miktex\tex\latex\fancyhdr\fancyhdr.sty
Package: fancyhdr 2016/09/06 3.8 Extensive control of page headers and footers
\fancy@headwidth=\skip57
\f@ncyO@elh=\skip58
\f@ncyO@erh=\skip59
\f@ncyO@olh=\skip60
\f@ncyO@orh=\skip61
\f@ncyO@elf=\skip62
\f@ncyO@erf=\skip63
\f@ncyO@olf=\skip64
\f@ncyO@orf=\skip65
)
(C:\Users\ogomez\Documents\miktex\tex\latex\base\textcomp.sty
Package: textcomp 2005/09/27 v1.99g Standard LaTeX package
Package textcomp Info: Sub-encoding information:
(textcomp)               5 = only ISO-Adobe without \textcurrency
(textcomp)               4 = 5 + \texteuro
(textcomp)               3 = 4 + \textohm
(textcomp)               2 = 3 + \textestimated + \textcurrency
(textcomp)               1 = TS1 - \textcircled - \t
(textcomp)               0 = TS1 (full)
(textcomp)             Font families with sub-encoding setting implement
(textcomp)             only a restricted character set as indicated.
(textcomp)             Family '?' is the default used for unknown fonts.
(textcomp)             See the documentation for details.
Package textcomp Info: Setting ? sub-encoding to TS1/1 on input line 71.

(C:\Users\ogomez\Documents\miktex\tex\latex\base\ts1enc.def
File: ts1enc.def 2001/06/05 v3.0e (jk/car/fm) Standard LaTeX file
Now handling font encoding TS1 ...
... processing UTF-8 mapping file for font encoding TS1

(C:\Users\ogomez\Documents\miktex\tex\latex\base\ts1enc.dfu
File: ts1enc.dfu 2008/04/05 v1.1m UTF-8 support for inputenc
   defining Unicode char U+00A2 (decimal 162)
   defining Unicode char U+00A3 (decimal 163)
   defining Unicode char U+00A4 (decimal 164)
   defining Unicode char U+00A5 (decimal 165)
   defining Unicode char U+00A6 (decimal 166)
   defining Unicode char U+00A7 (decimal 167)
   defining Unicode char U+00A8 (decimal 168)
   defining Unicode char U+00A9 (decimal 169)
   defining Unicode char U+00AA (decimal 170)
   defining Unicode char U+00AC (decimal 172)
   defining Unicode char U+00AE (decimal 174)
   defining Unicode char U+00AF (decimal 175)
   defining Unicode char U+00B0 (decimal 176)
   defining Unicode char U+00B1 (decimal 177)
   defining Unicode char U+00B2 (decimal 178)
   defining Unicode char U+00B3 (decimal 179)
   defining Unicode char U+00B4 (decimal 180)
   defining Unicode char U+00B5 (decimal 181)
   defining Unicode char U+00B6 (decimal 182)
   defining Unicode char U+00B7 (decimal 183)
   defining Unicode char U+00B9 (decimal 185)
   defining Unicode char U+00BA (decimal 186)
   defining Unicode char U+00BC (decimal 188)
   defining Unicode char U+00BD (decimal 189)
   defining Unicode char U+00BE (decimal 190)
   defining Unicode char U+00D7 (decimal 215)
   defining Unicode char U+00F7 (decimal 247)
   defining Unicode char U+0192 (decimal 402)
   defining Unicode char U+02C7 (decimal 711)
   defining Unicode char U+02D8 (decimal 728)
   defining Unicode char U+02DD (decimal 733)
   defining Unicode char U+0E3F (decimal 3647)
   defining Unicode char U+2016 (decimal 8214)
   defining Unicode char U+2020 (decimal 8224)
   defining Unicode char U+2021 (decimal 8225)
   defining Unicode char U+2022 (decimal 8226)
   defining Unicode char U+2030 (decimal 8240)
   defining Unicode char U+2031 (decimal 8241)
   defining Unicode char U+203B (decimal 8251)
   defining Unicode char U+203D (decimal 8253)
   defining Unicode char U+2044 (decimal 8260)
   defining Unicode char U+204E (decimal 8270)
   defining Unicode char U+2052 (decimal 8274)
   defining Unicode char U+20A1 (decimal 8353)
   defining Unicode char U+20A4 (decimal 8356)
   defining Unicode char U+20A6 (decimal 8358)
   defining Unicode char U+20A9 (decimal 8361)
   defining Unicode char U+20AB (decimal 8363)
   defining Unicode char U+20AC (decimal 8364)
   defining Unicode char U+20B1 (decimal 8369)
   defining Unicode char U+2103 (decimal 8451)
   defining Unicode char U+2116 (decimal 8470)
   defining Unicode char U+2117 (decimal 8471)
   defining Unicode char U+211E (decimal 8478)
   defining Unicode char U+2120 (decimal 8480)
   defining Unicode char U+2122 (decimal 8482)
   defining Unicode char U+2126 (decimal 8486)
   defining Unicode char U+2127 (decimal 8487)
   defining Unicode char U+212E (decimal 8494)
   defining Unicode char U+2190 (decimal 8592)
   defining Unicode char U+2191 (decimal 8593)
   defining Unicode char U+2192 (decimal 8594)
   defining Unicode char U+2193 (decimal 8595)
   defining Unicode char U+2329 (decimal 9001)
   defining Unicode char U+232A (decimal 9002)
   defining Unicode char U+2422 (decimal 9250)
   defining Unicode char U+25E6 (decimal 9702)
   defining Unicode char U+25EF (decimal 9711)
   defining Unicode char U+266A (decimal 9834)
))
LaTeX Info: Redefining \oldstylenums on input line 266.
Package textcomp Info: Setting cmr sub-encoding to TS1/0 on input line 281.
Package textcomp Info: Setting cmss sub-encoding to TS1/0 on input line 282.
Package textcomp Info: Setting cmtt sub-encoding to TS1/0 on input line 283.
Package textcomp Info: Setting cmvtt sub-encoding to TS1/0 on input line 284.
Package textcomp Info: Setting cmbr sub-encoding to TS1/0 on input line 285.
Package textcomp Info: Setting cmtl sub-encoding to TS1/0 on input line 286.
Package textcomp Info: Setting ccr sub-encoding to TS1/0 on input line 287.
Package textcomp Info: Setting ptm sub-encoding to TS1/4 on input line 288.
Package textcomp Info: Setting pcr sub-encoding to TS1/4 on input line 289.
Package textcomp Info: Setting phv sub-encoding to TS1/4 on input line 290.
Package textcomp Info: Setting ppl sub-encoding to TS1/3 on input line 291.
Package textcomp Info: Setting pag sub-encoding to TS1/4 on input line 292.
Package textcomp Info: Setting pbk sub-encoding to TS1/4 on input line 293.
Package textcomp Info: Setting pnc sub-encoding to TS1/4 on input line 294.
Package textcomp Info: Setting pzc sub-encoding to TS1/4 on input line 295.
Package textcomp Info: Setting bch sub-encoding to TS1/4 on input line 296.
Package textcomp Info: Setting put sub-encoding to TS1/5 on input line 297.
Package textcomp Info: Setting uag sub-encoding to TS1/5 on input line 298.
Package textcomp Info: Setting ugq sub-encoding to TS1/5 on input line 299.
Package textcomp Info: Setting ul8 sub-encoding to TS1/4 on input line 300.
Package textcomp Info: Setting ul9 sub-encoding to TS1/4 on input line 301.
Package textcomp Info: Setting augie sub-encoding to TS1/5 on input line 302.
Package textcomp Info: Setting dayrom sub-encoding to TS1/3 on input line 303.
Package textcomp Info: Setting dayroms sub-encoding to TS1/3 on input line 304.

Package textcomp Info: Setting pxr sub-encoding to TS1/0 on input line 305.
Package textcomp Info: Setting pxss sub-encoding to TS1/0 on input line 306.
Package textcomp Info: Setting pxtt sub-encoding to TS1/0 on input line 307.
Package textcomp Info: Setting txr sub-encoding to TS1/0 on input line 308.
Package textcomp Info: Setting txss sub-encoding to TS1/0 on input line 309.
Package textcomp Info: Setting txtt sub-encoding to TS1/0 on input line 310.
Package textcomp Info: Setting lmr sub-encoding to TS1/0 on input line 311.
Package textcomp Info: Setting lmdh sub-encoding to TS1/0 on input line 312.
Package textcomp Info: Setting lmss sub-encoding to TS1/0 on input line 313.
Package textcomp Info: Setting lmssq sub-encoding to TS1/0 on input line 314.
Package textcomp Info: Setting lmvtt sub-encoding to TS1/0 on input line 315.
Package textcomp Info: Setting qhv sub-encoding to TS1/0 on input line 316.
Package textcomp Info: Setting qag sub-encoding to TS1/0 on input line 317.
Package textcomp Info: Setting qbk sub-encoding to TS1/0 on input line 318.
Package textcomp Info: Setting qcr sub-encoding to TS1/0 on input line 319.
Package textcomp Info: Setting qcs sub-encoding to TS1/0 on input line 320.
Package textcomp Info: Setting qpl sub-encoding to TS1/0 on input line 321.
Package textcomp Info: Setting qtm sub-encoding to TS1/0 on input line 322.
Package textcomp Info: Setting qzc sub-encoding to TS1/0 on input line 323.
Package textcomp Info: Setting qhvc sub-encoding to TS1/0 on input line 324.
Package textcomp Info: Setting futs sub-encoding to TS1/4 on input line 325.
Package textcomp Info: Setting futx sub-encoding to TS1/4 on input line 326.
Package textcomp Info: Setting futj sub-encoding to TS1/4 on input line 327.
Package textcomp Info: Setting hlh sub-encoding to TS1/3 on input line 328.
Package textcomp Info: Setting hls sub-encoding to TS1/3 on input line 329.
Package textcomp Info: Setting hlst sub-encoding to TS1/3 on input line 330.
Package textcomp Info: Setting hlct sub-encoding to TS1/5 on input line 331.
Package textcomp Info: Setting hlx sub-encoding to TS1/5 on input line 332.
Package textcomp Info: Setting hlce sub-encoding to TS1/5 on input line 333.
Package textcomp Info: Setting hlcn sub-encoding to TS1/5 on input line 334.
Package textcomp Info: Setting hlcw sub-encoding to TS1/5 on input line 335.
Package textcomp Info: Setting hlcf sub-encoding to TS1/5 on input line 336.
Package textcomp Info: Setting pplx sub-encoding to TS1/3 on input line 337.
Package textcomp Info: Setting pplj sub-encoding to TS1/3 on input line 338.
Package textcomp Info: Setting ptmx sub-encoding to TS1/4 on input line 339.
Package textcomp Info: Setting ptmj sub-encoding to TS1/4 on input line 340.
)
(C:\Users\ogomez\Documents\miktex\tex\latex\fancybox\fancybox.sty
Package: fancybox 2010/05/15 1.4

Style option: `fancybox' v1.4 <2010/05/15> (tvz)
\@fancybox=\box32
\shadowsize=\dimen114
\@Sbox=\box33
\do@VerbBox=\toks23
\the@fancyput=\toks24
\this@fancyput=\toks25
\EndVerbatimTokens=\toks26
\Verbatim@Outfile=\write3
\Verbatim@Infile=\read1
) (C:\Users\ogomez\Documents\miktex\tex\latex\titlesec\titlesec.sty
Package: titlesec 2016/03/21 v2.10.2 Sectioning titles
\ttl@box=\box34
\beforetitleunit=\skip66
\aftertitleunit=\skip67
\ttl@plus=\dimen115
\ttl@minus=\dimen116
\ttl@toksa=\toks27
\titlewidth=\dimen117
\titlewidthlast=\dimen118
\titlewidthfirst=\dimen119
)
(C:\xampp\htdocs\lenguajes_marcas\_build\latex\tabulary.sty
Package: tabulary 2008/12/01 v0.9 tabulary package (DPC)

(C:\Users\ogomez\Documents\miktex\tex\latex\tools\array.sty
Package: array 2008/09/09 v2.4c Tabular extension package (FMi)
\col@sep=\dimen120
\extrarowheight=\dimen121
\NC@list=\toks28
\extratabsurround=\skip68
\backup@length=\skip69
)
\TY@count=\count108
\TY@linewidth=\dimen122
\tymin=\dimen123
\tymax=\dimen124
\TY@tablewidth=\dimen125
)
(C:\Users\ogomez\Documents\miktex\tex\latex\base\makeidx.sty
Package: makeidx 2000/03/29 v1.0m Standard LaTeX package
)
(C:\Users\ogomez\Documents\miktex\tex\latex\framed\framed.sty
Package: framed 2011/10/22 v 0.96: framed or shaded text with page breaks
\OuterFrameSep=\skip70
\fb@frw=\dimen126
\fb@frh=\dimen127
\FrameRule=\dimen128
\FrameSep=\dimen129
)
(C:\Users\ogomez\Documents\miktex\tex\latex\base\ifthen.sty
Package: ifthen 2001/05/26 v1.1c Standard LaTeX ifthen package (DPC)
)
(C:\Users\ogomez\Documents\miktex\tex\latex\xcolor\xcolor.sty
Package: xcolor 2016/05/11 v2.12 LaTeX color extensions (UK)

(C:\Users\ogomez\Documents\miktex\tex\latex\00miktex\color.cfg
File: color.cfg 2007/01/18 v1.5 color configuration of teTeX/TeXLive
)
Package xcolor Info: Driver file: pdftex.def on input line 225.

(C:\Users\ogomez\Documents\miktex\tex\latex\pdftex-def\pdftex.def
File: pdftex.def 2011/05/27 v0.06d Graphics/color for pdfTeX

(C:\Users\ogomez\Documents\miktex\tex\generic\oberdiek\infwarerr.sty
Package: infwarerr 2010/04/08 v1.3 Providing info/warning/error messages (HO)
)
(C:\Users\ogomez\Documents\miktex\tex\generic\oberdiek\ltxcmds.sty
Package: ltxcmds 2011/11/09 v1.22 LaTeX kernel commands for general use (HO)
)
\Gread@gobject=\count109
)
Package xcolor Info: Model `cmy' substituted by `cmy0' on input line 1348.
Package xcolor Info: Model `hsb' substituted by `rgb' on input line 1352.
Package xcolor Info: Model `RGB' extended on input line 1364.
Package xcolor Info: Model `HTML' substituted by `rgb' on input line 1366.
Package xcolor Info: Model `Hsb' substituted by `hsb' on input line 1367.
Package xcolor Info: Model `tHsb' substituted by `hsb' on input line 1368.
Package xcolor Info: Model `HSB' substituted by `hsb' on input line 1369.
Package xcolor Info: Model `Gray' substituted by `gray' on input line 1370.
Package xcolor Info: Model `wave' substituted by `hsb' on input line 1371.
)
(C:\Users\ogomez\Documents\miktex\tex\latex\fancyvrb\fancyvrb.sty
Package: fancyvrb 2008/02/07

Style option: `fancyvrb' v2.7a, with DG/SPQR fixes, and firstline=lastline fix 
<2008/02/07> (tvz)
(C:\Users\ogomez\Documents\miktex\tex\latex\graphics\keyval.sty
Package: keyval 1999/03/16 v1.13 key=value parser (DPC)
\KV@toks@=\toks29
)
\FV@CodeLineNo=\count110
\FV@InFile=\read2
\FV@TabBox=\box35
\c@FancyVerbLine=\count111
\FV@StepNumber=\count112
\FV@OutFile=\write4
)
(C:\Users\ogomez\Documents\miktex\tex\latex\threeparttable\threeparttable.sty
Package: threeparttable 2003/06/13  v 3.0
\@tempboxb=\box36
)
(C:\Users\ogomez\Documents\miktex\tex\latex\mdwtools\footnote.sty
Package: footnote 1997/01/28 1.13 Save footnotes around boxes
\fn@notes=\box37
\fn@width=\dimen130
)
(C:\Users\ogomez\Documents\miktex\tex\latex\wrapfig\wrapfig.sty
\wrapoverhang=\dimen131
\WF@size=\dimen132
\c@WF@wrappedlines=\count113
\WF@box=\box38
\WF@everypar=\toks30
Package: wrapfig 2003/01/31  v 3.6
)
(C:\Users\ogomez\Documents\miktex\tex\latex\ltxmisc\parskip.sty
Package: parskip 2001/04/09 non-zero parskip adjustments
)
(C:\Users\ogomez\Documents\miktex\tex\latex\base\alltt.sty
Package: alltt 1997/06/16 v2.0g defines alltt environment
)
(C:\Users\ogomez\Documents\miktex\tex\latex\upquote\upquote.sty
Package: upquote 2012/04/19 v1.3 upright-quote and grave-accent glyphs in verba
tim
)
(C:\Users\ogomez\Documents\miktex\tex\latex\float\float.sty
Package: float 2001/11/08 v1.3d Float enhancements (AL)
\c@float@type=\count114
\float@exts=\toks31
\float@box=\box39
\@float@everytoks=\toks32
\@floatcapt=\box40
)
(C:\Users\ogomez\Documents\miktex\tex\latex\graphics\graphicx.sty
Package: graphicx 1999/02/16 v1.0f Enhanced LaTeX Graphics (DPC,SPQR)

(C:\Users\ogomez\Documents\miktex\tex\latex\graphics\graphics.sty
Package: graphics 2009/02/05 v1.0o Standard LaTeX Graphics (DPC,SPQR)

(C:\Users\ogomez\Documents\miktex\tex\latex\graphics\trig.sty
Package: trig 1999/03/16 v1.09 sin cos tan (DPC)
)
(C:\Users\ogomez\Documents\miktex\tex\latex\00miktex\graphics.cfg
File: graphics.cfg 2007/01/18 v1.5 graphics configuration of teTeX/TeXLive
)
Package graphics Info: Driver file: pdftex.def on input line 91.
)
\Gin@req@height=\dimen133
\Gin@req@width=\dimen134
)
(C:\Users\ogomez\Documents\miktex\tex\plain\misc\pdfcolor.tex)
\sphinxcontinuationbox=\box41
\sphinxvisiblespacebox=\box42
\sphinxshadowsep=\skip71
\sphinxshadowsize=\skip72
\sphinxshadowrule=\skip73
\py@argswidth=\skip74
\lineblockindentation=\skip75
\spx@image@box=\box43

(C:\Users\ogomez\Documents\miktex\tex\latex\hyperref\hyperref.sty
Package: hyperref 2012/11/06 v6.83m Hypertext links for LaTeX

(C:\Users\ogomez\Documents\miktex\tex\generic\oberdiek\hobsub-hyperref.sty
Package: hobsub-hyperref 2012/04/25 v1.12 Bundle oberdiek, subset hyperref (HO)


(C:\Users\ogomez\Documents\miktex\tex\generic\oberdiek\hobsub-generic.sty
Package: hobsub-generic 2012/04/25 v1.12 Bundle oberdiek, subset generic (HO)
Package: hobsub 2012/04/25 v1.12 Construct package bundles (HO)
Package hobsub Info: Skipping package `infwarerr' (already loaded).
Package hobsub Info: Skipping package `ltxcmds' (already loaded).
Package: ifluatex 2010/03/01 v1.3 Provides the ifluatex switch (HO)
Package ifluatex Info: LuaTeX not detected.
Package: ifvtex 2010/03/01 v1.5 Detect VTeX and its facilities (HO)
Package ifvtex Info: VTeX not detected.
Package: intcalc 2007/09/27 v1.1 Expandable calculations with integers (HO)
Package: ifpdf 2011/01/30 v2.3 Provides the ifpdf switch (HO)
Package ifpdf Info: pdfTeX in PDF mode is detected.
Package: etexcmds 2011/02/16 v1.5 Avoid name clashes with e-TeX commands (HO)
Package etexcmds Info: Could not find \expanded.
(etexcmds)             That can mean that you are not using pdfTeX 1.50 or
(etexcmds)             that some package has redefined \expanded.
(etexcmds)             In the latter case, load this package earlier.
Package: kvsetkeys 2012/04/25 v1.16 Key value parser (HO)
Package: kvdefinekeys 2011/04/07 v1.3 Define keys (HO)
Package: pdftexcmds 2011/11/29 v0.20 Utility functions of pdfTeX for LuaTeX (HO
)
Package pdftexcmds Info: LuaTeX not detected.
Package pdftexcmds Info: \pdf@primitive is available.
Package pdftexcmds Info: \pdf@ifprimitive is available.
Package pdftexcmds Info: \pdfdraftmode found.
Package: pdfescape 2011/11/25 v1.13 Implements pdfTeX's escape features (HO)
Package: bigintcalc 2012/04/08 v1.3 Expandable calculations on big integers (HO
)
Package: bitset 2011/01/30 v1.1 Handle bit-vector datatype (HO)
Package: uniquecounter 2011/01/30 v1.2 Provide unlimited unique counter (HO)
)
Package hobsub Info: Skipping package `hobsub' (already loaded).
Package: letltxmacro 2010/09/02 v1.4 Let assignment for LaTeX macros (HO)
Package: hopatch 2011/06/24 v1.1 Wrapper for package hooks (HO)
Package: xcolor-patch 2011/01/30 xcolor patch
Package: atveryend 2011/06/30 v1.8 Hooks at the very end of document (HO)
Package atveryend Info: \enddocument detected (standard20110627).
Package: atbegshi 2011/10/05 v1.16 At begin shipout hook (HO)
Package: refcount 2011/10/16 v3.4 Data extraction from label references (HO)
Package: hycolor 2011/01/30 v1.7 Color options for hyperref/bookmark (HO)
)
(C:\Users\ogomez\Documents\miktex\tex\generic\ifxetex\ifxetex.sty
Package: ifxetex 2010/09/12 v0.6 Provides ifxetex conditional
)
(C:\Users\ogomez\Documents\miktex\tex\latex\oberdiek\auxhook.sty
Package: auxhook 2011/03/04 v1.3 Hooks for auxiliary files (HO)
)
(C:\Users\ogomez\Documents\miktex\tex\latex\oberdiek\kvoptions.sty
Package: kvoptions 2011/06/30 v3.11 Key value format for package options (HO)
)
\@linkdim=\dimen135
\Hy@linkcounter=\count115
\Hy@pagecounter=\count116

(C:\Users\ogomez\Documents\miktex\tex\latex\hyperref\pd1enc.def
File: pd1enc.def 2012/11/06 v6.83m Hyperref: PDFDocEncoding definition (HO)
Now handling font encoding PD1 ...
... no UTF-8 mapping file for font encoding PD1
)
\Hy@SavedSpaceFactor=\count117

(C:\Users\ogomez\Documents\miktex\tex\latex\00miktex\hyperref.cfg
File: hyperref.cfg 2002/06/06 v1.2 hyperref configuration of TeXLive
)
Package hyperref Info: Option `unicode' set `true' on input line 4319.

(C:\Users\ogomez\Documents\miktex\tex\latex\hyperref\puenc.def
File: puenc.def 2012/11/06 v6.83m Hyperref: PDF Unicode definition (HO)
Now handling font encoding PU ...
... no UTF-8 mapping file for font encoding PU
)
Package hyperref Info: Option `colorlinks' set `true' on input line 4319.
Package hyperref Info: Option `breaklinks' set `true' on input line 4319.
Package hyperref Info: Hyper figures OFF on input line 4443.
Package hyperref Info: Link nesting OFF on input line 4448.
Package hyperref Info: Hyper index ON on input line 4451.
Package hyperref Info: Plain pages OFF on input line 4458.
Package hyperref Info: Backreferencing OFF on input line 4463.
Package hyperref Info: Implicit mode ON; LaTeX internals redefined.
Package hyperref Info: Bookmarks ON on input line 4688.
\c@Hy@tempcnt=\count118

(C:\Users\ogomez\Documents\miktex\tex\latex\ltxmisc\url.sty
\Urlmuskip=\muskip11
Package: url 2006/04/12  ver 3.3  Verb mode for urls, etc.
)
LaTeX Info: Redefining \url on input line 5041.
\XeTeXLinkMargin=\dimen136
\Fld@menulength=\count119
\Field@Width=\dimen137
\Fld@charsize=\dimen138
Package hyperref Info: Hyper figures OFF on input line 6295.
Package hyperref Info: Link nesting OFF on input line 6300.
Package hyperref Info: Hyper index ON on input line 6303.
Package hyperref Info: backreferencing OFF on input line 6310.
Package hyperref Info: Link coloring ON on input line 6313.
Package hyperref Info: Link coloring with OCG OFF on input line 6320.
Package hyperref Info: PDF/A mode OFF on input line 6325.
LaTeX Info: Redefining \ref on input line 6365.
LaTeX Info: Redefining \pageref on input line 6369.
\Hy@abspage=\count120
\c@Item=\count121
\c@Hfootnote=\count122
)

Package hyperref Message: Driver (autodetected): hpdftex.

(C:\Users\ogomez\Documents\miktex\tex\latex\hyperref\hpdftex.def
File: hpdftex.def 2012/11/06 v6.83m Hyperref driver for pdfTeX
\Fld@listcount=\count123
\c@bookmark@seq@number=\count124

(C:\Users\ogomez\Documents\miktex\tex\latex\oberdiek\rerunfilecheck.sty
Package: rerunfilecheck 2011/04/15 v1.7 Rerun checks for auxiliary files (HO)
Package uniquecounter Info: New unique counter `rerunfilecheck' on input line 2
82.
)
\Hy@SectionHShift=\skip76
)
(C:\Users\ogomez\Documents\miktex\tex\latex\oberdiek\hypcap.sty
Package: hypcap 2011/02/16 v1.11 Adjusting the anchors of captions (HO)
)
\DUlineblockindent=\skip77

(C:\xampp\htdocs\lenguajes_marcas\_build\latex\newfloat.sty
Package: newfloat 2015/09/17 v1.1-109 Defining new floating environments (AR)
)
Package newfloat Info: New float `literal-block' with options `' on input line 
871.
\c@literal-block=\count125
Package newfloat Info: float type `literal-block'=4 on input line 871.

(C:\Users\ogomez\Documents\miktex\tex\latex\capt-of\capt-of.sty
Package: capt-of 2009/12/29 v0.2 standard captions outside of floats
)
(C:\xampp\htdocs\lenguajes_marcas\_build\latex\needspace.sty
Package: needspace 2010/09/12 v1.3d reserve vertical space
)
** (sphinx) defining (legacy) text style macros without \sphinx prefix
** if clashes with packages, set latex_keep_old_macro_names=False in conf.py
) (C:\Users\ogomez\Documents\miktex\tex\latex\multirow\multirow.sty
\bigstrutjot=\dimen139
)
(C:\Users\ogomez\Documents\miktex\tex\latex\eqparbox\eqparbox.sty
Package: eqparbox 2013/03/15 v4.0 Create equal-widthed boxes
\eqp@tempdima=\skip78
\eqp@tempdimb=\skip79
\eqp@tabular@box=\box44
\eqp@list@box=\box45
\eqp@list@indent=\skip80

(C:\Users\ogomez\Documents\miktex\tex\latex\environ\environ.sty
Package: environ 2014/05/04 v0.3 A new way to define environments

(C:\Users\ogomez\Documents\miktex\tex\latex\trimspaces\trimspaces.sty
Package: trimspaces 2009/09/17 v1.1 Trim spaces around a token list
)))
\@indexfile=\write5

Writing index file ApuntesDeLenguajesDeMarcas.idx
(C:\xampp\htdocs\lenguajes_marcas\_build\latex\ApuntesDeLenguajesDeMarcas.aux)
LaTeX Font Info:    Checking defaults for OML/cmm/m/it on input line 140.
LaTeX Font Info:    ... okay on input line 140.
LaTeX Font Info:    Checking defaults for T1/cmr/m/n on input line 140.
LaTeX Font Info:    ... okay on input line 140.
LaTeX Font Info:    Checking defaults for OT1/cmr/m/n on input line 140.
LaTeX Font Info:    ... okay on input line 140.
LaTeX Font Info:    Checking defaults for OMS/cmsy/m/n on input line 140.
LaTeX Font Info:    ... okay on input line 140.
LaTeX Font Info:    Checking defaults for OMX/cmex/m/n on input line 140.
LaTeX Font Info:    ... okay on input line 140.
LaTeX Font Info:    Checking defaults for U/cmr/m/n on input line 140.
LaTeX Font Info:    ... okay on input line 140.
LaTeX Font Info:    Checking defaults for TS1/cmr/m/n on input line 140.
LaTeX Font Info:    Try loading font information for TS1+cmr on input line 140.


(C:\Users\ogomez\Documents\miktex\tex\latex\base\ts1cmr.fd
File: ts1cmr.fd 1999/05/25 v2.5h Standard LaTeX font definitions
)
LaTeX Font Info:    ... okay on input line 140.
LaTeX Font Info:    Checking defaults for PD1/pdf/m/n on input line 140.
LaTeX Font Info:    ... okay on input line 140.
LaTeX Font Info:    Checking defaults for PU/pdf/m/n on input line 140.
LaTeX Font Info:    ... okay on input line 140.
LaTeX Font Info:    Try loading font information for T1+ptm on input line 140.

(C:\Users\ogomez\Documents\miktex\tex\latex\psnfss\t1ptm.fd
File: t1ptm.fd 2001/06/04 font definitions for T1/ptm.
)
(C:\Users\ogomez\Documents\miktex\tex\context\base\supp-pdf.mkii
[Loading MPS to PDF converter (version 2006.09.02).]
\scratchcounter=\count126
\scratchdimen=\dimen140
\scratchbox=\box46
\nofMPsegments=\count127
\nofMParguments=\count128
\everyMPshowfont=\toks33
\MPscratchCnt=\count129
\MPscratchDim=\dimen141
\MPnumerator=\count130
\makeMPintoPDFobject=\count131
\everyMPtoPDFconversion=\toks34
)
\AtBeginShipoutBox=\box47
Package hyperref Info: Link coloring ON on input line 140.
 (C:\Users\ogomez\Documents\miktex\tex\latex\hyperref\nameref.sty
Package: nameref 2012/10/27 v2.43 Cross-referencing by name of section

(C:\Users\ogomez\Documents\miktex\tex\generic\oberdiek\gettitlestring.sty
Package: gettitlestring 2010/12/03 v1.4 Cleanup title references (HO)
)
\c@section@level=\count132
)
LaTeX Info: Redefining \ref on input line 140.
LaTeX Info: Redefining \pageref on input line 140.
LaTeX Info: Redefining \nameref on input line 140.

(C:\xampp\htdocs\lenguajes_marcas\_build\latex\ApuntesDeLenguajesDeMarcas.out)
(C:\xampp\htdocs\lenguajes_marcas\_build\latex\ApuntesDeLenguajesDeMarcas.out)
\@outlinefile=\write6
LaTeX Font Info:    Try loading font information for T1+phv on input line 143.

(C:\Users\ogomez\Documents\miktex\tex\latex\psnfss\t1phv.fd
File: t1phv.fd 2001/06/04 scalable font definitions for T1/phv.
)
LaTeX Font Info:    Font shape `T1/phv/bx/n' in size <10> not available
(Font)              Font shape `T1/phv/b/n' tried instead on input line 143.
LaTeX Font Info:    Font shape `T1/phv/bx/n' in size <24.88> not available
(Font)              Font shape `T1/phv/b/n' tried instead on input line 143.
LaTeX Font Info:    Font shape `T1/phv/bx/it' in size <10> not available
(Font)              Font shape `T1/phv/b/it' tried instead on input line 143.
LaTeX Font Info:    Font shape `T1/phv/b/it' in size <10> not available
(Font)              Font shape `T1/phv/b/sl' tried instead on input line 143.
LaTeX Font Info:    Font shape `T1/phv/bx/it' in size <17.28> not available
(Font)              Font shape `T1/phv/b/it' tried instead on input line 143.
LaTeX Font Info:    Font shape `T1/phv/b/it' in size <17.28> not available
(Font)              Font shape `T1/phv/b/sl' tried instead on input line 143.
LaTeX Font Info:    Font shape `T1/phv/bx/n' in size <17.28> not available
(Font)              Font shape `T1/phv/b/n' tried instead on input line 143.
<<ot1.cmap>><<oml.cmap>><<oms.cmap>><<omx.cmap>>
LaTeX Font Info:    Try loading font information for U+msa on input line 143.

(C:\Users\ogomez\Documents\miktex\tex\latex\amsfonts\umsa.fd
File: umsa.fd 2009/06/22 v3.00 AMS symbols A
)
LaTeX Font Info:    Try loading font information for U+msb on input line 143.

(C:\Users\ogomez\Documents\miktex\tex\latex\amsfonts\umsb.fd
File: umsb.fd 2009/06/22 v3.00 AMS symbols B
)
LaTeX Font Info:    Font shape `T1/phv/bx/n' in size <12> not available
(Font)              Font shape `T1/phv/b/n' tried instead on input line 143.
 [1

{C:/Users/ogomez/Documents/miktex/pdftex/config/pdftex.map}] [2

]
(C:\xampp\htdocs\lenguajes_marcas\_build\latex\ApuntesDeLenguajesDeMarcas.toc
LaTeX Font Info:    Font shape `T1/ptm/bx/n' in size <10> not available
(Font)              Font shape `T1/ptm/b/n' tried instead on input line 2.
LaTeX Font Info:    Font shape `T1/phv/bx/sc' in size <10> not available
(Font)              Font shape `T1/phv/b/sc' tried instead on input line 96.

[1

] [2] [3])
\tf@toc=\write7
 [4]
Cap\'{\i }tulo 1.
LaTeX Font Info:    Font shape `T1/phv/bx/n' in size <14.4> not available
(Font)              Font shape `T1/phv/b/n' tried instead on input line 148.
LaTeX Font Info:    Font shape `T1/ptm/bx/n' in size <14.4> not available
(Font)              Font shape `T1/ptm/b/n' tried instead on input line 148.
LaTeX Font Info:    Font shape `T1/ptm/bx/n' in size <24.88> not available
(Font)              Font shape `T1/ptm/b/n' tried instead on input line 148.
[1


] [2]
LaTeX Font Info:    Try loading font information for T1+pcr on input line 275.
 (C:\Users\ogomez\Documents\miktex\tex\latex\psnfss\t1pcr.fd
File: t1pcr.fd 2001/06/04 font definitions for T1/pcr.
)
LaTeX Font Info:    Font shape `T1/pcr/m/it' in size <9> not available
(Font)              Font shape `T1/pcr/m/sl' tried instead on input line 276.
LaTeX Font Info:    Font shape `T1/pcr/bx/n' in size <9> not available
(Font)              Font shape `T1/pcr/b/n' tried instead on input line 277.
 [3]
[4]
Cap\'{\i }tulo 2.
LaTeX Font Info:    Try loading font information for TS1+ptm on input line 421.

(C:\Users\ogomez\Documents\miktex\tex\latex\psnfss\ts1ptm.fd
File: ts1ptm.fd 2001/06/04 font definitions for TS1/ptm.
) [5

] [6] [7]
[8] <tablamedallero.png, id=799, 429.10312pt x 211.54031pt>
File: tablamedallero.png Graphic file (type png)

<use tablamedallero.png>
Package pdftex.def Info: tablamedallero.png used on input line 665.
(pdftex.def)             Requested size: 429.10207pt x 211.53978pt.
 <tabla1.png, id=800, 139.27031pt x 213.79875pt>
File: tabla1.png Graphic file (type png)

<use tabla1.png>
Package pdftex.def Info: tabla1.png used on input line 701.
(pdftex.def)             Requested size: 139.26996pt x 213.79822pt.
 [9 <C:/xampp/htdocs/lenguajes_marcas/_build/latex/tablamedallero.png (PNG copy
)> <C:/xampp/htdocs/lenguajes_marcas/_build/latex/tabla1.png>]
<tabla2.png, id=807, 139.27031pt x 158.09062pt>
File: tabla2.png Graphic file (type png)
 <use tabla2.png>
Package pdftex.def Info: tabla2.png used on input line 736.
(pdftex.def)             Requested size: 139.26996pt x 158.09023pt.
 [10 <C:/xampp/htdocs/lenguajes_marcas/_build/latex/tabla2.png>]
<tabla3.png, id=817, 346.29375pt x 294.34969pt>
File: tabla3.png Graphic file (type png)
 <use tabla3.png>
Package pdftex.def Info: tabla3.png used on input line 789.
(pdftex.def)             Requested size: 346.2929pt x 294.34895pt.
 [11 <C:/xampp/htdocs/lenguajes_marcas/_build/latex/tabla3.png>]
<tabla4.png, id=824, 292.09125pt x 299.61937pt>
File: tabla4.png Graphic file (type png)
 <use tabla4.png>
Package pdftex.def Info: tabla4.png used on input line 801.
(pdftex.def)             Requested size: 292.09052pt x 299.61864pt.

<tablaeco1.png, id=825, 231.86626pt x 313.9228pt>
File: tablaeco1.png Graphic file (type png)
 <use tablaeco1.png>
Package pdftex.def Info: tablaeco1.png used on input line 815.
(pdftex.def)             Requested size: 231.86568pt x 313.92203pt.
 [12 <C:/xampp/htdocs/lenguajes_marcas/_build/latex/tabla4.png> <C:/xampp/htdoc
s/lenguajes_marcas/_build/latex/tablaeco1.png>]
Underfull \vbox (badness 2538) detected at line 879
 []

[13] <tablaeco2.png, id=839, 429.85594pt x 216.05719pt>
File: tablaeco2.png Graphic file (type png)
 <use tablaeco2.png>
Package pdftex.def Info: tablaeco2.png used on input line 888.
(pdftex.def)             Requested size: 429.85489pt x 216.05664pt.

[14 <C:/xampp/htdocs/lenguajes_marcas/_build/latex/tablaeco2.png>]
<tabla7.png, id=846, 271.76532pt x 290.58563pt>
File: tabla7.png Graphic file (type png)
 <use tabla7.png>
Package pdftex.def Info: tabla7.png used on input line 973.
(pdftex.def)             Requested size: 271.76465pt x 290.58492pt.

Overfull \vbox (0.88536pt too high) detected at line 1022
 []

[15]
Underfull \vbox (badness 10000) detected at line 1022
 []


Overfull \vbox (0.95491pt too high) detected at line 1022
 []

[16 <C:/xampp/htdocs/lenguajes_marcas/_build/latex/tabla7.png (PNG copy)>]
<tabla8.png, id=857, 219.82124pt x 243.15843pt>
File: tabla8.png Graphic file (type png)
 <use tabla8.png>
Package pdftex.def Info: tabla8.png used on input line 1031.
(pdftex.def)             Requested size: 219.8207pt x 243.15784pt.
 [17 <C:/xampp/htdocs/lenguajes_marcas/_build/latex/tabla8.png (PNG copy)>]
LaTeX Font Info:    Try loading font information for TS1+pcr on input line 1104
.

(C:\Users\ogomez\Documents\miktex\tex\latex\psnfss\ts1pcr.fd
File: ts1pcr.fd 2001/06/04 font definitions for TS1/pcr.
) [18] [19]
<tabla5.png, id=879, 377.15906pt x 156.585pt>
File: tabla5.png Graphic file (type png)
 <use tabla5.png>
Package pdftex.def Info: tabla5.png used on input line 1185.
(pdftex.def)             Requested size: 377.15814pt x 156.58461pt.

<tabla6.png, id=880, 143.78719pt x 134.00063pt>
File: tabla6.png Graphic file (type png)
 <use tabla6.png>
Package pdftex.def Info: tabla6.png used on input line 1233.
(pdftex.def)             Requested size: 143.78683pt x 134.00027pt.
 [20 <C:/xampp/htdocs/lenguajes_marcas/_build/latex/tabla5.png>] [21 <C:/xampp/
htdocs/lenguajes_marcas/_build/latex/tabla6.png>]
<maqueta1.png, id=894, 362.10281pt x 338.01282pt>
File: maqueta1.png Graphic file (type png)
 <use maqueta1.png>
Package pdftex.def Info: maqueta1.png used on input line 1304.
(pdftex.def)             Requested size: 362.10191pt x 338.01198pt.

<maqueta2.png, id=895, 365.86688pt x 363.60844pt>
File: maqueta2.png Graphic file (type png)
 <use maqueta2.png>
Package pdftex.def Info: maqueta2.png used on input line 1314.
(pdftex.def)             Requested size: 365.86598pt x 363.60754pt.
 [22 <C:/xampp/htdocs/lenguajes_marcas/_build/latex/maqueta1.png>] [23 <C:/xamp
p/htdocs/lenguajes_marcas/_build/latex/maqueta2.png>]
<maqueta4.png, id=908, 495.35063pt x 359.09157pt>
File: maqueta4.png Graphic file (type png)
 <use maqueta4.png>
Package pdftex.def Info: maqueta4.png used on input line 1386.
(pdftex.def)             Requested size: 495.34943pt x 359.09068pt.
File: maqueta4.png Graphic file (type png)

<use maqueta4.png>
Package pdftex.def Info: maqueta4.png used on input line 1386.
(pdftex.def)             Requested size: 469.755pt x 340.5378pt.
 [24 <C:/xampp/htdocs/lenguajes_marcas/_build/latex/maqueta4.png>] <formu3.png,
 id=914, 288.3272pt x 223.58531pt>
File: formu3.png Graphic file (type png)
 <use formu3.png>
Package pdftex.def Info: formu3.png used on input line 1437.
(pdftex.def)             Requested size: 288.32648pt x 223.58475pt.

Overfull \vbox (0.72272pt too high) detected at line 1512
 []

[25 <C:/xampp/htdocs/lenguajes_marcas/_build/latex/formu3.png>]
Underfull \vbox (badness 10000) detected at line 1512
 []


Underfull \vbox (badness 10000) detected at line 1512
 []

[26] [27] [28

]
Cap\'{\i }tulo 3.
[29]
Overfull \vbox (2.02673pt too high) detected at line 1673
 []

[30] [31] [32] <maquetacion1.png, id=954, 750.55406pt x 367.3725pt>
File: maquetacion1.png Graphic file (type png)

<use maquetacion1.png>
Package pdftex.def Info: maquetacion1.png used on input line 1786.
(pdftex.def)             Requested size: 750.55223pt x 367.37158pt.
File: maquetacion1.png Graphic file (type png)
 <use maquetacion1.png>
Package pdftex.def Info: maquetacion1.png used on input line 1786.
(pdftex.def)             Requested size: 469.755pt x 229.93236pt.

Underfull \vbox (badness 5533) detected at line 1820
 []


Overfull \vbox (7.22495pt too high) detected at line 1820
 []

[33 <C:/xampp/htdocs/lenguajes_marcas/_build/latex/maquetacion1.png>]
<maquetaacme.png, id=961, 761.09344pt x 365.11406pt>
File: maquetaacme.png Graphic file (type png)
 <use maquetaacme.png>
Package pdftex.def Info: maquetaacme.png used on input line 1870.
(pdftex.def)             Requested size: 761.0916pt x 365.11316pt.
File: maquetaacme.png Graphic file (type png)

<use maquetaacme.png>
Package pdftex.def Info: maquetaacme.png used on input line 1870.
(pdftex.def)             Requested size: 469.755pt x 225.35999pt.
 [34] [35 <C:/xampp/htdocs/lenguajes_marcas/_build/latex/maquetaacme.png>] [36]
 [37] [38] [39] [40]
LaTeX Font Info:    Font shape `T1/pcr/bx/n' in size <12> not available
(Font)              Font shape `T1/pcr/b/n' tried instead on input line 2276.

<selectores1.png, id=1000, 750.55406pt x 389.20406pt>
File: selectores1.png Graphic file (type png)
 <use selectores1.png>
Package pdftex.def Info: selectores1.png used on input line 2291.
(pdftex.def)             Requested size: 750.55223pt x 389.20311pt.
File: selectores1.png Graphic file (type png)

<use selectores1.png>
Package pdftex.def Info: selectores1.png used on input line 2291.
(pdftex.def)             Requested size: 469.755pt x 243.59639pt.
 <selectores2.png, id=1001, 759.58781pt x 374.90062pt>
File: selectores2.png Graphic file (type png)

<use selectores2.png>
Package pdftex.def Info: selectores2.png used on input line 2302.
(pdftex.def)             Requested size: 759.58595pt x 374.8997pt.
File: selectores2.png Graphic file (type png)
 <use selectores2.png>
Package pdftex.def Info: selectores2.png used on input line 2302.
(pdftex.def)             Requested size: 469.755pt x 231.8582pt.
 [41] [42 <C:/xampp/htdocs/lenguajes_marcas/_build/latex/selectores1.png> <C:/x
ampp/htdocs/lenguajes_marcas/_build/latex/selectores2.png>] <selectores3.png, i
d=1015, 760.34062pt x 386.19281pt>
File: selectores3.png Graphic file (type png)

<use selectores3.png>
Package pdftex.def Info: selectores3.png used on input line 2317.
(pdftex.def)             Requested size: 760.33876pt x 386.19185pt.
File: selectores3.png Graphic file (type png)
 <use selectores3.png>
Package pdftex.def Info: selectores3.png used on input line 2317.
(pdftex.def)             Requested size: 469.755pt x 238.60617pt.

Underfull \hbox (badness 10000) in paragraph at lines 2330--2331
[]\T1/ptm/m/n/10 Ahora s ve-re-mos que al-go cam-bia, en con-cre-to los ul-ti-
mos \T1/pcr/m/n/10 <span> \T1/ptm/m/n/10 que lle-van el
 []

<selectores4.png, id=1016, 743.77875pt x 377.91188pt>
File: selectores4.png Graphic file (type png)
 <use selectores4.png>
Package pdftex.def Info: selectores4.png used on input line 2340.
(pdftex.def)             Requested size: 743.77693pt x 377.91095pt.
File: selectores4.png Graphic file (type png)

<use selectores4.png>
Package pdftex.def Info: selectores4.png used on input line 2340.
(pdftex.def)             Requested size: 469.755pt x 238.68546pt.
 [43 <C:/xampp/htdocs/lenguajes_marcas/_build/latex/selectores3.png>]
LaTeX Font Info:    Font shape `T1/phv/bx/it' in size <12> not available
(Font)              Font shape `T1/phv/b/it' tried instead on input line 2386.
LaTeX Font Info:    Font shape `T1/phv/b/it' in size <12> not available
(Font)              Font shape `T1/phv/b/sl' tried instead on input line 2386.
 [44 <C:/xampp/htdocs/lenguajes_marcas/_build/latex/selectores4.png>] <bs1.png,
 id=1032, 710.655pt x 76.03406pt>
File: bs1.png Graphic file (type png)
 <use bs1.png>
Package pdftex.def Info: bs1.png used on input line 2411.
(pdftex.def)             Requested size: 710.65326pt x 76.03386pt.
File: bs1.png Graphic file (type png)
 <use bs1.png>
Package pdftex.def Info: bs1.png used on input line 2411.
(pdftex.def)             Requested size: 469.755pt x 50.2615pt.

<bs2.png, id=1033, 284.56313pt x 125.71968pt>
File: bs2.png Graphic file (type png)
 <use bs2.png>
Package pdftex.def Info: bs2.png used on input line 2445.
(pdftex.def)             Requested size: 284.56242pt x 125.71936pt.
 [45 <C:/xampp/htdocs/lenguajes_marcas/_build/latex/bs1.png>] [46 <C:/xampp/htd
ocs/lenguajes_marcas/_build/latex/bs2.png>]
Cap\'{\i }tulo 4.
[47

] [48] [49] [50] [51]
Overfull \vbox (0.82736pt too high) detected at line 2812
 []

[52] [53] [54] [55] [56] [57] [58] [59] [60] [61]
Overfull \vbox (0.54211pt too high) detected at line 3450
 []

[62] [63] [64] [65] [66] [67] [68] [69] [70] [71] [72] [73] [74

]
Cap\'{\i }tulo 5.
[75] [76] [77] [78] [79] [80] [81] [82] [83] [84] [85] [86] [87] [88] [89]
[90]
Overfull \vbox (1.82735pt too high) detected at line 5181
 []

[91] [92] [93] [94] <tipos_xml_schema.png, id=1303, 649.42625pt x 730.73pt>
File: tipos_xml_schema.png Graphic file (type png)

<use tipos_xml_schema.png>
Package pdftex.def Info: tipos_xml_schema.png used on input line 5445.
(pdftex.def)             Requested size: 649.42467pt x 730.72821pt.
File: tipos_xml_schema.png Graphic file (type png)
 <use tipos_xml_schema.png>
Package pdftex.def Info: tipos_xml_schema.png used on input line 5445.
(pdftex.def)             Requested size: 469.755pt x 528.5782pt.
 [95] [96 <C:/xampp/htdocs/lenguajes_marcas/_build/latex/tipos_xml_schema.png>]
 [97] [98] [99] [100]
[101] [102] [103] [104] [105]
Overfull \vbox (1.12766pt too high) detected at line 6107
 []

[106] [107] [108] [109]
Overfull \vbox (1.56999pt too high) detected at line 6378
 []

[110] [111]
Overfull \vbox (2.56996pt too high) detected at line 6497
 []

[112] [113] [114] [115] [116]
Underfull \vbox (badness 10000) detected at line 6789
 []


Underfull \vbox (badness 10000) detected at line 6789
 []

[117] [118]
Cap\'{\i }tulo 6.

Overfull \vbox (0.58023pt too high) detected at line 6892
 []

[119

] [120] [121] [122] [123] [124] [125] [126] [127] [128]
Overfull \vbox (1.56998pt too high) detected at line 7513
 []

[129] [130] [131] [132] [133] [134]
Underfull \vbox (badness 10000) detected at line 8147
 []


Underfull \vbox (badness 10000) detected at line 8147
 []

[135]
Underfull \vbox (badness 10000) detected at line 8147
 []


Underfull \vbox (badness 10000) detected at line 8147
 []

[136]
Underfull \vbox (badness 10000) detected at line 8147
 []


Underfull \vbox (badness 10000) detected at line 8147
 []

[137]
Underfull \vbox (badness 10000) detected at line 8147
 []


Underfull \vbox (badness 10000) detected at line 8147
 []

[138]
Underfull \vbox (badness 10000) detected at line 8147
 []


Underfull \vbox (badness 10000) detected at line 8147
 []

[139]
Underfull \vbox (badness 10000) detected at line 8147
 []


Underfull \vbox (badness 10000) detected at line 8147
 []

[140] [141]
Underfull \vbox (badness 10000) detected at line 8259
 []


Underfull \vbox (badness 10000) detected at line 8259
 []

[142] [143] [144

]
Cap\'{\i }tulo 7.

Overfull \vbox (1.06052pt too high) detected at line 8337
 []

[145] [146]
Overfull \vbox (1.32767pt too high) detected at line 8471
 []

[147] [148] [149] <estilo-xml.png, id=1635, 453.19313pt x 195.73125pt>
File: estilo-xml.png Graphic file (type png)

<use estilo-xml.png>
Package pdftex.def Info: estilo-xml.png used on input line 8611.
(pdftex.def)             Requested size: 453.19202pt x 195.73076pt.
 <estilo-xml2.png, id=1636, 748.29562pt x 101.62968pt>
File: estilo-xml2.png Graphic file (type png)

<use estilo-xml2.png>
Package pdftex.def Info: estilo-xml2.png used on input line 8618.
(pdftex.def)             Requested size: 748.2938pt x 101.62943pt.
File: estilo-xml2.png Graphic file (type png)
 <use estilo-xml2.png>
Package pdftex.def Info: estilo-xml2.png used on input line 8618.
(pdftex.def)             Requested size: 469.755pt x 63.80061pt.
 [150 <C:/xampp/htdocs/lenguajes_marcas/_build/latex/estilo-xml.png> <C:/xampp/
htdocs/lenguajes_marcas/_build/latex/estilo-xml2.png>] [151] [152] [153] [154] 
[155] [156] [157]
<ejercicio1xslpaso1.png, id=1682, 209.28188pt x 35.38219pt>
File: ejercicio1xslpaso1.png Graphic file (type png)

<use ejercicio1xslpaso1.png>
Package pdftex.def Info: ejercicio1xslpaso1.png used on input line 9134.
(pdftex.def)             Requested size: 209.28134pt x 35.3821pt.
 [158 <C:/xampp/htdocs/lenguajes_marcas/_build/latex/ejercicio1xslpaso1.png>]
<ejercicio1xslpaso2.png, id=1689, 216.81pt x 201.00093pt>
File: ejercicio1xslpaso2.png Graphic file (type png)

<use ejercicio1xslpaso2.png>
Package pdftex.def Info: ejercicio1xslpaso2.png used on input line 9165.
(pdftex.def)             Requested size: 216.80946pt x 201.00043pt.
 [159 <C:/xampp/htdocs/lenguajes_marcas/_build/latex/ejercicio1xslpaso2.png>]
<ejercicio1xslpaso3.png, id=1695, 224.33812pt x 155.07938pt>
File: ejercicio1xslpaso3.png Graphic file (type png)

<use ejercicio1xslpaso3.png>
Package pdftex.def Info: ejercicio1xslpaso3.png used on input line 9201.
(pdftex.def)             Requested size: 224.33757pt x 155.07898pt.
 [160 <C:/xampp/htdocs/lenguajes_marcas/_build/latex/ejercicio1xslpaso3.png>]
<ejercicio1xslpaso4.png, id=1701, 228.855pt x 188.20313pt>
File: ejercicio1xslpaso4.png Graphic file (type png)

<use ejercicio1xslpaso4.png>
Package pdftex.def Info: ejercicio1xslpaso4.png used on input line 9248.
(pdftex.def)             Requested size: 228.85443pt x 188.20265pt.
 [161 <C:/xampp/htdocs/lenguajes_marcas/_build/latex/ejercicio1xslpaso4.png>]
<tabla_tras_xslt1.png, id=1708, 307.90031pt x 153.57375pt>
File: tabla_tras_xslt1.png Graphic file (type png)

<use tabla_tras_xslt1.png>
Package pdftex.def Info: tabla_tras_xslt1.png used on input line 9306.
(pdftex.def)             Requested size: 307.89955pt x 153.57336pt.
 [162 <C:/xampp/htdocs/lenguajes_marcas/_build/latex/tabla_tras_xslt1.png (PNG 
copy)>]
<xsl1.png, id=1714, 158.84344pt x 158.09062pt>
File: xsl1.png Graphic file (type png)
 <use xsl1.png>
Package pdftex.def Info: xsl1.png used on input line 9393.
(pdftex.def)             Requested size: 158.84305pt x 158.09023pt.
 [163] [164 <C:/xampp/htdocs/lenguajes_marcas/_build/latex/xsl1.png>] [165] [16
6]
Cap\'{\i }tulo 8.
[167

] [168] [169] [170

]
Cap\'{\i }tulo 9.
<foto_01.png, id=1768, 413.545pt x 260.975pt>
File: foto_01.png Graphic file (type png)
 <use foto_01.png>
Package pdftex.def Info: foto_01.png used on input line 9719.
(pdftex.def)             Requested size: 413.54398pt x 260.97437pt.
 [171 <C:/xampp/htdocs/lenguajes_marcas/_build/latex/foto_01.png>] [172]
<foto_02.png, id=1778, 413.545pt x 260.975pt>
File: foto_02.png Graphic file (type png)
 <use foto_02.png>
Package pdftex.def Info: foto_02.png used on input line 9803.
(pdftex.def)             Requested size: 413.54398pt x 260.97437pt.
 [173 <C:/xampp/htdocs/lenguajes_marcas/_build/latex/foto_02.png>]
<foto_03.png, id=1784, 413.545pt x 260.975pt>
File: foto_03.png Graphic file (type png)
 <use foto_03.png>
Package pdftex.def Info: foto_03.png used on input line 9877.
(pdftex.def)             Requested size: 413.54398pt x 260.97437pt.

Overfull \vbox (0.57848pt too high) detected at line 9933
 []

[174 <C:/xampp/htdocs/lenguajes_marcas/_build/latex/foto_03.png>]
<foto_04.png, id=1790, 413.545pt x 260.975pt>
File: foto_04.png Graphic file (type png)
 <use foto_04.png>
Package pdftex.def Info: foto_04.png used on input line 9940.
(pdftex.def)             Requested size: 413.54398pt x 260.97437pt.
 [175]
Overfull \vbox (1.15619pt too high) detected at line 10057
 []

[176 <C:/xampp/htdocs/lenguajes_marcas/_build/latex/foto_04.png>]
Underfull \vbox (badness 10000) detected at line 10057
 []


Underfull \vbox (badness 10000) detected at line 10057
 []

[177] <foto_05.png, id=1805, 413.545pt x 260.975pt>
File: foto_05.png Graphic file (type png)
 <use foto_05.png>
Package pdftex.def Info: foto_05.png used on input line 10064.
(pdftex.def)             Requested size: 413.54398pt x 260.97437pt.

Overfull \vbox (0.57848pt too high) detected at line 10154
 []

[178 <C:/xampp/htdocs/lenguajes_marcas/_build/latex/foto_05.png>]
Underfull \vbox (badness 10000) detected at line 10154
 []


Underfull \vbox (badness 10000) detected at line 10154
 []

[179] <foto_06.png, id=1815, 413.545pt x 260.975pt>
File: foto_06.png Graphic file (type png)
 <use foto_06.png>
Package pdftex.def Info: foto_06.png used on input line 10161.
(pdftex.def)             Requested size: 413.54398pt x 260.97437pt.

Overfull \vbox (0.57848pt too high) detected at line 10221
 []

[180 <C:/xampp/htdocs/lenguajes_marcas/_build/latex/foto_06.png>]
<foto_07.png, id=1821, 413.545pt x 260.975pt>
File: foto_07.png Graphic file (type png)
 <use foto_07.png>
Package pdftex.def Info: foto_07.png used on input line 10228.
(pdftex.def)             Requested size: 413.54398pt x 260.97437pt.

Overfull \vbox (0.57848pt too high) detected at line 10291
 []

[181 <C:/xampp/htdocs/lenguajes_marcas/_build/latex/foto_07.png>]
<foto_08.png, id=1828, 413.545pt x 260.975pt>
File: foto_08.png Graphic file (type png)
 <use foto_08.png>
Package pdftex.def Info: foto_08.png used on input line 10298.
(pdftex.def)             Requested size: 413.54398pt x 260.97437pt.
 [182]
Overfull \vbox (1.15619pt too high) detected at line 10377
 []

[183 <C:/xampp/htdocs/lenguajes_marcas/_build/latex/foto_08.png>]
<foto_09.png, id=1838, 413.545pt x 260.975pt>
File: foto_09.png Graphic file (type png)
 <use foto_09.png>
Package pdftex.def Info: foto_09.png used on input line 10384.
(pdftex.def)             Requested size: 413.54398pt x 260.97437pt.

Overfull \vbox (0.57848pt too high) detected at line 10424
 []

[184 <C:/xampp/htdocs/lenguajes_marcas/_build/latex/foto_09.png>]
<foto_10.png, id=1844, 413.545pt x 260.975pt>
File: foto_10.png Graphic file (type png)
 <use foto_10.png>
Package pdftex.def Info: foto_10.png used on input line 10431.
(pdftex.def)             Requested size: 413.54398pt x 260.97437pt.
 [185 <C:/xampp/htdocs/lenguajes_marcas/_build/latex/foto_10.png>]
Underfull \vbox (badness 10000) detected at line 10538
 []


Underfull \vbox (badness 10000) detected at line 10538
 []

[186] <foto_11.png, id=1854, 413.545pt x 260.975pt>
File: foto_11.png Graphic file (type png)
 <use foto_11.png>
Package pdftex.def Info: foto_11.png used on input line 10545.
(pdftex.def)             Requested size: 413.54398pt x 260.97437pt.
 [187]
Overfull \vbox (1.15619pt too high) detected at line 10620
 []

[188 <C:/xampp/htdocs/lenguajes_marcas/_build/latex/foto_11.png>]
<foto_12.png, id=1865, 413.545pt x 260.975pt>
File: foto_12.png Graphic file (type png)
 <use foto_12.png>
Package pdftex.def Info: foto_12.png used on input line 10627.
(pdftex.def)             Requested size: 413.54398pt x 260.97437pt.

Overfull \vbox (0.57848pt too high) detected at line 10656
 []

[189 <C:/xampp/htdocs/lenguajes_marcas/_build/latex/foto_12.png>]
<foto_13.png, id=1871, 413.545pt x 260.975pt>
File: foto_13.png Graphic file (type png)
 <use foto_13.png>
Package pdftex.def Info: foto_13.png used on input line 10663.
(pdftex.def)             Requested size: 413.54398pt x 260.97437pt.

Overfull \vbox (0.57848pt too high) detected at line 10727
 []

[190 <C:/xampp/htdocs/lenguajes_marcas/_build/latex/foto_13.png>]
<foto_14.png, id=1877, 413.545pt x 260.975pt>
File: foto_14.png Graphic file (type png)
 <use foto_14.png>
Package pdftex.def Info: foto_14.png used on input line 10734.
(pdftex.def)             Requested size: 413.54398pt x 260.97437pt.
 [191]
Overfull \vbox (1.15619pt too high) detected at line 10782
 []

[192 <C:/xampp/htdocs/lenguajes_marcas/_build/latex/foto_14.png>]
<foto_15.png, id=1887, 413.545pt x 260.975pt>
File: foto_15.png Graphic file (type png)
 <use foto_15.png>
Package pdftex.def Info: foto_15.png used on input line 10789.
(pdftex.def)             Requested size: 413.54398pt x 260.97437pt.

<foto_16.png, id=1888, 413.545pt x 260.975pt>
File: foto_16.png Graphic file (type png)
 <use foto_16.png>
Package pdftex.def Info: foto_16.png used on input line 10823.
(pdftex.def)             Requested size: 413.54398pt x 260.97437pt.
 [193 <C:/xampp/htdocs/lenguajes_marcas/_build/latex/foto_15.png>]
Overfull \vbox (1.15619pt too high) detected at line 10877
 []

[194 <C:/xampp/htdocs/lenguajes_marcas/_build/latex/foto_16.png>]
<foto_17.png, id=1900, 413.545pt x 260.975pt>
File: foto_17.png Graphic file (type png)
 <use foto_17.png>
Package pdftex.def Info: foto_17.png used on input line 10884.
(pdftex.def)             Requested size: 413.54398pt x 260.97437pt.

Overfull \vbox (0.57848pt too high) detected at line 10926
 []

[195 <C:/xampp/htdocs/lenguajes_marcas/_build/latex/foto_17.png>]
<foto_18.png, id=1906, 413.545pt x 260.975pt>
File: foto_18.png Graphic file (type png)
 <use foto_18.png>
Package pdftex.def Info: foto_18.png used on input line 10933.
(pdftex.def)             Requested size: 413.54398pt x 260.97437pt.

Overfull \vbox (0.57848pt too high) detected at line 10965
 []

[196 <C:/xampp/htdocs/lenguajes_marcas/_build/latex/foto_18.png>]
<foto_19.png, id=1912, 413.545pt x 260.975pt>
File: foto_19.png Graphic file (type png)
 <use foto_19.png>
Package pdftex.def Info: foto_19.png used on input line 10972.
(pdftex.def)             Requested size: 413.54398pt x 260.97437pt.
 [197 <C:/xampp/htdocs/lenguajes_marcas/_build/latex/foto_19.png>] [198

]
Cap\'{\i }tulo 10.
<foto_formulario_01.png, id=1922, 473.77pt x 622.325pt>
File: foto_formulario_01.png Graphic file (type png)

<use foto_formulario_01.png>
Package pdftex.def Info: foto_formulario_01.png used on input line 11018.
(pdftex.def)             Requested size: 473.76884pt x 622.32347pt.
File: foto_formulario_01.png Graphic file (type png)
 <use foto_formulario_01.png>
Package pdftex.def Info: foto_formulario_01.png used on input line 11018.
(pdftex.def)             Requested size: 469.755pt x 617.07224pt.
 [199]
<foto_formulario_02.png, id=1928, 473.77pt x 622.325pt>
File: foto_formulario_02.png Graphic file (type png)

<use foto_formulario_02.png>
Package pdftex.def Info: foto_formulario_02.png used on input line 11047.
(pdftex.def)             Requested size: 473.76884pt x 622.32347pt.
File: foto_formulario_02.png Graphic file (type png)
 <use foto_formulario_02.png>
Package pdftex.def Info: foto_formulario_02.png used on input line 11047.
(pdftex.def)             Requested size: 469.755pt x 617.07224pt.
 [200 <C:/xampp/htdocs/lenguajes_marcas/_build/latex/foto_formulario_01.png>]
<foto_formulario_03.png, id=1933, 473.77pt x 622.325pt>
File: foto_formulario_03.png Graphic file (type png)

<use foto_formulario_03.png>
Package pdftex.def Info: foto_formulario_03.png used on input line 11077.
(pdftex.def)             Requested size: 473.76884pt x 622.32347pt.
File: foto_formulario_03.png Graphic file (type png)
 <use foto_formulario_03.png>
Package pdftex.def Info: foto_formulario_03.png used on input line 11077.
(pdftex.def)             Requested size: 469.755pt x 617.07224pt.
 [201 <C:/xampp/htdocs/lenguajes_marcas/_build/latex/foto_formulario_02.png>]
<foto_formulario_04.png, id=1938, 473.77pt x 622.325pt>
File: foto_formulario_04.png Graphic file (type png)

<use foto_formulario_04.png>
Package pdftex.def Info: foto_formulario_04.png used on input line 11102.
(pdftex.def)             Requested size: 473.76884pt x 622.32347pt.
File: foto_formulario_04.png Graphic file (type png)
 <use foto_formulario_04.png>
Package pdftex.def Info: foto_formulario_04.png used on input line 11102.
(pdftex.def)             Requested size: 469.755pt x 617.07224pt.
 [202 <C:/xampp/htdocs/lenguajes_marcas/_build/latex/foto_formulario_03.png>] [
203 <C:/xampp/htdocs/lenguajes_marcas/_build/latex/foto_formulario_04.png>]
<foto_formulario_05.png, id=1947, 473.77pt x 622.325pt>
File: foto_formulario_05.png Graphic file (type png)

<use foto_formulario_05.png>
Package pdftex.def Info: foto_formulario_05.png used on input line 11139.
(pdftex.def)             Requested size: 473.76884pt x 622.32347pt.
File: foto_formulario_05.png Graphic file (type png)
 <use foto_formulario_05.png>
Package pdftex.def Info: foto_formulario_05.png used on input line 11139.
(pdftex.def)             Requested size: 469.755pt x 617.07224pt.

Overfull \vbox (1.98201pt too high) detected at line 11172
 []

[204 <C:/xampp/htdocs/lenguajes_marcas/_build/latex/foto_formulario_05.png>]
<foto_formulario_06.png, id=1952, 473.77pt x 622.325pt>
File: foto_formulario_06.png Graphic file (type png)

<use foto_formulario_06.png>
Package pdftex.def Info: foto_formulario_06.png used on input line 11193.
(pdftex.def)             Requested size: 473.76884pt x 622.32347pt.
File: foto_formulario_06.png Graphic file (type png)
 <use foto_formulario_06.png>
Package pdftex.def Info: foto_formulario_06.png used on input line 11193.
(pdftex.def)             Requested size: 469.755pt x 617.07224pt.
 [205]
Underfull \vbox (badness 1675) detected at line 11222
 []

[206 <C:/xampp/htdocs/lenguajes_marcas/_build/latex/foto_formulario_06.png>]
<foto_formulario_07.png, id=1962, 473.77pt x 622.325pt>
File: foto_formulario_07.png Graphic file (type png)

<use foto_formulario_07.png>
Package pdftex.def Info: foto_formulario_07.png used on input line 11246.
(pdftex.def)             Requested size: 473.76884pt x 622.32347pt.
File: foto_formulario_07.png Graphic file (type png)
 <use foto_formulario_07.png>
Package pdftex.def Info: foto_formulario_07.png used on input line 11246.
(pdftex.def)             Requested size: 469.755pt x 617.07224pt.
 [207]
Underfull \vbox (badness 1675) detected at line 11283
 []

[208 <C:/xampp/htdocs/lenguajes_marcas/_build/latex/foto_formulario_07.png>]
<foto_formulario_08.png, id=1971, 473.77pt x 622.325pt>
File: foto_formulario_08.png Graphic file (type png)

<use foto_formulario_08.png>
Package pdftex.def Info: foto_formulario_08.png used on input line 11301.
(pdftex.def)             Requested size: 473.76884pt x 622.32347pt.
File: foto_formulario_08.png Graphic file (type png)
 <use foto_formulario_08.png>
Package pdftex.def Info: foto_formulario_08.png used on input line 11301.
(pdftex.def)             Requested size: 469.755pt x 617.07224pt.
 [209] [210 <C:/xampp/htdocs/lenguajes_marcas/_build/latex/foto_formulario_08.p
ng>]
<foto_formulario_09.png, id=1980, 473.77pt x 622.325pt>
File: foto_formulario_09.png Graphic file (type png)

<use foto_formulario_09.png>
Package pdftex.def Info: foto_formulario_09.png used on input line 11342.
(pdftex.def)             Requested size: 473.76884pt x 622.32347pt.
File: foto_formulario_09.png Graphic file (type png)
 <use foto_formulario_09.png>
Package pdftex.def Info: foto_formulario_09.png used on input line 11342.
(pdftex.def)             Requested size: 469.755pt x 617.07224pt.
 [211 <C:/xampp/htdocs/lenguajes_marcas/_build/latex/foto_formulario_09.png>]
<foto_formulario_10.png, id=1986, 473.77pt x 622.325pt>
File: foto_formulario_10.png Graphic file (type png)

<use foto_formulario_10.png>
Package pdftex.def Info: foto_formulario_10.png used on input line 11394.
(pdftex.def)             Requested size: 473.76884pt x 622.32347pt.
File: foto_formulario_10.png Graphic file (type png)
 <use foto_formulario_10.png>
Package pdftex.def Info: foto_formulario_10.png used on input line 11394.
(pdftex.def)             Requested size: 469.755pt x 617.07224pt.
 [212]
Underfull \vbox (badness 1675) detected at line 11439
 []

[213 <C:/xampp/htdocs/lenguajes_marcas/_build/latex/foto_formulario_10.png>]
<foto_formulario_11.png, id=1995, 473.77pt x 622.325pt>
File: foto_formulario_11.png Graphic file (type png)

<use foto_formulario_11.png>
Package pdftex.def Info: foto_formulario_11.png used on input line 11463.
(pdftex.def)             Requested size: 473.76884pt x 622.32347pt.
File: foto_formulario_11.png Graphic file (type png)
 <use foto_formulario_11.png>
Package pdftex.def Info: foto_formulario_11.png used on input line 11463.
(pdftex.def)             Requested size: 469.755pt x 617.07224pt.
 [214]
Underfull \vbox (badness 1675) detected at line 11500
 []

[215 <C:/xampp/htdocs/lenguajes_marcas/_build/latex/foto_formulario_11.png>]
<foto_formulario_12.png, id=2004, 473.77pt x 622.325pt>
File: foto_formulario_12.png Graphic file (type png)

<use foto_formulario_12.png>
Package pdftex.def Info: foto_formulario_12.png used on input line 11533.
(pdftex.def)             Requested size: 473.76884pt x 622.32347pt.
File: foto_formulario_12.png Graphic file (type png)
 <use foto_formulario_12.png>
Package pdftex.def Info: foto_formulario_12.png used on input line 11533.
(pdftex.def)             Requested size: 469.755pt x 617.07224pt.
 [216]
Underfull \vbox (badness 1675) detected at line 11584
 []

[217 <C:/xampp/htdocs/lenguajes_marcas/_build/latex/foto_formulario_12.png>]
<foto_formulario_13.png, id=2014, 473.77pt x 622.325pt>
File: foto_formulario_13.png Graphic file (type png)

<use foto_formulario_13.png>
Package pdftex.def Info: foto_formulario_13.png used on input line 11614.
(pdftex.def)             Requested size: 473.76884pt x 622.32347pt.
File: foto_formulario_13.png Graphic file (type png)
 <use foto_formulario_13.png>
Package pdftex.def Info: foto_formulario_13.png used on input line 11614.
(pdftex.def)             Requested size: 469.755pt x 617.07224pt.
 [218]
Underfull \vbox (badness 1675) detected at line 11656
 []

[219 <C:/xampp/htdocs/lenguajes_marcas/_build/latex/foto_formulario_13.png>]
Underfull \hbox (badness 6268) in paragraph at lines 11664--11665
[]\T1/ptm/m/n/10 Contiene los si-guien-tes \T1/pcr/m/n/10 radiobuttons\T1/ptm/m
/n/10 :radio con el \T1/pcr/m/n/10 name \T1/ptm/m/n/10 ``me-dio_transporte'' , 
\T1/pcr/m/n/10 value \T1/ptm/m/n/10 ``me-
 []

<foto_formulario_14.png, id=2023, 473.77pt x 622.325pt>
File: foto_formulario_14.png Graphic file (type png)

<use foto_formulario_14.png>
Package pdftex.def Info: foto_formulario_14.png used on input line 11677.
(pdftex.def)             Requested size: 473.76884pt x 622.32347pt.
File: foto_formulario_14.png Graphic file (type png)
 <use foto_formulario_14.png>
Package pdftex.def Info: foto_formulario_14.png used on input line 11677.
(pdftex.def)             Requested size: 469.755pt x 617.07224pt.
 [220]
Underfull \vbox (badness 1675) detected at line 11702
 []

[221 <C:/xampp/htdocs/lenguajes_marcas/_build/latex/foto_formulario_14.png>]
<foto_formulario_15.png, id=2032, 473.77pt x 622.325pt>
File: foto_formulario_15.png Graphic file (type png)

<use foto_formulario_15.png>
Package pdftex.def Info: foto_formulario_15.png used on input line 11729.
(pdftex.def)             Requested size: 473.76884pt x 622.32347pt.
File: foto_formulario_15.png Graphic file (type png)
 <use foto_formulario_15.png>
Package pdftex.def Info: foto_formulario_15.png used on input line 11729.
(pdftex.def)             Requested size: 469.755pt x 617.07224pt.
 [222]
Underfull \vbox (badness 1675) detected at line 11769
 []

[223 <C:/xampp/htdocs/lenguajes_marcas/_build/latex/foto_formulario_15.png>]
<foto_formulario_16.png, id=2042, 473.77pt x 622.325pt>
File: foto_formulario_16.png Graphic file (type png)

<use foto_formulario_16.png>
Package pdftex.def Info: foto_formulario_16.png used on input line 11784.
(pdftex.def)             Requested size: 473.76884pt x 622.32347pt.
File: foto_formulario_16.png Graphic file (type png)
 <use foto_formulario_16.png>
Package pdftex.def Info: foto_formulario_16.png used on input line 11784.
(pdftex.def)             Requested size: 469.755pt x 617.07224pt.
 [224]
<foto_formulario_17.png, id=2047, 473.77pt x 622.325pt>
File: foto_formulario_17.png Graphic file (type png)

<use foto_formulario_17.png>
Package pdftex.def Info: foto_formulario_17.png used on input line 11816.
(pdftex.def)             Requested size: 473.76884pt x 622.32347pt.
File: foto_formulario_17.png Graphic file (type png)
 <use foto_formulario_17.png>
Package pdftex.def Info: foto_formulario_17.png used on input line 11816.
(pdftex.def)             Requested size: 469.755pt x 617.07224pt.
 [225 <C:/xampp/htdocs/lenguajes_marcas/_build/latex/foto_formulario_16.png>] [
226 <C:/xampp/htdocs/lenguajes_marcas/_build/latex/foto_formulario_17.png>]
<foto_formulario_18.png, id=2056, 473.77pt x 622.325pt>
File: foto_formulario_18.png Graphic file (type png)

<use foto_formulario_18.png>
Package pdftex.def Info: foto_formulario_18.png used on input line 11856.
(pdftex.def)             Requested size: 473.76884pt x 622.32347pt.
File: foto_formulario_18.png Graphic file (type png)
 <use foto_formulario_18.png>
Package pdftex.def Info: foto_formulario_18.png used on input line 11856.
(pdftex.def)             Requested size: 469.755pt x 617.07224pt.
 [227 <C:/xampp/htdocs/lenguajes_marcas/_build/latex/foto_formulario_18.png>]
<foto_formulario_19.png, id=2061, 473.77pt x 622.325pt>
File: foto_formulario_19.png Graphic file (type png)

<use foto_formulario_19.png>
Package pdftex.def Info: foto_formulario_19.png used on input line 11920.
(pdftex.def)             Requested size: 473.76884pt x 622.32347pt.
File: foto_formulario_19.png Graphic file (type png)
 <use foto_formulario_19.png>
Package pdftex.def Info: foto_formulario_19.png used on input line 11920.
(pdftex.def)             Requested size: 469.755pt x 617.07224pt.
 [228]
Underfull \vbox (badness 1675) detected at line 11965
 []

[229 <C:/xampp/htdocs/lenguajes_marcas/_build/latex/foto_formulario_19.png>]
<foto_formulario_20.png, id=2071, 473.77pt x 622.325pt>
File: foto_formulario_20.png Graphic file (type png)

<use foto_formulario_20.png>
Package pdftex.def Info: foto_formulario_20.png used on input line 11977.
(pdftex.def)             Requested size: 473.76884pt x 622.32347pt.
File: foto_formulario_20.png Graphic file (type png)
 <use foto_formulario_20.png>
Package pdftex.def Info: foto_formulario_20.png used on input line 11977.
(pdftex.def)             Requested size: 469.755pt x 617.07224pt.
 [230] [231 <C:/xampp/htdocs/lenguajes_marcas/_build/latex/foto_formulario_20.p
ng>] [232

]
Cap\'{\i }tulo 11.
<lista_punteada.png, id=2084, 464.4853pt x 298.86656pt>
File: lista_punteada.png Graphic file (type png)

<use lista_punteada.png>
Package pdftex.def Info: lista_punteada.png used on input line 12025.
(pdftex.def)             Requested size: 464.48418pt x 298.86581pt.
 [233 <C:/xampp/htdocs/lenguajes_marcas/_build/latex/lista_punteada.png (PNG co
py)>] [234]
<xslt_tabla_edificio_aula.png, id=2093, 363.60844pt x 322.20375pt>
File: xslt_tabla_edificio_aula.png Graphic file (type png)

<use xslt_tabla_edificio_aula.png>
Package pdftex.def Info: xslt_tabla_edificio_aula.png used on input line 12110.

(pdftex.def)             Requested size: 363.60754pt x 322.20296pt.
 [235 <C:/xampp/htdocs/lenguajes_marcas/_build/latex/xslt_tabla_edificio_aula.p
ng (PNG copy)>]
<xslt_tabla_edificio_separadas.png, id=2099, 246.1697pt x 344.78813pt>
File: xslt_tabla_edificio_separadas.png Graphic file (type png)

<use xslt_tabla_edificio_separadas.png>
Package pdftex.def Info: xslt_tabla_edificio_separadas.png used on input line 1
2151.
(pdftex.def)             Requested size: 246.16908pt x 344.78728pt.
 [236 <C:/xampp/htdocs/lenguajes_marcas/_build/latex/xslt_tabla_edificio_separa
das.png (PNG copy)>] [237]
(C:\xampp\htdocs\lenguajes_marcas\_build\latex\ApuntesDeLenguajesDeMarcas.ind)
Package atveryend Info: Empty hook `BeforeClearDocument' on input line 12315.

[238]
Package atveryend Info: Empty hook `AfterLastShipout' on input line 12315.

(C:\xampp\htdocs\lenguajes_marcas\_build\latex\ApuntesDeLenguajesDeMarcas.aux)
Package atveryend Info: Executing hook `AtVeryEndDocument' on input line 12315.

Package atveryend Info: Executing hook `AtEndAfterFileList' on input line 12315
.
Package rerunfilecheck Info: File `ApuntesDeLenguajesDeMarcas.out' has not chan
ged.
(rerunfilecheck)             Checksum: 26213D4CC05FDE0F91D15370B09C5126;20084.
Package atveryend Info: Empty hook `AtVeryVeryEnd' on input line 12315.
 ) 
Here is how much of TeX's memory you used:
 14923 strings out of 493921
 209250 string characters out of 3145304
 1296224 words of memory out of 3000000
 17178 multiletter control sequences out of 15000+200000
 66375 words of font info for 82 fonts, out of 3000000 for 9000
 842 hyphenation exceptions out of 8191
 39i,12n,51p,933b,637s stack positions out of 5000i,500n,10000p,200000b,50000s
{C:/Users/ogomez/Documents/miktex/fonts/enc/dvips/fontname/8r.enc}<C:/Users/o
gomez/Documents/miktex/fonts/type1/public/amsfonts/cm/cmmi5.pfb><C:/Users/ogome
z/Documents/miktex/fonts/type1/public/amsfonts/cm/cmsy10.pfb><C:/Users/ogomez/D
ocuments/miktex/fonts/type1/public/amsfonts/cm/cmsy5.pfb><C:/Users/ogomez/Docum
ents/miktex/fonts/type1/urw/courier/ucrb8a.pfb><C:/Users/ogomez/Documents/mikte
x/fonts/type1/urw/courier/ucrr8a.pfb><C:/Users/ogomez/Documents/miktex/fonts/ty
pe1/urw/courier/ucrro8a.pfb><C:/Users/ogomez/Documents/miktex/fonts/type1/urw/h
elvetic/uhvb8a.pfb><C:/Users/ogomez/Documents/miktex/fonts/type1/urw/helvetic/u
hvbo8a.pfb><C:/Users/ogomez/Documents/miktex/fonts/type1/urw/times/utmb8a.pfb><
C:/Users/ogomez/Documents/miktex/fonts/type1/urw/times/utmr8a.pfb><C:/Users/ogo
mez/Documents/miktex/fonts/type1/urw/times/utmri8a.pfb>
Output written on ApuntesDeLenguajesDeMarcas.pdf (244 pages, 2319968 bytes).
PDF statistics:
 2295 PDF objects out of 2487 (max. 8388607)
 659 named destinations out of 1000 (max. 500000)
 1519 words of extra memory for PDF output out of 10000 (max. 10000000)

