This is pdfTeX, Version 3.1415926-2.5-1.40.14 (MiKTeX 2.9) (preloaded format=pdflatex 2014.3.19)  17 NOV 2017 12:49
entering extended mode
**ApuntesDeLenguajesDeMarcas.tex
(F:\Oscar\repos\lenguajes_marcas\_build\latex\ApuntesDeLenguajesDeMarcas.tex
LaTeX2e <2011/06/27>
Babel <v3.8m> and hyphenation patterns for english, afrikaans, ancientgreek, ar
abic, armenian, assamese, basque, bengali, bokmal, bulgarian, catalan, coptic, 
croatian, czech, danish, dutch, esperanto, estonian, farsi, finnish, french, ga
lician, german, german-x-2013-05-26, greek, gujarati, hindi, hungarian, iceland
ic, indonesian, interlingua, irish, italian, kannada, kurmanji, latin, latvian,
 lithuanian, malayalam, marathi, mongolian, mongolianlmc, monogreek, ngerman, n
german-x-2013-05-26, nynorsk, oriya, panjabi, pinyin, polish, portuguese, roman
ian, russian, sanskrit, serbian, slovak, slovenian, spanish, swedish, swissgerm
an, tamil, telugu, turkish, turkmen, ukenglish, ukrainian, uppersorbian, usengl
ishmax, welsh, loaded.
(F:\Oscar\repos\lenguajes_marcas\_build\latex\sphinxmanual.cls
Document Class: sphinxmanual 2017/03/26 v1.6 Document class (Sphinx manual)
("C:\Program Files (x86)\MiKTeX 2.9\tex\latex\base\report.cls"
Document Class: report 2007/10/19 v1.4h Standard LaTeX document class
("C:\Program Files (x86)\MiKTeX 2.9\tex\latex\base\size10.clo"
File: size10.clo 2007/10/19 v1.4h Standard LaTeX file (size option)
)
\c@part=\count79
\c@chapter=\count80
\c@section=\count81
\c@subsection=\count82
\c@subsubsection=\count83
\c@paragraph=\count84
\c@subparagraph=\count85
\c@figure=\count86
\c@table=\count87
\abovecaptionskip=\skip41
\belowcaptionskip=\skip42
\bibindent=\dimen102
))
("C:\Program Files (x86)\MiKTeX 2.9\tex\latex\base\inputenc.sty"
Package: inputenc 2008/03/30 v1.1d Input encoding file
\inpenc@prehook=\toks14
\inpenc@posthook=\toks15

("C:\Program Files (x86)\MiKTeX 2.9\tex\latex\base\utf8.def"
File: utf8.def 2008/04/05 v1.1m UTF-8 support for inputenc
Now handling font encoding OML ...
... no UTF-8 mapping file for font encoding OML
Now handling font encoding T1 ...
... processing UTF-8 mapping file for font encoding T1

("C:\Program Files (x86)\MiKTeX 2.9\tex\latex\base\t1enc.dfu"
File: t1enc.dfu 2008/04/05 v1.1m UTF-8 support for inputenc
   defining Unicode char U+00A1 (decimal 161)
   defining Unicode char U+00A3 (decimal 163)
   defining Unicode char U+00AB (decimal 171)
   defining Unicode char U+00BB (decimal 187)
   defining Unicode char U+00BF (decimal 191)
   defining Unicode char U+00C0 (decimal 192)
   defining Unicode char U+00C1 (decimal 193)
   defining Unicode char U+00C2 (decimal 194)
   defining Unicode char U+00C3 (decimal 195)
   defining Unicode char U+00C4 (decimal 196)
   defining Unicode char U+00C5 (decimal 197)
   defining Unicode char U+00C6 (decimal 198)
   defining Unicode char U+00C7 (decimal 199)
   defining Unicode char U+00C8 (decimal 200)
   defining Unicode char U+00C9 (decimal 201)
   defining Unicode char U+00CA (decimal 202)
   defining Unicode char U+00CB (decimal 203)
   defining Unicode char U+00CC (decimal 204)
   defining Unicode char U+00CD (decimal 205)
   defining Unicode char U+00CE (decimal 206)
   defining Unicode char U+00CF (decimal 207)
   defining Unicode char U+00D0 (decimal 208)
   defining Unicode char U+00D1 (decimal 209)
   defining Unicode char U+00D2 (decimal 210)
   defining Unicode char U+00D3 (decimal 211)
   defining Unicode char U+00D4 (decimal 212)
   defining Unicode char U+00D5 (decimal 213)
   defining Unicode char U+00D6 (decimal 214)
   defining Unicode char U+00D8 (decimal 216)
   defining Unicode char U+00D9 (decimal 217)
   defining Unicode char U+00DA (decimal 218)
   defining Unicode char U+00DB (decimal 219)
   defining Unicode char U+00DC (decimal 220)
   defining Unicode char U+00DD (decimal 221)
   defining Unicode char U+00DE (decimal 222)
   defining Unicode char U+00DF (decimal 223)
   defining Unicode char U+00E0 (decimal 224)
   defining Unicode char U+00E1 (decimal 225)
   defining Unicode char U+00E2 (decimal 226)
   defining Unicode char U+00E3 (decimal 227)
   defining Unicode char U+00E4 (decimal 228)
   defining Unicode char U+00E5 (decimal 229)
   defining Unicode char U+00E6 (decimal 230)
   defining Unicode char U+00E7 (decimal 231)
   defining Unicode char U+00E8 (decimal 232)
   defining Unicode char U+00E9 (decimal 233)
   defining Unicode char U+00EA (decimal 234)
   defining Unicode char U+00EB (decimal 235)
   defining Unicode char U+00EC (decimal 236)
   defining Unicode char U+00ED (decimal 237)
   defining Unicode char U+00EE (decimal 238)
   defining Unicode char U+00EF (decimal 239)
   defining Unicode char U+00F0 (decimal 240)
   defining Unicode char U+00F1 (decimal 241)
   defining Unicode char U+00F2 (decimal 242)
   defining Unicode char U+00F3 (decimal 243)
   defining Unicode char U+00F4 (decimal 244)
   defining Unicode char U+00F5 (decimal 245)
   defining Unicode char U+00F6 (decimal 246)
   defining Unicode char U+00F8 (decimal 248)
   defining Unicode char U+00F9 (decimal 249)
   defining Unicode char U+00FA (decimal 250)
   defining Unicode char U+00FB (decimal 251)
   defining Unicode char U+00FC (decimal 252)
   defining Unicode char U+00FD (decimal 253)
   defining Unicode char U+00FE (decimal 254)
   defining Unicode char U+00FF (decimal 255)
   defining Unicode char U+0102 (decimal 258)
   defining Unicode char U+0103 (decimal 259)
   defining Unicode char U+0104 (decimal 260)
   defining Unicode char U+0105 (decimal 261)
   defining Unicode char U+0106 (decimal 262)
   defining Unicode char U+0107 (decimal 263)
   defining Unicode char U+010C (decimal 268)
   defining Unicode char U+010D (decimal 269)
   defining Unicode char U+010E (decimal 270)
   defining Unicode char U+010F (decimal 271)
   defining Unicode char U+0110 (decimal 272)
   defining Unicode char U+0111 (decimal 273)
   defining Unicode char U+0118 (decimal 280)
   defining Unicode char U+0119 (decimal 281)
   defining Unicode char U+011A (decimal 282)
   defining Unicode char U+011B (decimal 283)
   defining Unicode char U+011E (decimal 286)
   defining Unicode char U+011F (decimal 287)
   defining Unicode char U+0130 (decimal 304)
   defining Unicode char U+0131 (decimal 305)
   defining Unicode char U+0132 (decimal 306)
   defining Unicode char U+0133 (decimal 307)
   defining Unicode char U+0139 (decimal 313)
   defining Unicode char U+013A (decimal 314)
   defining Unicode char U+013D (decimal 317)
   defining Unicode char U+013E (decimal 318)
   defining Unicode char U+0141 (decimal 321)
   defining Unicode char U+0142 (decimal 322)
   defining Unicode char U+0143 (decimal 323)
   defining Unicode char U+0144 (decimal 324)
   defining Unicode char U+0147 (decimal 327)
   defining Unicode char U+0148 (decimal 328)
   defining Unicode char U+014A (decimal 330)
   defining Unicode char U+014B (decimal 331)
   defining Unicode char U+0150 (decimal 336)
   defining Unicode char U+0151 (decimal 337)
   defining Unicode char U+0152 (decimal 338)
   defining Unicode char U+0153 (decimal 339)
   defining Unicode char U+0154 (decimal 340)
   defining Unicode char U+0155 (decimal 341)
   defining Unicode char U+0158 (decimal 344)
   defining Unicode char U+0159 (decimal 345)
   defining Unicode char U+015A (decimal 346)
   defining Unicode char U+015B (decimal 347)
   defining Unicode char U+015E (decimal 350)
   defining Unicode char U+015F (decimal 351)
   defining Unicode char U+0160 (decimal 352)
   defining Unicode char U+0161 (decimal 353)
   defining Unicode char U+0162 (decimal 354)
   defining Unicode char U+0163 (decimal 355)
   defining Unicode char U+0164 (decimal 356)
   defining Unicode char U+0165 (decimal 357)
   defining Unicode char U+016E (decimal 366)
   defining Unicode char U+016F (decimal 367)
   defining Unicode char U+0170 (decimal 368)
   defining Unicode char U+0171 (decimal 369)
   defining Unicode char U+0178 (decimal 376)
   defining Unicode char U+0179 (decimal 377)
   defining Unicode char U+017A (decimal 378)
   defining Unicode char U+017B (decimal 379)
   defining Unicode char U+017C (decimal 380)
   defining Unicode char U+017D (decimal 381)
   defining Unicode char U+017E (decimal 382)
   defining Unicode char U+200C (decimal 8204)
   defining Unicode char U+2013 (decimal 8211)
   defining Unicode char U+2014 (decimal 8212)
   defining Unicode char U+2018 (decimal 8216)
   defining Unicode char U+2019 (decimal 8217)
   defining Unicode char U+201A (decimal 8218)
   defining Unicode char U+201C (decimal 8220)
   defining Unicode char U+201D (decimal 8221)
   defining Unicode char U+201E (decimal 8222)
   defining Unicode char U+2030 (decimal 8240)
   defining Unicode char U+2031 (decimal 8241)
   defining Unicode char U+2039 (decimal 8249)
   defining Unicode char U+203A (decimal 8250)
   defining Unicode char U+2423 (decimal 9251)
)
Now handling font encoding OT1 ...
... processing UTF-8 mapping file for font encoding OT1

("C:\Program Files (x86)\MiKTeX 2.9\tex\latex\base\ot1enc.dfu"
File: ot1enc.dfu 2008/04/05 v1.1m UTF-8 support for inputenc
   defining Unicode char U+00A1 (decimal 161)
   defining Unicode char U+00A3 (decimal 163)
   defining Unicode char U+00B8 (decimal 184)
   defining Unicode char U+00BF (decimal 191)
   defining Unicode char U+00C5 (decimal 197)
   defining Unicode char U+00C6 (decimal 198)
   defining Unicode char U+00D8 (decimal 216)
   defining Unicode char U+00DF (decimal 223)
   defining Unicode char U+00E6 (decimal 230)
   defining Unicode char U+00EC (decimal 236)
   defining Unicode char U+00ED (decimal 237)
   defining Unicode char U+00EE (decimal 238)
   defining Unicode char U+00EF (decimal 239)
   defining Unicode char U+00F8 (decimal 248)
   defining Unicode char U+0131 (decimal 305)
   defining Unicode char U+0141 (decimal 321)
   defining Unicode char U+0142 (decimal 322)
   defining Unicode char U+0152 (decimal 338)
   defining Unicode char U+0153 (decimal 339)
   defining Unicode char U+2013 (decimal 8211)
   defining Unicode char U+2014 (decimal 8212)
   defining Unicode char U+2018 (decimal 8216)
   defining Unicode char U+2019 (decimal 8217)
   defining Unicode char U+201C (decimal 8220)
   defining Unicode char U+201D (decimal 8221)
)
Now handling font encoding OMS ...
... processing UTF-8 mapping file for font encoding OMS

("C:\Program Files (x86)\MiKTeX 2.9\tex\latex\base\omsenc.dfu"
File: omsenc.dfu 2008/04/05 v1.1m UTF-8 support for inputenc
   defining Unicode char U+00A7 (decimal 167)
   defining Unicode char U+00B6 (decimal 182)
   defining Unicode char U+00B7 (decimal 183)
   defining Unicode char U+2020 (decimal 8224)
   defining Unicode char U+2021 (decimal 8225)
   defining Unicode char U+2022 (decimal 8226)
)
Now handling font encoding OMX ...
... no UTF-8 mapping file for font encoding OMX
Now handling font encoding U ...
... no UTF-8 mapping file for font encoding U
   defining Unicode char U+00A9 (decimal 169)
   defining Unicode char U+00AA (decimal 170)
   defining Unicode char U+00AE (decimal 174)
   defining Unicode char U+00BA (decimal 186)
   defining Unicode char U+02C6 (decimal 710)
   defining Unicode char U+02DC (decimal 732)
   defining Unicode char U+200C (decimal 8204)
   defining Unicode char U+2026 (decimal 8230)
   defining Unicode char U+2122 (decimal 8482)
   defining Unicode char U+2423 (decimal 9251)
))
   defining Unicode char U+00A0 (decimal 160)
   defining Unicode char U+2500 (decimal 9472)
   defining Unicode char U+2502 (decimal 9474)
   defining Unicode char U+2514 (decimal 9492)
   defining Unicode char U+251C (decimal 9500)
   defining Unicode char U+2572 (decimal 9586)

(C:\Users\Profesor\AppData\Roaming\MiKTeX\2.9\tex\latex\cmap\cmap.sty
Package: cmap 2008/03/06 v1.0h CMap support: searchable PDF
)
("C:\Program Files (x86)\MiKTeX 2.9\tex\latex\base\fontenc.sty"
Package: fontenc 2005/09/27 v1.99g Standard LaTeX package

("C:\Program Files (x86)\MiKTeX 2.9\tex\latex\base\t1enc.def"
File: t1enc.def 2005/09/27 v1.99g Standard LaTeX file
LaTeX Font Info:    Redeclaring font encoding T1 on input line 43.
)<<t1.cmap>>)
("C:\Program Files (x86)\MiKTeX 2.9\tex\latex\amsmath\amsmath.sty"
Package: amsmath 2013/01/14 v2.14 AMS math features
\@mathmargin=\skip43

For additional information on amsmath, use the `?' option.
("C:\Program Files (x86)\MiKTeX 2.9\tex\latex\amsmath\amstext.sty"
Package: amstext 2000/06/29 v2.01

("C:\Program Files (x86)\MiKTeX 2.9\tex\latex\amsmath\amsgen.sty"
File: amsgen.sty 1999/11/30 v2.0
\@emptytoks=\toks16
\ex@=\dimen103
))
("C:\Program Files (x86)\MiKTeX 2.9\tex\latex\amsmath\amsbsy.sty"
Package: amsbsy 1999/11/29 v1.2d
\pmbraise@=\dimen104
)
("C:\Program Files (x86)\MiKTeX 2.9\tex\latex\amsmath\amsopn.sty"
Package: amsopn 1999/12/14 v2.01 operator names
)
\inf@bad=\count88
LaTeX Info: Redefining \frac on input line 210.
\uproot@=\count89
\leftroot@=\count90
LaTeX Info: Redefining \overline on input line 306.
\classnum@=\count91
\DOTSCASE@=\count92
LaTeX Info: Redefining \ldots on input line 378.
LaTeX Info: Redefining \dots on input line 381.
LaTeX Info: Redefining \cdots on input line 466.
\Mathstrutbox@=\box26
\strutbox@=\box27
\big@size=\dimen105
LaTeX Font Info:    Redeclaring font encoding OML on input line 566.
LaTeX Font Info:    Redeclaring font encoding OMS on input line 567.
\macc@depth=\count93
\c@MaxMatrixCols=\count94
\dotsspace@=\muskip10
\c@parentequation=\count95
\dspbrk@lvl=\count96
\tag@help=\toks17
\row@=\count97
\column@=\count98
\maxfields@=\count99
\andhelp@=\toks18
\eqnshift@=\dimen106
\alignsep@=\dimen107
\tagshift@=\dimen108
\tagwidth@=\dimen109
\totwidth@=\dimen110
\lineht@=\dimen111
\@envbody=\toks19
\multlinegap=\skip44
\multlinetaggap=\skip45
\mathdisplay@stack=\toks20
LaTeX Info: Redefining \[ on input line 2665.
LaTeX Info: Redefining \] on input line 2666.
)
("C:\Program Files (x86)\MiKTeX 2.9\tex\latex\amsfonts\amssymb.sty"
Package: amssymb 2013/01/14 v3.01 AMS font symbols

("C:\Program Files (x86)\MiKTeX 2.9\tex\latex\amsfonts\amsfonts.sty"
Package: amsfonts 2013/01/14 v3.01 Basic AMSFonts support
\symAMSa=\mathgroup4
\symAMSb=\mathgroup5
LaTeX Font Info:    Overwriting math alphabet `\mathfrak' in version `bold'
(Font)                  U/euf/m/n --> U/euf/b/n on input line 106.
))
("C:\Program Files (x86)\MiKTeX 2.9\tex\generic\babel\babel.sty"
Package: babel 2008/07/08 v3.8m The Babel package

*************************************
* Local config file bblopts.cfg used
*
("C:\Program Files (x86)\MiKTeX 2.9\tex\latex\00miktex\bblopts.cfg"
File: bblopts.cfg 2006/07/31 v1.0 MiKTeX 'babel' configuration
)
("C:\Program Files (x86)\MiKTeX 2.9\tex\generic\babel\spanish.ldf"
Language: spanish.ldf 2009/01/02 v5.0h Spanish support from the babel system

("C:\Program Files (x86)\MiKTeX 2.9\tex\generic\babel\babel.def"
File: babel.def 2008/07/08 v3.8m Babel common definitions
\babel@savecnt=\count100
\U@D=\dimen112
)
\es@datefmt=\count101
\es@quottoks=\toks21
\es@quotdepth=\count102
Package babel Info: Making " an active character on input line 492.
Package babel Info: Making . an active character on input line 585.
Package babel Info: Making < an active character on input line 630.
Package babel Info: Making > an active character on input line 630.
))
("C:\Program Files (x86)\MiKTeX 2.9\tex\latex\psnfss\times.sty"
Package: times 2005/04/12 PSNFSS-v9.2a (SPQR) 
)
(C:\Users\Profesor\AppData\Roaming\MiKTeX\2.9\tex\latex\fncychap\fncychap.sty
Package: fncychap 2007/07/30 v1.34 LaTeX package (Revised chapters)
\RW=\skip46
\mylen=\skip47
\myhi=\skip48
\px=\skip49
\py=\skip50
\pyy=\skip51
\pxx=\skip52
)
(F:\Oscar\repos\lenguajes_marcas\_build\latex\sphinx.sty
Package: sphinx 2017/07/24 v1.6.4 LaTeX package (Sphinx markup)

("C:\Program Files (x86)\MiKTeX 2.9\tex\generic\oberdiek\ltxcmds.sty"
Package: ltxcmds 2011/11/09 v1.22 LaTeX kernel commands for general use (HO)
)
("C:\Program Files (x86)\MiKTeX 2.9\tex\latex\graphics\graphicx.sty"
Package: graphicx 1999/02/16 v1.0f Enhanced LaTeX Graphics (DPC,SPQR)

("C:\Program Files (x86)\MiKTeX 2.9\tex\latex\graphics\keyval.sty"
Package: keyval 1999/03/16 v1.13 key=value parser (DPC)
\KV@toks@=\toks22
)
("C:\Program Files (x86)\MiKTeX 2.9\tex\latex\graphics\graphics.sty"
Package: graphics 2009/02/05 v1.0o Standard LaTeX Graphics (DPC,SPQR)

("C:\Program Files (x86)\MiKTeX 2.9\tex\latex\graphics\trig.sty"
Package: trig 1999/03/16 v1.09 sin cos tan (DPC)
)
("C:\Program Files (x86)\MiKTeX 2.9\tex\latex\00miktex\graphics.cfg"
File: graphics.cfg 2007/01/18 v1.5 graphics configuration of teTeX/TeXLive
)
Package graphics Info: Driver file: pdftex.def on input line 91.

("C:\Program Files (x86)\MiKTeX 2.9\tex\latex\pdftex-def\pdftex.def"
File: pdftex.def 2011/05/27 v0.06d Graphics/color for pdfTeX

("C:\Program Files (x86)\MiKTeX 2.9\tex\generic\oberdiek\infwarerr.sty"
Package: infwarerr 2010/04/08 v1.3 Providing info/warning/error messages (HO)
)
\Gread@gobject=\count103
))
\Gin@req@height=\dimen113
\Gin@req@width=\dimen114
)
(C:\Users\Profesor\AppData\Roaming\MiKTeX\2.9\tex\latex\fancyhdr\fancyhdr.sty
Package: fancyhdr 2016/09/06 3.8 Extensive control of page headers and footers
\fancy@headwidth=\skip53
\f@ncyO@elh=\skip54
\f@ncyO@erh=\skip55
\f@ncyO@olh=\skip56
\f@ncyO@orh=\skip57
\f@ncyO@elf=\skip58
\f@ncyO@erf=\skip59
\f@ncyO@olf=\skip60
\f@ncyO@orf=\skip61
)
("C:\Program Files (x86)\MiKTeX 2.9\tex\latex\base\textcomp.sty"
Package: textcomp 2005/09/27 v1.99g Standard LaTeX package
Package textcomp Info: Sub-encoding information:
(textcomp)               5 = only ISO-Adobe without \textcurrency
(textcomp)               4 = 5 + \texteuro
(textcomp)               3 = 4 + \textohm
(textcomp)               2 = 3 + \textestimated + \textcurrency
(textcomp)               1 = TS1 - \textcircled - \t
(textcomp)               0 = TS1 (full)
(textcomp)             Font families with sub-encoding setting implement
(textcomp)             only a restricted character set as indicated.
(textcomp)             Family '?' is the default used for unknown fonts.
(textcomp)             See the documentation for details.
Package textcomp Info: Setting ? sub-encoding to TS1/1 on input line 71.

("C:\Program Files (x86)\MiKTeX 2.9\tex\latex\base\ts1enc.def"
File: ts1enc.def 2001/06/05 v3.0e (jk/car/fm) Standard LaTeX file
Now handling font encoding TS1 ...
... processing UTF-8 mapping file for font encoding TS1

("C:\Program Files (x86)\MiKTeX 2.9\tex\latex\base\ts1enc.dfu"
File: ts1enc.dfu 2008/04/05 v1.1m UTF-8 support for inputenc
   defining Unicode char U+00A2 (decimal 162)
   defining Unicode char U+00A3 (decimal 163)
   defining Unicode char U+00A4 (decimal 164)
   defining Unicode char U+00A5 (decimal 165)
   defining Unicode char U+00A6 (decimal 166)
   defining Unicode char U+00A7 (decimal 167)
   defining Unicode char U+00A8 (decimal 168)
   defining Unicode char U+00A9 (decimal 169)
   defining Unicode char U+00AA (decimal 170)
   defining Unicode char U+00AC (decimal 172)
   defining Unicode char U+00AE (decimal 174)
   defining Unicode char U+00AF (decimal 175)
   defining Unicode char U+00B0 (decimal 176)
   defining Unicode char U+00B1 (decimal 177)
   defining Unicode char U+00B2 (decimal 178)
   defining Unicode char U+00B3 (decimal 179)
   defining Unicode char U+00B4 (decimal 180)
   defining Unicode char U+00B5 (decimal 181)
   defining Unicode char U+00B6 (decimal 182)
   defining Unicode char U+00B7 (decimal 183)
   defining Unicode char U+00B9 (decimal 185)
   defining Unicode char U+00BA (decimal 186)
   defining Unicode char U+00BC (decimal 188)
   defining Unicode char U+00BD (decimal 189)
   defining Unicode char U+00BE (decimal 190)
   defining Unicode char U+00D7 (decimal 215)
   defining Unicode char U+00F7 (decimal 247)
   defining Unicode char U+0192 (decimal 402)
   defining Unicode char U+02C7 (decimal 711)
   defining Unicode char U+02D8 (decimal 728)
   defining Unicode char U+02DD (decimal 733)
   defining Unicode char U+0E3F (decimal 3647)
   defining Unicode char U+2016 (decimal 8214)
   defining Unicode char U+2020 (decimal 8224)
   defining Unicode char U+2021 (decimal 8225)
   defining Unicode char U+2022 (decimal 8226)
   defining Unicode char U+2030 (decimal 8240)
   defining Unicode char U+2031 (decimal 8241)
   defining Unicode char U+203B (decimal 8251)
   defining Unicode char U+203D (decimal 8253)
   defining Unicode char U+2044 (decimal 8260)
   defining Unicode char U+204E (decimal 8270)
   defining Unicode char U+2052 (decimal 8274)
   defining Unicode char U+20A1 (decimal 8353)
   defining Unicode char U+20A4 (decimal 8356)
   defining Unicode char U+20A6 (decimal 8358)
   defining Unicode char U+20A9 (decimal 8361)
   defining Unicode char U+20AB (decimal 8363)
   defining Unicode char U+20AC (decimal 8364)
   defining Unicode char U+20B1 (decimal 8369)
   defining Unicode char U+2103 (decimal 8451)
   defining Unicode char U+2116 (decimal 8470)
   defining Unicode char U+2117 (decimal 8471)
   defining Unicode char U+211E (decimal 8478)
   defining Unicode char U+2120 (decimal 8480)
   defining Unicode char U+2122 (decimal 8482)
   defining Unicode char U+2126 (decimal 8486)
   defining Unicode char U+2127 (decimal 8487)
   defining Unicode char U+212E (decimal 8494)
   defining Unicode char U+2190 (decimal 8592)
   defining Unicode char U+2191 (decimal 8593)
   defining Unicode char U+2192 (decimal 8594)
   defining Unicode char U+2193 (decimal 8595)
   defining Unicode char U+2329 (decimal 9001)
   defining Unicode char U+232A (decimal 9002)
   defining Unicode char U+2422 (decimal 9250)
   defining Unicode char U+25E6 (decimal 9702)
   defining Unicode char U+25EF (decimal 9711)
   defining Unicode char U+266A (decimal 9834)
))
LaTeX Info: Redefining \oldstylenums on input line 266.
Package textcomp Info: Setting cmr sub-encoding to TS1/0 on input line 281.
Package textcomp Info: Setting cmss sub-encoding to TS1/0 on input line 282.
Package textcomp Info: Setting cmtt sub-encoding to TS1/0 on input line 283.
Package textcomp Info: Setting cmvtt sub-encoding to TS1/0 on input line 284.
Package textcomp Info: Setting cmbr sub-encoding to TS1/0 on input line 285.
Package textcomp Info: Setting cmtl sub-encoding to TS1/0 on input line 286.
Package textcomp Info: Setting ccr sub-encoding to TS1/0 on input line 287.
Package textcomp Info: Setting ptm sub-encoding to TS1/4 on input line 288.
Package textcomp Info: Setting pcr sub-encoding to TS1/4 on input line 289.
Package textcomp Info: Setting phv sub-encoding to TS1/4 on input line 290.
Package textcomp Info: Setting ppl sub-encoding to TS1/3 on input line 291.
Package textcomp Info: Setting pag sub-encoding to TS1/4 on input line 292.
Package textcomp Info: Setting pbk sub-encoding to TS1/4 on input line 293.
Package textcomp Info: Setting pnc sub-encoding to TS1/4 on input line 294.
Package textcomp Info: Setting pzc sub-encoding to TS1/4 on input line 295.
Package textcomp Info: Setting bch sub-encoding to TS1/4 on input line 296.
Package textcomp Info: Setting put sub-encoding to TS1/5 on input line 297.
Package textcomp Info: Setting uag sub-encoding to TS1/5 on input line 298.
Package textcomp Info: Setting ugq sub-encoding to TS1/5 on input line 299.
Package textcomp Info: Setting ul8 sub-encoding to TS1/4 on input line 300.
Package textcomp Info: Setting ul9 sub-encoding to TS1/4 on input line 301.
Package textcomp Info: Setting augie sub-encoding to TS1/5 on input line 302.
Package textcomp Info: Setting dayrom sub-encoding to TS1/3 on input line 303.
Package textcomp Info: Setting dayroms sub-encoding to TS1/3 on input line 304.

Package textcomp Info: Setting pxr sub-encoding to TS1/0 on input line 305.
Package textcomp Info: Setting pxss sub-encoding to TS1/0 on input line 306.
Package textcomp Info: Setting pxtt sub-encoding to TS1/0 on input line 307.
Package textcomp Info: Setting txr sub-encoding to TS1/0 on input line 308.
Package textcomp Info: Setting txss sub-encoding to TS1/0 on input line 309.
Package textcomp Info: Setting txtt sub-encoding to TS1/0 on input line 310.
Package textcomp Info: Setting lmr sub-encoding to TS1/0 on input line 311.
Package textcomp Info: Setting lmdh sub-encoding to TS1/0 on input line 312.
Package textcomp Info: Setting lmss sub-encoding to TS1/0 on input line 313.
Package textcomp Info: Setting lmssq sub-encoding to TS1/0 on input line 314.
Package textcomp Info: Setting lmvtt sub-encoding to TS1/0 on input line 315.
Package textcomp Info: Setting qhv sub-encoding to TS1/0 on input line 316.
Package textcomp Info: Setting qag sub-encoding to TS1/0 on input line 317.
Package textcomp Info: Setting qbk sub-encoding to TS1/0 on input line 318.
Package textcomp Info: Setting qcr sub-encoding to TS1/0 on input line 319.
Package textcomp Info: Setting qcs sub-encoding to TS1/0 on input line 320.
Package textcomp Info: Setting qpl sub-encoding to TS1/0 on input line 321.
Package textcomp Info: Setting qtm sub-encoding to TS1/0 on input line 322.
Package textcomp Info: Setting qzc sub-encoding to TS1/0 on input line 323.
Package textcomp Info: Setting qhvc sub-encoding to TS1/0 on input line 324.
Package textcomp Info: Setting futs sub-encoding to TS1/4 on input line 325.
Package textcomp Info: Setting futx sub-encoding to TS1/4 on input line 326.
Package textcomp Info: Setting futj sub-encoding to TS1/4 on input line 327.
Package textcomp Info: Setting hlh sub-encoding to TS1/3 on input line 328.
Package textcomp Info: Setting hls sub-encoding to TS1/3 on input line 329.
Package textcomp Info: Setting hlst sub-encoding to TS1/3 on input line 330.
Package textcomp Info: Setting hlct sub-encoding to TS1/5 on input line 331.
Package textcomp Info: Setting hlx sub-encoding to TS1/5 on input line 332.
Package textcomp Info: Setting hlce sub-encoding to TS1/5 on input line 333.
Package textcomp Info: Setting hlcn sub-encoding to TS1/5 on input line 334.
Package textcomp Info: Setting hlcw sub-encoding to TS1/5 on input line 335.
Package textcomp Info: Setting hlcf sub-encoding to TS1/5 on input line 336.
Package textcomp Info: Setting pplx sub-encoding to TS1/3 on input line 337.
Package textcomp Info: Setting pplj sub-encoding to TS1/3 on input line 338.
Package textcomp Info: Setting ptmx sub-encoding to TS1/4 on input line 339.
Package textcomp Info: Setting ptmj sub-encoding to TS1/4 on input line 340.
)
(C:\Users\Profesor\AppData\Roaming\MiKTeX\2.9\tex\latex\titlesec\titlesec.sty
Package: titlesec 2016/03/21 v2.10.2 Sectioning titles
\ttl@box=\box28
\beforetitleunit=\skip62
\aftertitleunit=\skip63
\ttl@plus=\dimen115
\ttl@minus=\dimen116
\ttl@toksa=\toks23
\titlewidth=\dimen117
\titlewidthlast=\dimen118
\titlewidthfirst=\dimen119
)
(C:\Users\Profesor\AppData\Roaming\MiKTeX\2.9\tex\latex\tabulary\tabulary.sty
Package: tabulary 2014/06/11 v0.10 tabulary package (DPC)

("C:\Program Files (x86)\MiKTeX 2.9\tex\latex\tools\array.sty"
Package: array 2008/09/09 v2.4c Tabular extension package (FMi)
\col@sep=\dimen120
\extrarowheight=\dimen121
\NC@list=\toks24
\extratabsurround=\skip64
\backup@length=\skip65
)
\TY@count=\count104
\TY@linewidth=\dimen122
\tymin=\dimen123
\tymax=\dimen124
\TY@tablewidth=\dimen125
)
("C:\Program Files (x86)\MiKTeX 2.9\tex\latex\tools\longtable.sty"
Package: longtable 2004/02/01 v4.11 Multi-page Table package (DPC)
\LTleft=\skip66
\LTright=\skip67
\LTpre=\skip68
\LTpost=\skip69
\LTchunksize=\count105
\LTcapwidth=\dimen126
\LT@head=\box29
\LT@firsthead=\box30
\LT@foot=\box31
\LT@lastfoot=\box32
\LT@cols=\count106
\LT@rows=\count107
\c@LT@tables=\count108
\c@LT@chunks=\count109
\LT@p@ftn=\toks25
)
("C:\Program Files (x86)\MiKTeX 2.9\tex\latex\ltxmisc\varwidth.sty"
Package: varwidth 2009/03/30 ver 0.92;  Variable-width minipages
\@vwid@box=\box33
\sift@deathcycles=\count110
\@vwid@loff=\dimen127
\@vwid@roff=\dimen128
)
(F:\Oscar\repos\lenguajes_marcas\_build\latex\sphinxmulticell.sty
Package: sphinxmulticell 2017/02/23 v1.6 better span rows and columns of a tabl
e (Sphinx team)
\sphinx@TY@tablewidth=\dimen129
)
("C:\Program Files (x86)\MiKTeX 2.9\tex\latex\base\makeidx.sty"
Package: makeidx 2000/03/29 v1.0m Standard LaTeX package
)
(C:\Users\Profesor\AppData\Roaming\MiKTeX\2.9\tex\latex\framed\framed.sty
Package: framed 2011/10/22 v 0.96: framed or shaded text with page breaks
\OuterFrameSep=\skip70
\fb@frw=\dimen130
\fb@frh=\dimen131
\FrameRule=\dimen132
\FrameSep=\dimen133
)
(C:\Users\Profesor\AppData\Roaming\MiKTeX\2.9\tex\latex\xcolor\xcolor.sty
Package: xcolor 2016/05/11 v2.12 LaTeX color extensions (UK)

("C:\Program Files (x86)\MiKTeX 2.9\tex\latex\00miktex\color.cfg"
File: color.cfg 2007/01/18 v1.5 color configuration of teTeX/TeXLive
)
Package xcolor Info: Driver file: pdftex.def on input line 225.
Package xcolor Info: Model `cmy' substituted by `cmy0' on input line 1348.
Package xcolor Info: Model `hsb' substituted by `rgb' on input line 1352.
Package xcolor Info: Model `RGB' extended on input line 1364.
Package xcolor Info: Model `HTML' substituted by `rgb' on input line 1366.
Package xcolor Info: Model `Hsb' substituted by `hsb' on input line 1367.
Package xcolor Info: Model `tHsb' substituted by `hsb' on input line 1368.
Package xcolor Info: Model `HSB' substituted by `hsb' on input line 1369.
Package xcolor Info: Model `Gray' substituted by `gray' on input line 1370.
Package xcolor Info: Model `wave' substituted by `hsb' on input line 1371.
)
(C:\Users\Profesor\AppData\Roaming\MiKTeX\2.9\tex\latex\fancyvrb\fancyvrb.sty
Package: fancyvrb 2008/02/07

Style option: `fancyvrb' v2.7a, with DG/SPQR fixes, and firstline=lastline fix 
<2008/02/07> (tvz)
\FV@CodeLineNo=\count111
\FV@InFile=\read1
\FV@TabBox=\box34
\c@FancyVerbLine=\count112
\FV@StepNumber=\count113
\FV@OutFile=\write3
)
(F:\Oscar\repos\lenguajes_marcas\_build\latex\footnotehyper-sphinx.sty
Package: footnotehyper-sphinx 2017/03/07 v1.6 hyperref aware footnote.sty for s
phinx (JFB)
\FNH@notes=\box35
\FNH@width=\dimen134
)
("C:\Program Files (x86)\MiKTeX 2.9\tex\latex\float\float.sty"
Package: float 2001/11/08 v1.3d Float enhancements (AL)
\c@float@type=\count114
\float@exts=\toks26
\float@box=\box36
\@float@everytoks=\toks27
\@floatcapt=\box37
)
(C:\Users\Profesor\AppData\Roaming\MiKTeX\2.9\tex\latex\wrapfig\wrapfig.sty
\wrapoverhang=\dimen135
\WF@size=\dimen136
\c@WF@wrappedlines=\count115
\WF@box=\box38
\WF@everypar=\toks28
Package: wrapfig 2003/01/31  v 3.6
)
("C:\Program Files (x86)\MiKTeX 2.9\tex\latex\ltxmisc\parskip.sty"
Package: parskip 2001/04/09 non-zero parskip adjustments
)
("C:\Program Files (x86)\MiKTeX 2.9\tex\latex\base\alltt.sty"
Package: alltt 1997/06/16 v2.0g defines alltt environment
)
(C:\Users\Profesor\AppData\Roaming\MiKTeX\2.9\tex\latex\upquote\upquote.sty
Package: upquote 2012/04/19 v1.3 upright-quote and grave-accent glyphs in verba
tim
)
(C:\Users\Profesor\AppData\Roaming\MiKTeX\2.9\tex\latex\capt-of\capt-of.sty
Package: capt-of 2009/12/29 v0.2 standard captions outside of floats
)
(C:\Users\Profesor\AppData\Roaming\MiKTeX\2.9\tex\latex\needspace\needspace.sty
Package: needspace 2010/09/12 v1.3d reserve vertical space
) (F:\Oscar\repos\lenguajes_marcas\_build\latex\sphinxhighlight.sty
Package: sphinxhighlight 2016/05/29 stylesheet for highlighting with pygments
)
("C:\Program Files (x86)\MiKTeX 2.9\tex\latex\oberdiek\kvoptions.sty"
Package: kvoptions 2011/06/30 v3.11 Key value format for package options (HO)

("C:\Program Files (x86)\MiKTeX 2.9\tex\generic\oberdiek\kvsetkeys.sty"
Package: kvsetkeys 2012/04/25 v1.16 Key value parser (HO)

("C:\Program Files (x86)\MiKTeX 2.9\tex\generic\oberdiek\etexcmds.sty"
Package: etexcmds 2011/02/16 v1.5 Avoid name clashes with e-TeX commands (HO)

("C:\Program Files (x86)\MiKTeX 2.9\tex\generic\oberdiek\ifluatex.sty"
Package: ifluatex 2010/03/01 v1.3 Provides the ifluatex switch (HO)
Package ifluatex Info: LuaTeX not detected.
)
Package etexcmds Info: Could not find \expanded.
(etexcmds)             That can mean that you are not using pdfTeX 1.50 or
(etexcmds)             that some package has redefined \expanded.
(etexcmds)             In the latter case, load this package earlier.
)))
\sphinxverbatimsep=\dimen137
\sphinxverbatimborder=\dimen138
\sphinxshadowsep=\dimen139
\sphinxshadowsize=\dimen140
\sphinxshadowrule=\dimen141
\spx@notice@border=\dimen142
\spx@image@box=\box39
\c@literalblock=\count116
\spx@Verbatim@TitleBox=\box40
\sphinxcontinuationbox=\box41
\sphinxvisiblespacebox=\box42
\py@argswidth=\skip71
\lineblockindentation=\skip72
\DUlineblockindent=\skip73
)
("C:\Program Files (x86)\MiKTeX 2.9\tex\latex\geometry\geometry.sty"
Package: geometry 2010/09/12 v5.6 Page Geometry

("C:\Program Files (x86)\MiKTeX 2.9\tex\generic\oberdiek\ifpdf.sty"
Package: ifpdf 2011/01/30 v2.3 Provides the ifpdf switch (HO)
Package ifpdf Info: pdfTeX in PDF mode is detected.
)
("C:\Program Files (x86)\MiKTeX 2.9\tex\generic\oberdiek\ifvtex.sty"
Package: ifvtex 2010/03/01 v1.5 Detect VTeX and its facilities (HO)
Package ifvtex Info: VTeX not detected.
)
("C:\Program Files (x86)\MiKTeX 2.9\tex\generic\ifxetex\ifxetex.sty"
Package: ifxetex 2010/09/12 v0.6 Provides ifxetex conditional
)
\Gm@cnth=\count117
\Gm@cntv=\count118
\c@Gm@tempcnt=\count119
\Gm@bindingoffset=\dimen143
\Gm@wd@mp=\dimen144
\Gm@odd@mp=\dimen145
\Gm@even@mp=\dimen146
\Gm@layoutwidth=\dimen147
\Gm@layoutheight=\dimen148
\Gm@layouthoffset=\dimen149
\Gm@layoutvoffset=\dimen150
\Gm@dimlist=\toks29

("C:\Program Files (x86)\MiKTeX 2.9\tex\latex\geometry\geometry.cfg"))
("C:\Program Files (x86)\MiKTeX 2.9\tex\latex\hyperref\hyperref.sty"
Package: hyperref 2012/11/06 v6.83m Hypertext links for LaTeX

("C:\Program Files (x86)\MiKTeX 2.9\tex\generic\oberdiek\hobsub-hyperref.sty"
Package: hobsub-hyperref 2012/04/25 v1.12 Bundle oberdiek, subset hyperref (HO)


("C:\Program Files (x86)\MiKTeX 2.9\tex\generic\oberdiek\hobsub-generic.sty"
Package: hobsub-generic 2012/04/25 v1.12 Bundle oberdiek, subset generic (HO)
Package: hobsub 2012/04/25 v1.12 Construct package bundles (HO)
Package hobsub Info: Skipping package `infwarerr' (already loaded).
Package hobsub Info: Skipping package `ltxcmds' (already loaded).
Package hobsub Info: Skipping package `ifluatex' (already loaded).
Package hobsub Info: Skipping package `ifvtex' (already loaded).
Package: intcalc 2007/09/27 v1.1 Expandable calculations with integers (HO)
Package hobsub Info: Skipping package `ifpdf' (already loaded).
Package hobsub Info: Skipping package `etexcmds' (already loaded).
Package hobsub Info: Skipping package `kvsetkeys' (already loaded).
Package: kvdefinekeys 2011/04/07 v1.3 Define keys (HO)
Package: pdftexcmds 2011/11/29 v0.20 Utility functions of pdfTeX for LuaTeX (HO
)
Package pdftexcmds Info: LuaTeX not detected.
Package pdftexcmds Info: \pdf@primitive is available.
Package pdftexcmds Info: \pdf@ifprimitive is available.
Package pdftexcmds Info: \pdfdraftmode found.
Package: pdfescape 2011/11/25 v1.13 Implements pdfTeX's escape features (HO)
Package: bigintcalc 2012/04/08 v1.3 Expandable calculations on big integers (HO
)
Package: bitset 2011/01/30 v1.1 Handle bit-vector datatype (HO)
Package: uniquecounter 2011/01/30 v1.2 Provide unlimited unique counter (HO)
)
Package hobsub Info: Skipping package `hobsub' (already loaded).
Package: letltxmacro 2010/09/02 v1.4 Let assignment for LaTeX macros (HO)
Package: hopatch 2011/06/24 v1.1 Wrapper for package hooks (HO)
Package: xcolor-patch 2011/01/30 xcolor patch
Package: atveryend 2011/06/30 v1.8 Hooks at the very end of document (HO)
Package atveryend Info: \enddocument detected (standard20110627).
Package: atbegshi 2011/10/05 v1.16 At begin shipout hook (HO)
Package: refcount 2011/10/16 v3.4 Data extraction from label references (HO)
Package: hycolor 2011/01/30 v1.7 Color options for hyperref/bookmark (HO)
)
("C:\Program Files (x86)\MiKTeX 2.9\tex\latex\oberdiek\auxhook.sty"
Package: auxhook 2011/03/04 v1.3 Hooks for auxiliary files (HO)
)
\@linkdim=\dimen151
\Hy@linkcounter=\count120
\Hy@pagecounter=\count121

("C:\Program Files (x86)\MiKTeX 2.9\tex\latex\hyperref\pd1enc.def"
File: pd1enc.def 2012/11/06 v6.83m Hyperref: PDFDocEncoding definition (HO)
Now handling font encoding PD1 ...
... no UTF-8 mapping file for font encoding PD1
)
\Hy@SavedSpaceFactor=\count122

("C:\Program Files (x86)\MiKTeX 2.9\tex\latex\00miktex\hyperref.cfg"
File: hyperref.cfg 2002/06/06 v1.2 hyperref configuration of TeXLive
)
Package hyperref Info: Option `unicode' set `true' on input line 4319.

("C:\Program Files (x86)\MiKTeX 2.9\tex\latex\hyperref\puenc.def"
File: puenc.def 2012/11/06 v6.83m Hyperref: PDF Unicode definition (HO)
Now handling font encoding PU ...
... no UTF-8 mapping file for font encoding PU
)
Package hyperref Info: Option `colorlinks' set `true' on input line 4319.
Package hyperref Info: Option `breaklinks' set `true' on input line 4319.
Package hyperref Info: Hyper figures OFF on input line 4443.
Package hyperref Info: Link nesting OFF on input line 4448.
Package hyperref Info: Hyper index ON on input line 4451.
Package hyperref Info: Plain pages OFF on input line 4458.
Package hyperref Info: Backreferencing OFF on input line 4463.
Package hyperref Info: Implicit mode ON; LaTeX internals redefined.
Package hyperref Info: Bookmarks ON on input line 4688.
\c@Hy@tempcnt=\count123

(C:\Users\Profesor\AppData\Roaming\MiKTeX\2.9\tex\latex\url\url.sty
\Urlmuskip=\muskip11
Package: url 2013/09/16  ver 3.4  Verb mode for urls, etc.
)
LaTeX Info: Redefining \url on input line 5041.
\XeTeXLinkMargin=\dimen152
\Fld@menulength=\count124
\Field@Width=\dimen153
\Fld@charsize=\dimen154
Package hyperref Info: Hyper figures OFF on input line 6295.
Package hyperref Info: Link nesting OFF on input line 6300.
Package hyperref Info: Hyper index ON on input line 6303.
Package hyperref Info: backreferencing OFF on input line 6310.
Package hyperref Info: Link coloring ON on input line 6313.
Package hyperref Info: Link coloring with OCG OFF on input line 6320.
Package hyperref Info: PDF/A mode OFF on input line 6325.
LaTeX Info: Redefining \ref on input line 6365.
LaTeX Info: Redefining \pageref on input line 6369.
\Hy@abspage=\count125
\c@Item=\count126
\c@Hfootnote=\count127
)

Package hyperref Message: Driver (autodetected): hpdftex.

("C:\Program Files (x86)\MiKTeX 2.9\tex\latex\hyperref\hpdftex.def"
File: hpdftex.def 2012/11/06 v6.83m Hyperref driver for pdfTeX
\Fld@listcount=\count128
\c@bookmark@seq@number=\count129

("C:\Program Files (x86)\MiKTeX 2.9\tex\latex\oberdiek\rerunfilecheck.sty"
Package: rerunfilecheck 2011/04/15 v1.7 Rerun checks for auxiliary files (HO)
Package uniquecounter Info: New unique counter `rerunfilecheck' on input line 2
82.
)
\Hy@SectionHShift=\skip74
)
("C:\Program Files (x86)\MiKTeX 2.9\tex\latex\oberdiek\hypcap.sty"
Package: hypcap 2011/02/16 v1.11 Adjusting the anchors of captions (HO)
)
\@indexfile=\write4

Writing index file ApuntesDeLenguajesDeMarcas.idx
(F:\Oscar\repos\lenguajes_marcas\_build\latex\ApuntesDeLenguajesDeMarcas.aux)
LaTeX Font Info:    Checking defaults for OML/cmm/m/it on input line 64.
LaTeX Font Info:    ... okay on input line 64.
LaTeX Font Info:    Checking defaults for T1/cmr/m/n on input line 64.
LaTeX Font Info:    ... okay on input line 64.
LaTeX Font Info:    Checking defaults for OT1/cmr/m/n on input line 64.
LaTeX Font Info:    ... okay on input line 64.
LaTeX Font Info:    Checking defaults for OMS/cmsy/m/n on input line 64.
LaTeX Font Info:    ... okay on input line 64.
LaTeX Font Info:    Checking defaults for OMX/cmex/m/n on input line 64.
LaTeX Font Info:    ... okay on input line 64.
LaTeX Font Info:    Checking defaults for U/cmr/m/n on input line 64.
LaTeX Font Info:    ... okay on input line 64.
LaTeX Font Info:    Checking defaults for TS1/cmr/m/n on input line 64.
LaTeX Font Info:    Try loading font information for TS1+cmr on input line 64.

("C:\Program Files (x86)\MiKTeX 2.9\tex\latex\base\ts1cmr.fd"
File: ts1cmr.fd 1999/05/25 v2.5h Standard LaTeX font definitions
)
LaTeX Font Info:    ... okay on input line 64.
LaTeX Font Info:    Checking defaults for PD1/pdf/m/n on input line 64.
LaTeX Font Info:    ... okay on input line 64.
LaTeX Font Info:    Checking defaults for PU/pdf/m/n on input line 64.
LaTeX Font Info:    ... okay on input line 64.
LaTeX Font Info:    Try loading font information for T1+ptm on input line 64.

("C:\Program Files (x86)\MiKTeX 2.9\tex\latex\psnfss\t1ptm.fd"
File: t1ptm.fd 2001/06/04 font definitions for T1/ptm.
)
(C:\Users\Profesor\AppData\Roaming\MiKTeX\2.9\tex\context\base\supp-pdf.mkii
[Loading MPS to PDF converter (version 2006.09.02).]
\scratchcounter=\count130
\scratchdimen=\dimen155
\scratchbox=\box43
\nofMPsegments=\count131
\nofMParguments=\count132
\everyMPshowfont=\toks30
\MPscratchCnt=\count133
\MPscratchDim=\dimen156
\MPnumerator=\count134
\makeMPintoPDFobject=\count135
\everyMPtoPDFconversion=\toks31
)
*geometry* driver: auto-detecting
*geometry* detected driver: pdftex
*geometry* verbose mode - [ preamble ] result:
* driver: pdftex
* paper: letterpaper
* layout: <same size as paper>
* layoutoffset:(h,v)=(0.0pt,0.0pt)
* modes: twoside 
* h-part:(L,W,R)=(72.26999pt, 469.75502pt, 72.26999pt)
* v-part:(T,H,B)=(72.26999pt, 650.43001pt, 72.26999pt)
* \paperwidth=614.295pt
* \paperheight=794.96999pt
* \textwidth=469.75502pt
* \textheight=650.43001pt
* \oddsidemargin=0.0pt
* \evensidemargin=0.0pt
* \topmargin=-37.0pt
* \headheight=12.0pt
* \headsep=25.0pt
* \topskip=10.0pt
* \footskip=30.0pt
* \marginparwidth=36.135pt
* \marginparsep=11.0pt
* \columnsep=10.0pt
* \skip\footins=9.0pt plus 4.0pt minus 2.0pt
* \hoffset=0.0pt
* \voffset=0.0pt
* \mag=1000
* \@twocolumnfalse
* \@twosidetrue
* \@mparswitchtrue
* \@reversemarginfalse
* (1in=72.27pt=25.4mm, 1cm=28.453pt)

\AtBeginShipoutBox=\box44
Package hyperref Info: Link coloring ON on input line 64.
("C:\Program Files (x86)\MiKTeX 2.9\tex\latex\hyperref\nameref.sty"
Package: nameref 2012/10/27 v2.43 Cross-referencing by name of section

("C:\Program Files (x86)\MiKTeX 2.9\tex\generic\oberdiek\gettitlestring.sty"
Package: gettitlestring 2010/12/03 v1.4 Cleanup title references (HO)
)
\c@section@level=\count136
)
LaTeX Info: Redefining \ref on input line 64.
LaTeX Info: Redefining \pageref on input line 64.
LaTeX Info: Redefining \nameref on input line 64.

(F:\Oscar\repos\lenguajes_marcas\_build\latex\ApuntesDeLenguajesDeMarcas.out)
(F:\Oscar\repos\lenguajes_marcas\_build\latex\ApuntesDeLenguajesDeMarcas.out)
\@outlinefile=\write5
Package hyperref Info: Option `pageanchor' set `false' on input line 67.
LaTeX Font Info:    Try loading font information for T1+phv on input line 67.

("C:\Program Files (x86)\MiKTeX 2.9\tex\latex\psnfss\t1phv.fd"
File: t1phv.fd 2001/06/04 scalable font definitions for T1/phv.
)
LaTeX Font Info:    Font shape `T1/phv/bx/n' in size <10> not available
(Font)              Font shape `T1/phv/b/n' tried instead on input line 67.
LaTeX Font Info:    Font shape `T1/phv/bx/n' in size <24.88> not available
(Font)              Font shape `T1/phv/b/n' tried instead on input line 67.
LaTeX Font Info:    Font shape `T1/phv/bx/it' in size <10> not available
(Font)              Font shape `T1/phv/b/it' tried instead on input line 67.
LaTeX Font Info:    Font shape `T1/phv/b/it' in size <10> not available
(Font)              Font shape `T1/phv/b/sl' tried instead on input line 67.
LaTeX Font Info:    Font shape `T1/phv/bx/it' in size <17.28> not available
(Font)              Font shape `T1/phv/b/it' tried instead on input line 67.
LaTeX Font Info:    Font shape `T1/phv/b/it' in size <17.28> not available
(Font)              Font shape `T1/phv/b/sl' tried instead on input line 67.
LaTeX Font Info:    Font shape `T1/phv/bx/n' in size <17.28> not available
(Font)              Font shape `T1/phv/b/n' tried instead on input line 67.
<<ot1.cmap>><<oml.cmap>><<oms.cmap>><<omx.cmap>>
LaTeX Font Info:    Try loading font information for U+msa on input line 67.

("C:\Program Files (x86)\MiKTeX 2.9\tex\latex\amsfonts\umsa.fd"
File: umsa.fd 2013/01/14 v3.01 AMS symbols A
)
LaTeX Font Info:    Try loading font information for U+msb on input line 67.

("C:\Program Files (x86)\MiKTeX 2.9\tex\latex\amsfonts\umsb.fd"
File: umsb.fd 2013/01/14 v3.01 AMS symbols B
)
LaTeX Font Info:    Font shape `T1/phv/bx/n' in size <12> not available
(Font)              Font shape `T1/phv/b/n' tried instead on input line 67.
 [1

{C:/Users/Profesor/AppData/Local/MiKTeX/2.9/pdftex/config/pdftex.map}] [2

]
(F:\Oscar\repos\lenguajes_marcas\_build\latex\ApuntesDeLenguajesDeMarcas.toc
LaTeX Font Info:    Font shape `T1/ptm/bx/n' in size <10> not available
(Font)              Font shape `T1/ptm/b/n' tried instead on input line 2.
LaTeX Font Info:    Try loading font information for T1+pcr on input line 1.

("C:\Program Files (x86)\MiKTeX 2.9\tex\latex\psnfss\t1pcr.fd"
File: t1pcr.fd 2001/06/04 font definitions for T1/pcr.
)
LaTeX Font Info:    Font shape `T1/phv/bx/sc' in size <10> not available
(Font)              Font shape `T1/phv/b/sc' tried instead on input line 93.
 [1

] [2]
[3])
\tf@toc=\write6
 [4]
Cap\'{\i }tulo 1.
LaTeX Font Info:    Font shape `T1/phv/bx/n' in size <14.4> not available
(Font)              Font shape `T1/phv/b/n' tried instead on input line 75.
[1


] <http_get_y_post.png, id=789, 691.58376pt x 360.34625pt>
File: http_get_y_post.png Graphic file (type png)

<use http_get_y_post.png>
Package pdftex.def Info: http_get_y_post.png used on input line 103.
(pdftex.def)             Requested size: 345.79103pt x 180.17268pt.
 [2 <F:/Oscar/repos/lenguajes_marcas/_build/latex/http_get_y_post.png>]
LaTeX Font Info:    Font shape `T1/pcr/m/it' in size <9> not available
(Font)              Font shape `T1/pcr/m/sl' tried instead on input line 202.
LaTeX Font Info:    Font shape `T1/pcr/bx/n' in size <9> not available
(Font)              Font shape `T1/pcr/b/n' tried instead on input line 203.
 [3] [4] [5] [6

]
Cap\'{\i }tulo 2.
LaTeX Font Info:    Try loading font information for TS1+ptm on input line 347.

("C:\Program Files (x86)\MiKTeX 2.9\tex\latex\psnfss\ts1ptm.fd"
File: ts1ptm.fd 2001/06/04 font definitions for TS1/ptm.
) [7] [8]
[9] [10] <tablamedallero.png, id=845, 429.10312pt x 211.54031pt>
File: tablamedallero.png Graphic file (type png)

<use tablamedallero.png>
Package pdftex.def Info: tablamedallero.png used on input line 591.
(pdftex.def)             Requested size: 214.55103pt x 105.76988pt.
 <tabla1.png, id=846, 139.27031pt x 213.79875pt>
File: tabla1.png Graphic file (type png)

<use tabla1.png>
Package pdftex.def Info: tabla1.png used on input line 627.
(pdftex.def)             Requested size: 69.63498pt x 106.89911pt.
 [11 <F:/Oscar/repos/lenguajes_marcas/_build/latex/tablamedallero.png (PNG copy
)>] <tabla2.png, id=853, 139.27031pt x 158.09062pt>
File: tabla2.png Graphic file (type png)

<use tabla2.png>
Package pdftex.def Info: tabla2.png used on input line 662.
(pdftex.def)             Requested size: 69.63498pt x 79.0451pt.
 [12 <F:/Oscar/repos/lenguajes_marcas/_build/latex/tabla1.png> <F:/Oscar/repos/
lenguajes_marcas/_build/latex/tabla2.png>]
<tabla3.png, id=861, 346.29375pt x 294.34969pt>
File: tabla3.png Graphic file (type png)
 <use tabla3.png>
Package pdftex.def Info: tabla3.png used on input line 715.
(pdftex.def)             Requested size: 173.14644pt x 147.17447pt.
 [13] [14 <F:/Oscar/repos/lenguajes_marcas/_build/latex/tabla3.png>]
<tablaeco1.png, id=875, 231.86626pt x 313.9228pt>
File: tablaeco1.png Graphic file (type png)
 <use tablaeco1.png>
Package pdftex.def Info: tablaeco1.png used on input line 803.
(pdftex.def)             Requested size: 231.86568pt x 313.92203pt.

Overfull \vbox (0.88535pt too high) detected at line 867
 []

[15]
Underfull \vbox (badness 10000) detected at line 867
 []


Overfull \vbox (2.292pt too high) detected at line 867
 []

[16 <F:/Oscar/repos/lenguajes_marcas/_build/latex/tablaeco1.png>]
<tablaeco2.png, id=886, 429.85594pt x 216.05719pt>
File: tablaeco2.png Graphic file (type png)
 <use tablaeco2.png>
Package pdftex.def Info: tablaeco2.png used on input line 877.
(pdftex.def)             Requested size: 429.85489pt x 216.05664pt.
 [17 <F:/Oscar/repos/lenguajes_marcas/_build/latex/tablaeco2.png>]
<tabla7.png, id=893, 271.76532pt x 290.58563pt>
File: tabla7.png Graphic file (type png)
 <use tabla7.png>
Package pdftex.def Info: tabla7.png used on input line 963.
(pdftex.def)             Requested size: 271.76465pt x 290.58492pt.
 [18] [19 <F:/Oscar/repos/lenguajes_marcas/_build/latex/tabla7.png (PNG copy)>]

<tabla8.png, id=905, 219.82124pt x 243.15843pt>
File: tabla8.png Graphic file (type png)
 <use tabla8.png>
Package pdftex.def Info: tabla8.png used on input line 1022.
(pdftex.def)             Requested size: 219.8207pt x 243.15784pt.
 [20 <F:/Oscar/repos/lenguajes_marcas/_build/latex/tabla8.png (PNG copy)>]
LaTeX Font Info:    Try loading font information for TS1+pcr on input line 1095
.

("C:\Program Files (x86)\MiKTeX 2.9\tex\latex\psnfss\ts1pcr.fd"
File: ts1pcr.fd 2001/06/04 font definitions for TS1/pcr.
) [21] [22]
<tabla5.png, id=925, 377.15906pt x 156.585pt>
File: tabla5.png Graphic file (type png)
 <use tabla5.png>
Package pdftex.def Info: tabla5.png used on input line 1169.
(pdftex.def)             Requested size: 188.57907pt x 78.2923pt.

<tabla6.png, id=926, 143.78719pt x 134.00063pt>
File: tabla6.png Graphic file (type png)
 <use tabla6.png>
Package pdftex.def Info: tabla6.png used on input line 1218.
(pdftex.def)             Requested size: 143.78683pt x 134.00027pt.
 [23 <F:/Oscar/repos/lenguajes_marcas/_build/latex/tabla5.png>] [24 <F:/Oscar/r
epos/lenguajes_marcas/_build/latex/tabla6.png>]
<maqueta1.png, id=940, 362.10281pt x 338.01282pt>
File: maqueta1.png Graphic file (type png)
 <use maqueta1.png>
Package pdftex.def Info: maqueta1.png used on input line 1289.
(pdftex.def)             Requested size: 181.05095pt x 169.00598pt.

<maqueta2.png, id=941, 365.86688pt x 363.60844pt>
File: maqueta2.png Graphic file (type png)
 <use maqueta2.png>
Package pdftex.def Info: maqueta2.png used on input line 1299.
(pdftex.def)             Requested size: 182.93298pt x 181.80377pt.
 [25 <F:/Oscar/repos/lenguajes_marcas/_build/latex/maqueta1.png>] [26 <F:/Oscar
/repos/lenguajes_marcas/_build/latex/maqueta2.png>]
<maqueta4.png, id=955, 495.35063pt x 359.09157pt>
File: maqueta4.png Graphic file (type png)
 <use maqueta4.png>
Package pdftex.def Info: maqueta4.png used on input line 1371.
(pdftex.def)             Requested size: 247.67471pt x 179.54533pt.
 [27 <F:/Oscar/repos/lenguajes_marcas/_build/latex/maqueta4.png>]
<formu3.png, id=961, 288.3272pt x 223.58531pt>
File: formu3.png Graphic file (type png)
 <use formu3.png>
Package pdftex.def Info: formu3.png used on input line 1422.
(pdftex.def)             Requested size: 144.16324pt x 111.79237pt.

Overfull \vbox (0.7227pt too high) detected at line 1497
 []

[28 <F:/Oscar/repos/lenguajes_marcas/_build/latex/formu3.png>]
Underfull \vbox (badness 10000) detected at line 1497
 []


Underfull \vbox (badness 10000) detected at line 1497
 []

[29] [30]
Cap\'{\i }tulo 3.
LaTeX Font Info:    Font shape `T1/pcr/bx/n' in size <14.4> not available
(Font)              Font shape `T1/pcr/b/n' tried instead on input line 1.

Package hyperref Warning: Token not allowed in a PDF string (Unicode):
(hyperref)                removing `\sphinxstyleliteralintitle' on input line 1
544.


Package hyperref Warning: Token not allowed in a PDF string (Unicode):
(hyperref)                removing `\sphinxstyleliteralintitle' on input line 1
544.

[31

] [32] [33] [34] [35] <maquetacion1.png, id=1002, 750.55406pt x 367.3725pt>
File: maquetacion1.png Graphic file (type png)

<use maquetacion1.png>
Package pdftex.def Info: maquetacion1.png used on input line 1864.
(pdftex.def)             Requested size: 469.75502pt x 229.93236pt.
 [36] [37 <F:/Oscar/repos/lenguajes_marcas/_build/latex/maquetacion1.png>] <maq
uetaacme.png, id=1016, 761.09344pt x 365.11406pt>
File: maquetaacme.png Graphic file (type png)

<use maquetaacme.png>
Package pdftex.def Info: maquetaacme.png used on input line 1949.
(pdftex.def)             Requested size: 469.75502pt x 225.35999pt.
 [38 <F:/Oscar/repos/lenguajes_marcas/_build/latex/maquetaacme.png>] [39] [40] 
[41]

Package hyperref Warning: Token not allowed in a PDF string (Unicode):
(hyperref)                removing `\sphinxstyleliteralintitle' on input line 2
183.

[42] <grid_sin_estilo.png, id=1045, 70.76437pt x 119.69719pt>
File: grid_sin_estilo.png Graphic file (type png)

<use grid_sin_estilo.png>
Package pdftex.def Info: grid_sin_estilo.png used on input line 2227.
(pdftex.def)             Requested size: 70.76419pt x 119.69688pt.

<celdas_con_borde.png, id=1046, 1024.57782pt x 115.93312pt>
File: celdas_con_borde.png Graphic file (type png)

<use celdas_con_borde.png>
Package pdftex.def Info: celdas_con_borde.png used on input line 2244.
(pdftex.def)             Requested size: 469.75502pt x 53.15297pt.

<tabla_5_por_5.png, id=1047, 547.2947pt x 124.21407pt>
File: tabla_5_por_5.png Graphic file (type png)
 <use tabla_5_por_5.png>
Package pdftex.def Info: tabla_5_por_5.png used on input line 2254.
(pdftex.def)             Requested size: 469.75502pt x 106.6173pt.

<resultado_5_por_5.png, id=1048, 960.58875pt x 497.60907pt>
File: resultado_5_por_5.png Graphic file (type png)

<use resultado_5_por_5.png>
Package pdftex.def Info: resultado_5_por_5.png used on input line 2263.
(pdftex.def)             Requested size: 469.75502pt x 243.34462pt.
LaTeX Font Info:    Font shape `T1/pcr/bx/n' in size <10> not available
(Font)              Font shape `T1/pcr/b/n' tried instead on input line 1.
 [43 <F:/Oscar/repos/lenguajes_marcas/_build/latex/grid_sin_estilo.png (PNG cop
y)> <F:/Oscar/repos/lenguajes_marcas/_build/latex/celdas_con_borde.png (PNG cop
y)>] [44 <F:/Oscar/repos/lenguajes_marcas/_build/latex/tabla_5_por_5.png (PNG c
opy)> <F:/Oscar/repos/lenguajes_marcas/_build/latex/resultado_5_por_5.png (PNG 
copy)>] [45]
<media_query_screen.png, id=1069, 939.51pt x 226.8475pt>
File: media_query_screen.png Graphic file (type png)

<use media_query_screen.png>
Package pdftex.def Info: media_query_screen.png used on input line 2395.
(pdftex.def)             Requested size: 469.75502pt x 113.42346pt.

<media_query_print.png, id=1070, 800.9925pt x 272.01625pt>
File: media_query_print.png Graphic file (type png)

<use media_query_print.png>
Package pdftex.def Info: media_query_print.png used on input line 2404.
(pdftex.def)             Requested size: 469.75502pt x 159.52939pt.
 [46 <F:/Oscar/repos/lenguajes_marcas/_build/latex/media_query_screen.png>]
<mq_anchura_grande.png, id=1077, 1026.83624pt x 63.23625pt>
File: mq_anchura_grande.png Graphic file (type png)

<use mq_anchura_grande.png>
Package pdftex.def Info: mq_anchura_grande.png used on input line 2456.
(pdftex.def)             Requested size: 469.75502pt x 28.92885pt.

<mq_anchura_pequena.png, id=1078, 549.55313pt x 143.78719pt>
File: mq_anchura_pequena.png Graphic file (type png)

<use mq_anchura_pequena.png>
Package pdftex.def Info: mq_anchura_pequena.png used on input line 2465.
(pdftex.def)             Requested size: 469.75502pt x 122.913pt.
 [47 <F:/Oscar/repos/lenguajes_marcas/_build/latex/media_query_print.png>] [48 
<F:/Oscar/repos/lenguajes_marcas/_build/latex/mq_anchura_grande.png (PNG copy)>
 <F:/Oscar/repos/lenguajes_marcas/_build/latex/mq_anchura_pequena.png (PNG copy
)>] [49]
LaTeX Font Info:    Font shape `T1/pcr/bx/n' in size <12> not available
(Font)              Font shape `T1/pcr/b/n' tried instead on input line 1.
 [50]
<selectores1.png, id=1100, 750.55406pt x 389.20406pt>
File: selectores1.png Graphic file (type png)
 <use selectores1.png>
Package pdftex.def Info: selectores1.png used on input line 2670.
(pdftex.def)             Requested size: 469.75502pt x 243.59639pt.

<selectores2.png, id=1101, 759.58781pt x 374.90062pt>
File: selectores2.png Graphic file (type png)
 <use selectores2.png>
Package pdftex.def Info: selectores2.png used on input line 2682.
(pdftex.def)             Requested size: 469.75502pt x 231.8582pt.

<selectores3.png, id=1102, 760.34062pt x 386.19281pt>
File: selectores3.png Graphic file (type png)
 <use selectores3.png>
Package pdftex.def Info: selectores3.png used on input line 2698.
(pdftex.def)             Requested size: 469.75502pt x 238.60617pt.

Underfull \hbox (badness 10000) in paragraph at lines 2711--2712
[]\T1/ptm/m/n/10 Ahora s ve-re-mos que al-go cam-bia, en con-cre-to los ul-ti-
mos \T1/pcr/m/n/10 <span> \T1/ptm/m/n/10 que lle-van el
 []

[51 <F:/Oscar/repos/lenguajes_marcas/_build/latex/selectores1.png>] [52 <F:/Osc
ar/repos/lenguajes_marcas/_build/latex/selectores2.png> <F:/Oscar/repos/lenguaj
es_marcas/_build/latex/selectores3.png>]
<selectores4.png, id=1118, 743.77875pt x 377.91188pt>
File: selectores4.png Graphic file (type png)
 <use selectores4.png>
Package pdftex.def Info: selectores4.png used on input line 2722.
(pdftex.def)             Requested size: 469.75502pt x 238.68546pt.

[53 <F:/Oscar/repos/lenguajes_marcas/_build/latex/selectores4.png>]
LaTeX Font Info:    Font shape `T1/phv/bx/it' in size <12> not available
(Font)              Font shape `T1/phv/b/it' tried instead on input line 2768.
LaTeX Font Info:    Font shape `T1/phv/b/it' in size <12> not available
(Font)              Font shape `T1/phv/b/sl' tried instead on input line 2768.

<bs1.png, id=1127, 710.655pt x 76.03406pt>
File: bs1.png Graphic file (type png)
 <use bs1.png>
Package pdftex.def Info: bs1.png used on input line 2794.
(pdftex.def)             Requested size: 469.75502pt x 50.2615pt.
 [54 <F:/Oscar/repos/lenguajes_marcas/_build/latex/bs1.png>]
<bs2.png, id=1134, 284.56313pt x 125.71968pt>
File: bs2.png Graphic file (type png)
 <use bs2.png>
Package pdftex.def Info: bs2.png used on input line 2829.
(pdftex.def)             Requested size: 284.56242pt x 125.71936pt.
 [55 <F:/Oscar/repos/lenguajes_marcas/_build/latex/bs2.png>] [56

]
Cap\'{\i }tulo 4.
[57] [58] [59] [60] [61] [62] [63] [64] [65] [66] [67] [68]
Overfull \vbox (1.36993pt too high) detected at line 3628
 []

[69]
Overfull \vbox (0.88535pt too high) detected at line 3672
 []

[70] [71] [72] [73] [74] [75] [76] [77] [78]
Overfull \vbox (3.12766pt too high) detected at line 4241
 []

[79] [80] [81] [82]
Underfull \vbox (badness 10000) detected at line 4464
 []


Underfull \vbox (badness 10000) detected at line 4464
 []

[83] [84]
Cap\'{\i }tulo 5.
[85

] [86] [87] [88] [89] [90] [91] [92] [93] [94] [95] [96] [97] [98] [99]
[100]
Overfull \vbox (1.82733pt too high) detected at line 5565
 []

[101] [102] [103] [104]
<tipos_xml_schema.png, id=1402, 649.42625pt x 730.73pt>
File: tipos_xml_schema.png Graphic file (type png)

<use tipos_xml_schema.png>
Package pdftex.def Info: tipos_xml_schema.png used on input line 5830.
(pdftex.def)             Requested size: 469.75502pt x 528.5782pt.
 [105] [106 <F:/Oscar/repos/lenguajes_marcas/_build/latex/tipos_xml_schema.png>
] [107] [108] [109] [110] [111] [112] [113]
Overfull \vbox (2.0267pt too high) detected at line 6339
 []

[114] [115] [116] [117] [118] [119] [120] [121] [122] [123] [124] [125]
[126]
Underfull \vbox (badness 10000) detected at line 7174
 []


Underfull \vbox (badness 10000) detected at line 7174
 []

[127] [128]
Cap\'{\i }tulo 6.
[129

] [130] [131] [132] [133] [134] [135]
Underfull \vbox (badness 10000) detected at line 7705
 []


Underfull \vbox (badness 10000) detected at line 7705
 []

[136] [137] [138] [139] [140]
Overfull \vbox (2.12764pt too high) detected at line 8015
 []

[141] [142] [143] [144] [145] [146]
Underfull \vbox (badness 10000) detected at line 8690
 []


Underfull \vbox (badness 10000) detected at line 8690
 []

[147]
Underfull \vbox (badness 10000) detected at line 8690
 []


Underfull \vbox (badness 10000) detected at line 8690
 []

[148]
Underfull \vbox (badness 10000) detected at line 8690
 []


Underfull \vbox (badness 10000) detected at line 8690
 []

[149]
Underfull \vbox (badness 10000) detected at line 8690
 []


Underfull \vbox (badness 10000) detected at line 8690
 []

[150]
Underfull \vbox (badness 10000) detected at line 8690
 []


Underfull \vbox (badness 10000) detected at line 8690
 []

[151]
Underfull \vbox (badness 10000) detected at line 8690
 []


Underfull \vbox (badness 10000) detected at line 8690
 []

[152] [153]
Underfull \vbox (badness 10000) detected at line 8802
 []


Underfull \vbox (badness 10000) detected at line 8802
 []

[154] [155] [156] [157] [158

]
Cap\'{\i }tulo 7.
[159] [160] [161]
Overfull \vbox (0.82733pt too high) detected at line 9162
 []

[162] [163] <estilo-xml.png, id=1754, 453.19313pt x 195.73125pt>
File: estilo-xml.png Graphic file (type png)

<use estilo-xml.png>
Package pdftex.def Info: estilo-xml.png used on input line 9245.
(pdftex.def)             Requested size: 226.59601pt x 97.86537pt.
 <estilo-xml2.png, id=1755, 748.29562pt x 101.62968pt>
File: estilo-xml2.png Graphic file (type png)

<use estilo-xml2.png>
Package pdftex.def Info: estilo-xml2.png used on input line 9252.
(pdftex.def)             Requested size: 374.1469pt x 50.81471pt.

Overfull \vbox (2.13757pt too high) detected at line 9282
 []

[164 <F:/Oscar/repos/lenguajes_marcas/_build/latex/estilo-xml.png> <F:/Oscar/re
pos/lenguajes_marcas/_build/latex/estilo-xml2.png>] [165] [166]
Overfull \vbox (1.12764pt too high) detected at line 9460
 []

[167] [168] [169] [170] [171]
<ejercicio1xslpaso1.png, id=1800, 209.28188pt x 35.38219pt>
File: ejercicio1xslpaso1.png Graphic file (type png)

<use ejercicio1xslpaso1.png>
Package pdftex.def Info: ejercicio1xslpaso1.png used on input line 9769.
(pdftex.def)             Requested size: 209.28134pt x 35.3821pt.
 [172]
<ejercicio1xslpaso2.png, id=1806, 216.81pt x 201.00093pt>
File: ejercicio1xslpaso2.png Graphic file (type png)

<use ejercicio1xslpaso2.png>
Package pdftex.def Info: ejercicio1xslpaso2.png used on input line 9801.
(pdftex.def)             Requested size: 216.80946pt x 201.00043pt.
 [173 <F:/Oscar/repos/lenguajes_marcas/_build/latex/ejercicio1xslpaso1.png> <F:
/Oscar/repos/lenguajes_marcas/_build/latex/ejercicio1xslpaso2.png>] <ejercicio1
xslpaso3.png, id=1813, 224.33812pt x 155.07938pt>
File: ejercicio1xslpaso3.png Graphic file (type png)

<use ejercicio1xslpaso3.png>
Package pdftex.def Info: ejercicio1xslpaso3.png used on input line 9838.
(pdftex.def)             Requested size: 224.33757pt x 155.07898pt.
 [174 <F:/Oscar/repos/lenguajes_marcas/_build/latex/ejercicio1xslpaso3.png>]
<ejercicio1xslpaso4.png, id=1819, 228.855pt x 188.20313pt>
File: ejercicio1xslpaso4.png Graphic file (type png)

<use ejercicio1xslpaso4.png>
Package pdftex.def Info: ejercicio1xslpaso4.png used on input line 9886.
(pdftex.def)             Requested size: 228.85443pt x 188.20265pt.
 [175 <F:/Oscar/repos/lenguajes_marcas/_build/latex/ejercicio1xslpaso4.png>]
<tabla_tras_xslt1.png, id=1827, 307.90031pt x 153.57375pt>
File: tabla_tras_xslt1.png Graphic file (type png)

<use tabla_tras_xslt1.png>
Package pdftex.def Info: tabla_tras_xslt1.png used on input line 9944.
(pdftex.def)             Requested size: 153.94977pt x 76.78668pt.
 [176 <F:/Oscar/repos/lenguajes_marcas/_build/latex/tabla_tras_xslt1.png (PNG c
opy)>]
<xsl1.png, id=1833, 158.84344pt x 158.09062pt>
File: xsl1.png Graphic file (type png)
 <use xsl1.png>
Package pdftex.def Info: xsl1.png used on input line 10032.
(pdftex.def)             Requested size: 158.84305pt x 158.09023pt.
 [177] [178 <F:/Oscar/repos/lenguajes_marcas/_build/latex/xsl1.png>] [179] [180
]
Cap\'{\i }tulo 8.
[181

] [182] [183] [184]
Cap\'{\i }tulo 9.
<foto_01.png, id=1886, 413.545pt x 260.975pt>
File: foto_01.png Graphic file (type png)
 <use foto_01.png>
Package pdftex.def Info: foto_01.png used on input line 10358.
(pdftex.def)             Requested size: 248.1289pt x 156.5862pt.
 [185

 <F:/Oscar/repos/lenguajes_marcas/_build/latex/foto_01.png>]
Underfull \vbox (badness 10000) detected at line 10435
 []


Underfull \vbox (badness 10000) detected at line 10435
 []

[186] <foto_02.png, id=1896, 413.545pt x 260.975pt>
File: foto_02.png Graphic file (type png)
 <use foto_02.png>
Package pdftex.def Info: foto_02.png used on input line 10442.
(pdftex.def)             Requested size: 248.1289pt x 156.5862pt.

Overfull \vbox (0.57846pt too high) detected at line 10509
 []

[187 <F:/Oscar/repos/lenguajes_marcas/_build/latex/foto_02.png>]
<foto_03.png, id=1903, 413.545pt x 260.975pt>
File: foto_03.png Graphic file (type png)
 <use foto_03.png>
Package pdftex.def Info: foto_03.png used on input line 10516.
(pdftex.def)             Requested size: 248.1289pt x 156.5862pt.
 [188 <F:/Oscar/repos/lenguajes_marcas/_build/latex/foto_03.png>]
<foto_04.png, id=1909, 413.545pt x 260.975pt>
File: foto_04.png Graphic file (type png)
 <use foto_04.png>
Package pdftex.def Info: foto_04.png used on input line 10579.
(pdftex.def)             Requested size: 248.1289pt x 156.5862pt.
 [189]
Overfull \vbox (1.15617pt too high) detected at line 10696
 []

[190 <F:/Oscar/repos/lenguajes_marcas/_build/latex/foto_04.png>]
Underfull \vbox (badness 10000) detected at line 10696
 []


Underfull \vbox (badness 10000) detected at line 10696
 []

[191] <foto_05.png, id=1923, 413.545pt x 260.975pt>
File: foto_05.png Graphic file (type png)
 <use foto_05.png>
Package pdftex.def Info: foto_05.png used on input line 10703.
(pdftex.def)             Requested size: 248.1289pt x 156.5862pt.

Overfull \vbox (0.57846pt too high) detected at line 10793
 []

[192 <F:/Oscar/repos/lenguajes_marcas/_build/latex/foto_05.png>]
Underfull \vbox (badness 10000) detected at line 10793
 []


Underfull \vbox (badness 10000) detected at line 10793
 []

[193] <foto_06.png, id=1934, 413.545pt x 260.975pt>
File: foto_06.png Graphic file (type png)
 <use foto_06.png>
Package pdftex.def Info: foto_06.png used on input line 10800.
(pdftex.def)             Requested size: 248.1289pt x 156.5862pt.

Overfull \vbox (0.57846pt too high) detected at line 10860
 []

[194 <F:/Oscar/repos/lenguajes_marcas/_build/latex/foto_06.png>]
<foto_07.png, id=1940, 413.545pt x 260.975pt>
File: foto_07.png Graphic file (type png)
 <use foto_07.png>
Package pdftex.def Info: foto_07.png used on input line 10867.
(pdftex.def)             Requested size: 248.1289pt x 156.5862pt.

Overfull \vbox (0.57846pt too high) detected at line 10930
 []

[195 <F:/Oscar/repos/lenguajes_marcas/_build/latex/foto_07.png>]
<foto_08.png, id=1946, 413.545pt x 260.975pt>
File: foto_08.png Graphic file (type png)
 <use foto_08.png>
Package pdftex.def Info: foto_08.png used on input line 10937.
(pdftex.def)             Requested size: 248.1289pt x 156.5862pt.
 [196]
Overfull \vbox (1.15617pt too high) detected at line 11016
 []

[197 <F:/Oscar/repos/lenguajes_marcas/_build/latex/foto_08.png>]
<foto_09.png, id=1956, 413.545pt x 260.975pt>
File: foto_09.png Graphic file (type png)
 <use foto_09.png>
Package pdftex.def Info: foto_09.png used on input line 11023.
(pdftex.def)             Requested size: 248.1289pt x 156.5862pt.

Overfull \vbox (0.57846pt too high) detected at line 11063
 []

[198 <F:/Oscar/repos/lenguajes_marcas/_build/latex/foto_09.png>]
<foto_10.png, id=1962, 413.545pt x 260.975pt>
File: foto_10.png Graphic file (type png)
 <use foto_10.png>
Package pdftex.def Info: foto_10.png used on input line 11070.
(pdftex.def)             Requested size: 248.1289pt x 156.5862pt.
 [199 <F:/Oscar/repos/lenguajes_marcas/_build/latex/foto_10.png>]
Underfull \vbox (badness 10000) detected at line 11177
 []


Underfull \vbox (badness 10000) detected at line 11177
 []

[200] <foto_11.png, id=1973, 413.545pt x 260.975pt>
File: foto_11.png Graphic file (type png)
 <use foto_11.png>
Package pdftex.def Info: foto_11.png used on input line 11184.
(pdftex.def)             Requested size: 248.1289pt x 156.5862pt.
 [201]
Overfull \vbox (1.15617pt too high) detected at line 11259
 []

[202 <F:/Oscar/repos/lenguajes_marcas/_build/latex/foto_11.png>]
<foto_12.png, id=1983, 413.545pt x 260.975pt>
File: foto_12.png Graphic file (type png)
 <use foto_12.png>
Package pdftex.def Info: foto_12.png used on input line 11266.
(pdftex.def)             Requested size: 248.1289pt x 156.5862pt.

Overfull \vbox (0.57846pt too high) detected at line 11295
 []

[203 <F:/Oscar/repos/lenguajes_marcas/_build/latex/foto_12.png>]
<foto_13.png, id=1989, 413.545pt x 260.975pt>
File: foto_13.png Graphic file (type png)
 <use foto_13.png>
Package pdftex.def Info: foto_13.png used on input line 11302.
(pdftex.def)             Requested size: 248.1289pt x 156.5862pt.

Overfull \vbox (0.57846pt too high) detected at line 11366
 []

[204 <F:/Oscar/repos/lenguajes_marcas/_build/latex/foto_13.png>]
<foto_14.png, id=1995, 413.545pt x 260.975pt>
File: foto_14.png Graphic file (type png)
 <use foto_14.png>
Package pdftex.def Info: foto_14.png used on input line 11373.
(pdftex.def)             Requested size: 248.1289pt x 156.5862pt.
 [205]
Overfull \vbox (1.15617pt too high) detected at line 11421
 []

[206 <F:/Oscar/repos/lenguajes_marcas/_build/latex/foto_14.png>]
<foto_15.png, id=2006, 413.545pt x 260.975pt>
File: foto_15.png Graphic file (type png)
 <use foto_15.png>
Package pdftex.def Info: foto_15.png used on input line 11428.
(pdftex.def)             Requested size: 248.1289pt x 156.5862pt.

<foto_16.png, id=2007, 413.545pt x 260.975pt>
File: foto_16.png Graphic file (type png)
 <use foto_16.png>
Package pdftex.def Info: foto_16.png used on input line 11462.
(pdftex.def)             Requested size: 248.1289pt x 156.5862pt.
 [207 <F:/Oscar/repos/lenguajes_marcas/_build/latex/foto_15.png>]
Overfull \vbox (1.15617pt too high) detected at line 11516
 []

[208 <F:/Oscar/repos/lenguajes_marcas/_build/latex/foto_16.png>]
<foto_17.png, id=2018, 413.545pt x 260.975pt>
File: foto_17.png Graphic file (type png)
 <use foto_17.png>
Package pdftex.def Info: foto_17.png used on input line 11523.
(pdftex.def)             Requested size: 248.1289pt x 156.5862pt.

Overfull \vbox (0.57846pt too high) detected at line 11565
 []

[209 <F:/Oscar/repos/lenguajes_marcas/_build/latex/foto_17.png>]
<foto_18.png, id=2024, 413.545pt x 260.975pt>
File: foto_18.png Graphic file (type png)
 <use foto_18.png>
Package pdftex.def Info: foto_18.png used on input line 11572.
(pdftex.def)             Requested size: 248.1289pt x 156.5862pt.

Overfull \vbox (0.57846pt too high) detected at line 11604
 []

[210 <F:/Oscar/repos/lenguajes_marcas/_build/latex/foto_18.png>]
<foto_19.png, id=2030, 413.545pt x 260.975pt>
File: foto_19.png Graphic file (type png)
 <use foto_19.png>
Package pdftex.def Info: foto_19.png used on input line 11611.
(pdftex.def)             Requested size: 248.1289pt x 156.5862pt.
 [211 <F:/Oscar/repos/lenguajes_marcas/_build/latex/foto_19.png>] [212

]
Cap\'{\i }tulo 10.
<foto_formulario_01.png, id=2041, 473.77pt x 622.325pt>
File: foto_formulario_01.png Graphic file (type png)

<use foto_formulario_01.png>
Package pdftex.def Info: foto_formulario_01.png used on input line 11657.
(pdftex.def)             Requested size: 284.26419pt x 373.39787pt.
 [213]
<foto_formulario_02.png, id=2046, 473.77pt x 622.325pt>
File: foto_formulario_02.png Graphic file (type png)

<use foto_formulario_02.png>
Package pdftex.def Info: foto_formulario_02.png used on input line 11686.
(pdftex.def)             Requested size: 284.26419pt x 373.39787pt.
 [214 <F:/Oscar/repos/lenguajes_marcas/_build/latex/foto_formulario_01.png>]
<foto_formulario_03.png, id=2051, 473.77pt x 622.325pt>
File: foto_formulario_03.png Graphic file (type png)

<use foto_formulario_03.png>
Package pdftex.def Info: foto_formulario_03.png used on input line 11716.
(pdftex.def)             Requested size: 284.26419pt x 373.39787pt.
 [215 <F:/Oscar/repos/lenguajes_marcas/_build/latex/foto_formulario_02.png>]
<foto_formulario_04.png, id=2056, 473.77pt x 622.325pt>
File: foto_formulario_04.png Graphic file (type png)

<use foto_formulario_04.png>
Package pdftex.def Info: foto_formulario_04.png used on input line 11741.
(pdftex.def)             Requested size: 284.26419pt x 373.39787pt.
 [216 <F:/Oscar/repos/lenguajes_marcas/_build/latex/foto_formulario_03.png>] [2
17 <F:/Oscar/repos/lenguajes_marcas/_build/latex/foto_formulario_04.png>] <foto
_formulario_05.png, id=2066, 473.77pt x 622.325pt>
File: foto_formulario_05.png Graphic file (type png)

<use foto_formulario_05.png>
Package pdftex.def Info: foto_formulario_05.png used on input line 11778.
(pdftex.def)             Requested size: 284.26419pt x 373.39787pt.

Overfull \vbox (1.13277pt too high) detected at line 11811
 []

[218 <F:/Oscar/repos/lenguajes_marcas/_build/latex/foto_formulario_05.png>]
<foto_formulario_06.png, id=2071, 473.77pt x 622.325pt>
File: foto_formulario_06.png Graphic file (type png)

<use foto_formulario_06.png>
Package pdftex.def Info: foto_formulario_06.png used on input line 11832.
(pdftex.def)             Requested size: 284.26419pt x 373.39787pt.
 [219] [220 <F:/Oscar/repos/lenguajes_marcas/_build/latex/foto_formulario_06.pn
g>]
<foto_formulario_07.png, id=2080, 473.77pt x 622.325pt>
File: foto_formulario_07.png Graphic file (type png)

<use foto_formulario_07.png>
Package pdftex.def Info: foto_formulario_07.png used on input line 11885.
(pdftex.def)             Requested size: 284.26419pt x 373.39787pt.
 [221] [222 <F:/Oscar/repos/lenguajes_marcas/_build/latex/foto_formulario_07.pn
g>]
<foto_formulario_08.png, id=2089, 473.77pt x 622.325pt>
File: foto_formulario_08.png Graphic file (type png)

<use foto_formulario_08.png>
Package pdftex.def Info: foto_formulario_08.png used on input line 11940.
(pdftex.def)             Requested size: 284.26419pt x 373.39787pt.
 [223] [224 <F:/Oscar/repos/lenguajes_marcas/_build/latex/foto_formulario_08.pn
g>]
<foto_formulario_09.png, id=2099, 473.77pt x 622.325pt>
File: foto_formulario_09.png Graphic file (type png)

<use foto_formulario_09.png>
Package pdftex.def Info: foto_formulario_09.png used on input line 11981.
(pdftex.def)             Requested size: 284.26419pt x 373.39787pt.
 [225 <F:/Oscar/repos/lenguajes_marcas/_build/latex/foto_formulario_09.png>]
<foto_formulario_10.png, id=2104, 473.77pt x 622.325pt>
File: foto_formulario_10.png Graphic file (type png)

<use foto_formulario_10.png>
Package pdftex.def Info: foto_formulario_10.png used on input line 12033.
(pdftex.def)             Requested size: 284.26419pt x 373.39787pt.
 [226] [227 <F:/Oscar/repos/lenguajes_marcas/_build/latex/foto_formulario_10.pn
g>]
<foto_formulario_11.png, id=2113, 473.77pt x 622.325pt>
File: foto_formulario_11.png Graphic file (type png)

<use foto_formulario_11.png>
Package pdftex.def Info: foto_formulario_11.png used on input line 12102.
(pdftex.def)             Requested size: 284.26419pt x 373.39787pt.
 [228] [229 <F:/Oscar/repos/lenguajes_marcas/_build/latex/foto_formulario_11.pn
g>]
<foto_formulario_12.png, id=2123, 473.77pt x 622.325pt>
File: foto_formulario_12.png Graphic file (type png)

<use foto_formulario_12.png>
Package pdftex.def Info: foto_formulario_12.png used on input line 12172.
(pdftex.def)             Requested size: 284.26419pt x 373.39787pt.
 [230] [231 <F:/Oscar/repos/lenguajes_marcas/_build/latex/foto_formulario_12.pn
g>]
<foto_formulario_13.png, id=2132, 473.77pt x 622.325pt>
File: foto_formulario_13.png Graphic file (type png)

<use foto_formulario_13.png>
Package pdftex.def Info: foto_formulario_13.png used on input line 12253.
(pdftex.def)             Requested size: 284.26419pt x 373.39787pt.
 [232] [233 <F:/Oscar/repos/lenguajes_marcas/_build/latex/foto_formulario_13.pn
g>]
Underfull \hbox (badness 5756) in paragraph at lines 12303--12304
[]\T1/ptm/m/n/10 Contiene los si-guien-tes \T1/pcr/m/n/10 radiobuttons\T1/ptm/m
/n/10 :radio con el \T1/pcr/m/n/10 name \T1/ptm/m/n/10 me-dio_transporte , \T
1/pcr/m/n/10 value \T1/ptm/m/n/10 me-
 []

<foto_formulario_14.png, id=2141, 473.77pt x 622.325pt>
File: foto_formulario_14.png Graphic file (type png)

<use foto_formulario_14.png>
Package pdftex.def Info: foto_formulario_14.png used on input line 12316.
(pdftex.def)             Requested size: 284.26419pt x 373.39787pt.
 [234] [235 <F:/Oscar/repos/lenguajes_marcas/_build/latex/foto_formulario_14.pn
g>]
<foto_formulario_15.png, id=2151, 473.77pt x 622.325pt>
File: foto_formulario_15.png Graphic file (type png)

<use foto_formulario_15.png>
Package pdftex.def Info: foto_formulario_15.png used on input line 12368.
(pdftex.def)             Requested size: 284.26419pt x 373.39787pt.
 [236] [237 <F:/Oscar/repos/lenguajes_marcas/_build/latex/foto_formulario_15.pn
g>]
<foto_formulario_16.png, id=2160, 473.77pt x 622.325pt>
File: foto_formulario_16.png Graphic file (type png)

<use foto_formulario_16.png>
Package pdftex.def Info: foto_formulario_16.png used on input line 12423.
(pdftex.def)             Requested size: 284.26419pt x 373.39787pt.
 [238]
<foto_formulario_17.png, id=2165, 473.77pt x 622.325pt>
File: foto_formulario_17.png Graphic file (type png)

<use foto_formulario_17.png>
Package pdftex.def Info: foto_formulario_17.png used on input line 12455.
(pdftex.def)             Requested size: 284.26419pt x 373.39787pt.
 [239 <F:/Oscar/repos/lenguajes_marcas/_build/latex/foto_formulario_16.png>] [2
40 <F:/Oscar/repos/lenguajes_marcas/_build/latex/foto_formulario_17.png>] <foto
_formulario_18.png, id=2174, 473.77pt x 622.325pt>
File: foto_formulario_18.png Graphic file (type png)

<use foto_formulario_18.png>
Package pdftex.def Info: foto_formulario_18.png used on input line 12495.
(pdftex.def)             Requested size: 284.26419pt x 373.39787pt.

Overfull \vbox (1.13277pt too high) detected at line 12529
 []

[241 <F:/Oscar/repos/lenguajes_marcas/_build/latex/foto_formulario_18.png>]
<foto_formulario_19.png, id=2180, 473.77pt x 622.325pt>
File: foto_formulario_19.png Graphic file (type png)

<use foto_formulario_19.png>
Package pdftex.def Info: foto_formulario_19.png used on input line 12559.
(pdftex.def)             Requested size: 284.26419pt x 373.39787pt.
 [242] [243 <F:/Oscar/repos/lenguajes_marcas/_build/latex/foto_formulario_19.pn
g>]
<foto_formulario_20.png, id=2189, 473.77pt x 622.325pt>
File: foto_formulario_20.png Graphic file (type png)

<use foto_formulario_20.png>
Package pdftex.def Info: foto_formulario_20.png used on input line 12616.
(pdftex.def)             Requested size: 284.26419pt x 373.39787pt.
 [244] [245 <F:/Oscar/repos/lenguajes_marcas/_build/latex/foto_formulario_20.pn
g>] [246

]
Cap\'{\i }tulo 11.
<lista_punteada.png, id=2202, 464.4853pt x 298.86656pt>
File: lista_punteada.png Graphic file (type png)

<use lista_punteada.png>
Package pdftex.def Info: lista_punteada.png used on input line 12664.
(pdftex.def)             Requested size: 232.24208pt x 149.4329pt.
 [247] [248 <F:/Oscar/repos/lenguajes_marcas/_build/latex/lista_punteada.png (P
NG copy)>]
<xslt_tabla_edificio_aula.png, id=2212, 363.60844pt x 322.20375pt>
File: xslt_tabla_edificio_aula.png Graphic file (type png)

<use xslt_tabla_edificio_aula.png>
Package pdftex.def Info: xslt_tabla_edificio_aula.png used on input line 12749.

(pdftex.def)             Requested size: 181.80377pt x 161.10147pt.
 [249 <F:/Oscar/repos/lenguajes_marcas/_build/latex/xslt_tabla_edificio_aula.pn
g (PNG copy)>]
<xslt_tabla_edificio_separadas.png, id=2217, 246.1697pt x 344.78813pt>
File: xslt_tabla_edificio_separadas.png Graphic file (type png)

<use xslt_tabla_edificio_separadas.png>
Package pdftex.def Info: xslt_tabla_edificio_separadas.png used on input line 1
2790.
(pdftex.def)             Requested size: 123.08453pt x 172.39363pt.
 [250 <F:/Oscar/repos/lenguajes_marcas/_build/latex/xslt_tabla_edificio_separad
as.png (PNG copy)>] [251] [252] [253]
[254] [255] [256] [257] [258] [259] [260] [261] [262] [263] [264]
No file ApuntesDeLenguajesDeMarcas.ind.
Package atveryend Info: Empty hook `BeforeClearDocument' on input line 13670.
[265]
Package atveryend Info: Empty hook `AfterLastShipout' on input line 13670.

(F:\Oscar\repos\lenguajes_marcas\_build\latex\ApuntesDeLenguajesDeMarcas.aux)
Package atveryend Info: Executing hook `AtVeryEndDocument' on input line 13670.

Package atveryend Info: Executing hook `AtEndAfterFileList' on input line 13670
.
Package rerunfilecheck Info: File `ApuntesDeLenguajesDeMarcas.out' has not chan
ged.
(rerunfilecheck)             Checksum: A112CE9E5823C8B96FFA9327D865495E;21328.
Package atveryend Info: Empty hook `AtVeryVeryEnd' on input line 13670.
 ) 
Here is how much of TeX's memory you used:
 15157 strings out of 493921
 216254 string characters out of 3144867
 1268099 words of memory out of 3000000
 17344 multiletter control sequences out of 15000+200000
 63567 words of font info for 85 fonts, out of 3000000 for 9000
 842 hyphenation exceptions out of 8191
 38i,12n,51p,1075b,627s stack positions out of 5000i,500n,10000p,200000b,50000s
{C:/Program Files (x86)/MiKTeX 2.9/fonts/enc/dvips/fontname/8r.enc}<C:/Progra
m Files (x86)/MiKTeX 2.9/fonts/type1/public/amsfonts/cm/cmmi5.pfb><C:/Program F
iles (x86)/MiKTeX 2.9/fonts/type1/public/amsfonts/cm/cmsy10.pfb><C:/Program Fil
es (x86)/MiKTeX 2.9/fonts/type1/public/amsfonts/cm/cmsy5.pfb><C:/Program Files 
(x86)/MiKTeX 2.9/fonts/type1/urw/courier/ucrb8a.pfb><C:/Program Files (x86)/MiK
TeX 2.9/fonts/type1/urw/courier/ucrr8a.pfb><C:/Program Files (x86)/MiKTeX 2.9/f
onts/type1/urw/courier/ucrro8a.pfb><C:/Program Files (x86)/MiKTeX 2.9/fonts/typ
e1/urw/helvetic/uhvb8a.pfb><C:/Program Files (x86)/MiKTeX 2.9/fonts/type1/urw/h
elvetic/uhvbo8a.pfb><C:/Program Files (x86)/MiKTeX 2.9/fonts/type1/urw/helvetic
/uhvr8a.pfb><C:/Program Files (x86)/MiKTeX 2.9/fonts/type1/urw/times/utmb8a.pfb
><C:/Program Files (x86)/MiKTeX 2.9/fonts/type1/urw/times/utmr8a.pfb><C:/Progra
m Files (x86)/MiKTeX 2.9/fonts/type1/urw/times/utmri8a.pfb>
Output written on ApuntesDeLenguajesDeMarcas.pdf (271 pages, 2486067 bytes).
PDF statistics:
 2497 PDF objects out of 2984 (max. 8388607)
 720 named destinations out of 1000 (max. 500000)
 1615 words of extra memory for PDF output out of 10000 (max. 10000000)

