\BOOKMARK [0][-]{chapter.1}{\376\377\000I\000n\000t\000r\000o\000d\000u\000c\000c\000i\000\363\000n}{}% 1
\BOOKMARK [1][-]{section.1.1}{\376\377\000H\000i\000s\000t\000o\000r\000i\000a}{chapter.1}% 2
\BOOKMARK [2][-]{subsection.1.1.1}{\376\377\000E\000l\000\040\000p\000a\000s\000a\000d\000o}{section.1.1}% 3
\BOOKMARK [2][-]{subsection.1.1.2}{\376\377\000E\000l\000\040\000p\000r\000e\000s\000e\000n\000t\000e}{section.1.1}% 4
\BOOKMARK [2][-]{subsection.1.1.3}{\376\377\000E\000l\000\040\000f\000u\000t\000u\000r\000o}{section.1.1}% 5
\BOOKMARK [1][-]{section.1.2}{\376\377\000S\000e\000r\000v\000i\000d\000o\000r\000e\000s\000\040\000w\000e\000b}{chapter.1}% 6
\BOOKMARK [2][-]{subsection.1.2.1}{\376\377\000C\000o\000m\000o\000\040\000c\000o\000n\000f\000i\000g\000u\000r\000a\000r\000\040\000u\000n\000\040\000s\000e\000r\000v\000i\000d\000o\000r\000\040\000e\000n\000\040\000c\000a\000s\000a}{section.1.2}% 7
\BOOKMARK [1][-]{section.1.3}{\376\377\000L\000o\000s\000\040\000n\000o\000m\000b\000r\000e\000s\000\040\000d\000e\000\040\000d\000o\000m\000i\000n\000i\000o}{chapter.1}% 8
\BOOKMARK [1][-]{section.1.4}{\376\377\000L\000o\000s\000\040\000s\000i\000s\000t\000e\000m\000a\000s\000\040\000d\000e\000\040\000g\000e\000s\000t\000i\000\363\000n\000\040\000d\000e\000\040\000i\000n\000f\000o\000r\000m\000a\000c\000i\000\363\000n}{chapter.1}% 9
\BOOKMARK [1][-]{section.1.5}{\376\377\000T\000i\000p\000o\000s\000\040\000d\000e\000\040\000l\000e\000n\000g\000u\000a\000j\000e\000s}{chapter.1}% 10
\BOOKMARK [1][-]{section.1.6}{\376\377\000O\000r\000g\000a\000n\000i\000s\000m\000o\000s\000\040\000d\000e\000\040\000r\000e\000g\000u\000l\000a\000c\000i\000\363\000n}{chapter.1}% 11
\BOOKMARK [1][-]{section.1.7}{\376\377\000G\000r\000a\000m\000\341\000t\000i\000c\000a\000s\000\040\000y\000\040\000D\000T\000D\040\031\000s}{chapter.1}% 12
\BOOKMARK [1][-]{section.1.8}{\376\377\000X\000M\000L\000\040\000S\000c\000h\000e\000m\000a\000s}{chapter.1}% 13
\BOOKMARK [1][-]{section.1.9}{\376\377\000D\000e\000f\000i\000n\000i\000c\000i\000o\000n\000e\000s}{chapter.1}% 14
\BOOKMARK [0][-]{chapter.2}{\376\377\000H\000T\000M\000L\0005}{}% 15
\BOOKMARK [1][-]{section.2.1}{\376\377\000I\000n\000t\000r\000o\000d\000u\000c\000c\000i\000\363\000n}{chapter.2}% 16
\BOOKMARK [1][-]{section.2.2}{\376\377\000E\000t\000i\000q\000u\000e\000t\000a\000s\000\040\000e\000s\000t\000r\000u\000c\000t\000u\000r\000a\000l\000e\000s}{chapter.2}% 17
\BOOKMARK [1][-]{section.2.3}{\376\377\000E\000t\000i\000q\000u\000e\000t\000a\000s\000\040\000d\000e\000\040\000f\000o\000r\000m\000a\000t\000o}{chapter.2}% 18
\BOOKMARK [1][-]{section.2.4}{\376\377\000G\000e\000s\000t\000i\000\363\000n\000\040\000d\000e\000\040\000e\000s\000p\000a\000c\000i\000o\000s}{chapter.2}% 19
\BOOKMARK [1][-]{section.2.5}{\376\377\000E\000n\000t\000i\000d\000a\000d\000e\000s}{chapter.2}% 20
\BOOKMARK [1][-]{section.2.6}{\376\377\000T\000e\000x\000t\000o\000\040\000p\000r\000e\000f\000o\000r\000m\000a\000t\000e\000a\000d\000o}{chapter.2}% 21
\BOOKMARK [1][-]{section.2.7}{\376\377\000L\000i\000s\000t\000a\000s}{chapter.2}% 22
\BOOKMARK [2][-]{subsection.2.7.1}{\376\377\000E\000j\000e\000r\000c\000i\000c\000i\000o}{section.2.7}% 23
\BOOKMARK [1][-]{section.2.8}{\376\377\000T\000a\000b\000l\000a\000s}{chapter.2}% 24
\BOOKMARK [2][-]{subsection.2.8.1}{\376\377\000U\000n\000\040\000e\000j\000e\000m\000p\000l\000o\000\040\000d\000e\000\040\000t\000a\000b\000l\000a}{section.2.8}% 25
\BOOKMARK [2][-]{subsection.2.8.2}{\376\377\000E\000j\000e\000r\000c\000i\000c\000i\000o\000\040\000s\000o\000b\000r\000e\000\040\000t\000a\000b\000l\000a\000s}{section.2.8}% 26
\BOOKMARK [2][-]{subsection.2.8.3}{\376\377\000S\000o\000l\000u\000c\000i\000\363\000n}{section.2.8}% 27
\BOOKMARK [2][-]{subsection.2.8.4}{\376\377\000E\000j\000e\000r\000c\000i\000c\000i\000o\000\040\000s\000o\000b\000r\000e\000\040\000t\000a\000b\000l\000a\000s\000\040\000\050\000I\000I\000\051}{section.2.8}% 28
\BOOKMARK [2][-]{subsection.2.8.5}{\376\377\000S\000o\000l\000u\000c\000i\000\363\000n}{section.2.8}% 29
\BOOKMARK [2][-]{subsection.2.8.6}{\376\377\000E\000j\000e\000r\000c\000i\000c\000i\000o\000\040\000s\000o\000b\000r\000e\000\040\000t\000a\000b\000l\000a\000s\000\040\000\050\000I\000I\000I\000\051}{section.2.8}% 30
\BOOKMARK [2][-]{subsection.2.8.7}{\376\377\000S\000o\000l\000u\000c\000i\000\363\000n}{section.2.8}% 31
\BOOKMARK [2][-]{subsection.2.8.8}{\376\377\000E\000j\000e\000r\000c\000i\000c\000i\000o\000\040\000s\000o\000b\000r\000e\000\040\000t\000a\000b\000l\000a\000s\000\040\000\050\000V\000\051}{section.2.8}% 32
\BOOKMARK [2][-]{subsection.2.8.9}{\376\377\000S\000o\000l\000u\000c\000i\000\363\000n}{section.2.8}% 33
\BOOKMARK [2][-]{subsection.2.8.10}{\376\377\000E\000j\000e\000r\000c\000i\000c\000i\000o\000\040\000s\000o\000b\000r\000e\000\040\000t\000a\000b\000l\000a\000s\000\040\000\050\000V\000I\000\051}{section.2.8}% 34
\BOOKMARK [2][-]{subsection.2.8.11}{\376\377\000S\000o\000l\000u\000c\000i\000\363\000n}{section.2.8}% 35
\BOOKMARK [2][-]{subsection.2.8.12}{\376\377\000E\000j\000e\000r\000c\000i\000c\000i\000o\000\040\000s\000o\000b\000r\000e\000\040\000t\000a\000b\000l\000a\000s\000\040\000\050\000V\000I\000I\000\051}{section.2.8}% 36
\BOOKMARK [2][-]{subsection.2.8.13}{\376\377\000S\000o\000l\000u\000c\000i\000\363\000n}{section.2.8}% 37
\BOOKMARK [2][-]{subsection.2.8.14}{\376\377\000E\000j\000e\000r\000c\000i\000c\000i\000o\000\040\000s\000o\000b\000r\000e\000\040\000t\000a\000b\000l\000a\000s\000\040\000\050\000V\000I\000I\000I\000\051}{section.2.8}% 38
\BOOKMARK [2][-]{subsection.2.8.15}{\376\377\000S\000o\000l\000u\000c\000i\000\363\000n}{section.2.8}% 39
\BOOKMARK [1][-]{section.2.9}{\376\377\000F\000o\000r\000m\000u\000l\000a\000r\000i\000o\000s}{chapter.2}% 40
\BOOKMARK [2][-]{subsection.2.9.1}{\376\377\000C\000a\000m\000p\000o\000\040\000d\000e\000\040\000t\000e\000x\000t\000o}{section.2.9}% 41
\BOOKMARK [2][-]{subsection.2.9.2}{\376\377\000S\000e\000l\000e\000c\000t\000o\000r\000\040\000\372\000n\000i\000c\000o\000\040\000\050\000r\000a\000d\000i\000o\000-\000b\000u\000t\000t\000o\000n\000\051}{section.2.9}% 42
\BOOKMARK [2][-]{subsection.2.9.3}{\376\377\000S\000e\000l\000e\000c\000t\000o\000r\000\040\000m\000\372\000l\000t\000i\000p\000l\000e\000\040\000\050\000c\000h\000e\000c\000k\000b\000o\000x\000\051}{section.2.9}% 43
\BOOKMARK [2][-]{subsection.2.9.4}{\376\377\000L\000i\000s\000t\000a\000\040\000d\000e\000s\000p\000l\000e\000g\000a\000b\000l\000e}{section.2.9}% 44
\BOOKMARK [2][-]{subsection.2.9.5}{\376\377\000T\000e\000x\000t\000a\000r\000e\000a\000s}{section.2.9}% 45
\BOOKMARK [1][-]{section.2.10}{\376\377\000E\000j\000e\000r\000c\000i\000c\000i\000o\000s\000\040\000t\000i\000p\000o\000\040\000e\000x\000a\000m\000e\000n}{chapter.2}% 46
\BOOKMARK [2][-]{subsection.2.10.1}{\376\377\000E\000n\000u\000n\000c\000i\000a\000d\000o}{section.2.10}% 47
\BOOKMARK [2][-]{subsection.2.10.2}{\376\377\000S\000o\000l\000u\000c\000i\000\363\000n}{section.2.10}% 48
\BOOKMARK [2][-]{subsection.2.10.3}{\376\377\000E\000n\000u\000n\000c\000i\000a\000d\000o}{section.2.10}% 49
\BOOKMARK [2][-]{subsection.2.10.4}{\376\377\000S\000o\000l\000u\000c\000i\000\363\000n}{section.2.10}% 50
\BOOKMARK [2][-]{subsection.2.10.5}{\376\377\000E\000n\000u\000n\000c\000i\000a\000d\000o}{section.2.10}% 51
\BOOKMARK [2][-]{subsection.2.10.6}{\376\377\000S\000o\000l\000u\000c\000i\000\363\000n}{section.2.10}% 52
\BOOKMARK [2][-]{subsection.2.10.7}{\376\377\000E\000n\000u\000n\000c\000i\000a\000d\000o}{section.2.10}% 53
\BOOKMARK [2][-]{subsection.2.10.8}{\376\377\000S\000o\000l\000u\000c\000i\000\363\000n}{section.2.10}% 54
\BOOKMARK [2][-]{subsection.2.10.9}{\376\377\000E\000n\000u\000n\000c\000i\000a\000d\000o}{section.2.10}% 55
\BOOKMARK [2][-]{subsection.2.10.10}{\376\377\000E\000n\000u\000n\000c\000i\000a\000d\000o}{section.2.10}% 56
\BOOKMARK [2][-]{subsection.2.10.11}{\376\377\000S\000o\000l\000u\000c\000i\000\363\000n}{section.2.10}% 57
\BOOKMARK [1][-]{section.2.11}{\376\377\000E\000x\000a\000m\000e\000n}{chapter.2}% 58
\BOOKMARK [0][-]{chapter.3}{\376\377\000C\000S\000S}{}% 59
\BOOKMARK [1][-]{section.3.1}{\376\377\000I\000n\000t\000r\000o\000d\000u\000c\000c\000i\000\363\000n}{chapter.3}% 60
\BOOKMARK [1][-]{section.3.2}{\376\377\000S\000i\000n\000t\000a\000x\000i\000s}{chapter.3}% 61
\BOOKMARK [1][-]{section.3.3}{\376\377\000L\000o\000s\000\040\000a\000t\000r\000i\000b\000u\000t\000o\000s\000\040\000c\000l\000a\000s\000s\000\040\000e\000\040\000i\000d}{chapter.3}% 62
\BOOKMARK [1][-]{section.3.4}{\376\377\000P\000o\000s\000i\000c\000i\000o\000n\000a\000m\000i\000e\000n\000t\000o}{chapter.3}% 63
\BOOKMARK [2][-]{subsection.3.4.1}{\376\377\000E\000j\000e\000r\000c\000i\000c\000i\000o\000\040\000p\000r\000o\000p\000u\000e\000s\000t\000o}{section.3.4}% 64
\BOOKMARK [2][-]{subsection.3.4.2}{\376\377\000E\000j\000e\000r\000c\000i\000c\000i\000o\000\040\000p\000r\000o\000p\000u\000e\000s\000t\000o\000\040\000\050\000I\000I\000\051}{section.3.4}% 65
\BOOKMARK [2][-]{subsection.3.4.3}{\376\377\000E\000j\000e\000r\000c\000i\000c\000i\000o\000\040\000d\000e\000\040\000m\000a\000q\000u\000e\000t\000a\000c\000i\000\363\000n}{section.3.4}% 66
\BOOKMARK [2][-]{subsection.3.4.4}{\376\377\000E\000j\000e\000r\000c\000i\000c\000i\000o\000\040\0002\000\040\000d\000e\000\040\000m\000a\000q\000u\000e\000t\000a\000c\000i\000\363\000n}{section.3.4}% 67
\BOOKMARK [2][-]{subsection.3.4.5}{\376\377\000H\000T\000M\000L}{section.3.4}% 68
\BOOKMARK [2][-]{subsection.3.4.6}{\376\377\000C\000S\000S}{section.3.4}% 69
\BOOKMARK [2][-]{subsection.3.4.7}{\376\377\000E\000j\000e\000r\000c\000i\000c\000i\000o\000:\000\040\000b\000a\000r\000r\000a\000\040\000d\000e\000\040\000h\000e\000r\000r\000a\000m\000i\000e\000n\000t\000a\000s}{section.3.4}% 70
\BOOKMARK [2][-]{subsection.3.4.8}{\376\377\000E\000j\000e\000r\000c\000i\000c\000i\000o\000:\000\040\000a\000m\000p\000l\000i\000a\000c\000i\000\363\000n}{section.3.4}% 71
\BOOKMARK [2][-]{subsection.3.4.9}{\376\377\000E\000j\000e\000r\000c\000i\000c\000i\000o}{section.3.4}% 72
\BOOKMARK [1][-]{section.3.5}{\376\377\000P\000o\000s\000i\000c\000i\000o\000n\000a\000m\000i\000e\000n\000t\000o\000\040\000f\000l\000o\000a\000t}{chapter.3}% 73
\BOOKMARK [2][-]{subsection.3.5.1}{\376\377\000E\000j\000e\000r\000c\000i\000c\000i\000o}{section.3.5}% 74
\BOOKMARK [1][-]{section.3.6}{\376\377\000M\000a\000q\000u\000e\000t\000a\000c\000i\000\363\000n\000\040\000a\000v\000a\000n\000z\000a\000d\000a\000\040\000c\000o\000n\000\040\000g\000r\000i\000d\000-\000l\000a\000y\000o\000u\000t\000s}{chapter.3}% 75
\BOOKMARK [1][-]{section.3.7}{\376\377\000M\000e\000d\000i\000a\000\040\000q\000u\000e\000r\000i\000e\000s}{chapter.3}% 76
\BOOKMARK [1][-]{section.3.8}{\376\377\000G\000e\000s\000t\000i\000\363\000n\000\040\000d\000e\000\040\000e\000s\000p\000a\000c\000i\000o\000s}{chapter.3}% 77
\BOOKMARK [1][-]{section.3.9}{\376\377\000C\000o\000l\000o\000r\000e\000s}{chapter.3}% 78
\BOOKMARK [1][-]{section.3.10}{\376\377\000T\000i\000p\000o\000g\000r\000a\000f\000\355\000a\000s}{chapter.3}% 79
\BOOKMARK [1][-]{section.3.11}{\376\377\000A\000l\000i\000n\000e\000a\000c\000i\000\363\000n\000\040\000d\000e\000l\000\040\000t\000e\000x\000t\000o}{chapter.3}% 80
\BOOKMARK [1][-]{section.3.12}{\376\377\000D\000e\000c\000o\000r\000a\000c\000i\000\363\000n\000\040\000d\000e\000l\000\040\000t\000e\000x\000t\000o}{chapter.3}% 81
\BOOKMARK [1][-]{section.3.13}{\376\377\000M\000e\000d\000i\000d\000a\000s}{chapter.3}% 82
\BOOKMARK [1][-]{section.3.14}{\376\377\000S\000e\000l\000e\000c\000t\000o\000r\000e\000s}{chapter.3}% 83
\BOOKMARK [2][-]{subsection.3.14.1}{\376\377\000S\000o\000l\000u\000c\000i\000\363\000n\000\040\000p\000\043\000d\000e\000s\000t\000a\000c\000a\000d\000o}{section.3.14}% 84
\BOOKMARK [2][-]{subsection.3.14.2}{\376\377\000S\000o\000l\000u\000c\000i\000\363\000n\000\040\000p\000.\000d\000e\000s\000t\000a\000c\000a\000d\000o}{section.3.14}% 85
\BOOKMARK [2][-]{subsection.3.14.3}{\376\377\000S\000o\000l\000u\000c\000i\000\363\000n\000\040\000p\000.\000d\000e\000s\000t\000a\000c\000a\000d\000o\000,\000\040\000s\000p\000a\000n\000\043\000i\000d\0001}{section.3.14}% 86
\BOOKMARK [2][-]{subsection.3.14.4}{\376\377\000S\000o\000l\000u\000c\000i\000\363\000n\000\040\000p\000.\000d\000e\000s\000t\000a\000c\000a\000d\000o\000\040\000>\000\040\000l\000i\000.\000e\000l\000e\000m\000e\000n\000t\000o\000\137\000e\000n\000u\000m\000e\000r\000a\000c\000i\000o\000n}{section.3.14}% 87
\BOOKMARK [2][-]{subsection.3.14.5}{\376\377\000S\000o\000l\000u\000c\000i\000\363\000n\000\040\000p\000.\000d\000e\000s\000t\000a\000c\000a\000d\000o\000\040\000>\000\040\000.\000e\000l\000e\000m\000e\000n\000t\000o\000\137\000n\000u\000m\000e\000r\000a\000c\000i\000o\000n}{section.3.14}% 88
\BOOKMARK [2][-]{subsection.3.14.6}{\376\377\000S\000o\000l\000u\000c\000i\000\363\000n\000\040\000.\000d\000e\000s\000t\000a\000c\000a\000d\000o\000\040\000>\000\040\000\043\000i\000d\0001}{section.3.14}% 89
\BOOKMARK [1][-]{section.3.15}{\376\377\000B\000o\000o\000t\000s\000t\000r\000a\000p}{chapter.3}% 90
\BOOKMARK [2][-]{subsection.3.15.1}{\376\377\000E\000s\000t\000r\000u\000c\000t\000u\000r\000a\000\040\000b\000\341\000s\000i\000c\000a}{section.3.15}% 91
\BOOKMARK [2][-]{subsection.3.15.2}{\376\377\000R\000e\000j\000i\000l\000l\000a\000\040\000o\000\040\000g\000r\000i\000d}{section.3.15}% 92
\BOOKMARK [2][-]{subsection.3.15.3}{\376\377\000T\000i\000p\000o\000g\000r\000a\000f\000\355\000a}{section.3.15}% 93
\BOOKMARK [1][-]{section.3.16}{\376\377\000E\000j\000e\000r\000c\000i\000c\000i\000o\000\040\000r\000e\000s\000p\000o\000n\000s\000i\000v\000e\000\040\000I}{chapter.3}% 94
\BOOKMARK [1][-]{section.3.17}{\376\377\000E\000j\000e\000r\000c\000i\000c\000i\000o\000\040\000r\000e\000s\000p\000o\000n\000s\000i\000v\000e\000\040\000I\000I}{chapter.3}% 95
\BOOKMARK [0][-]{chapter.4}{\376\377\000J\000a\000v\000a\000s\000c\000r\000i\000p\000t}{}% 96
\BOOKMARK [1][-]{section.4.1}{\376\377\000I\000n\000t\000r\000o\000d\000u\000c\000c\000i\000\363\000n}{chapter.4}% 97
\BOOKMARK [1][-]{section.4.2}{\376\377\000T\000i\000p\000o\000s\000\040\000d\000e\000\040\000d\000a\000t\000o\000s}{chapter.4}% 98
\BOOKMARK [1][-]{section.4.3}{\376\377\000I\000n\000c\000r\000u\000s\000t\000a\000n\000d\000o\000\040\000J\000a\000v\000a\000s\000c\000r\000i\000p\000t}{chapter.4}% 99
\BOOKMARK [1][-]{section.4.4}{\376\377\000D\000e\000c\000i\000s\000i\000o\000n\000e\000s}{chapter.4}% 100
\BOOKMARK [1][-]{section.4.5}{\376\377\000V\000e\000c\000t\000o\000r\000e\000s\000\040\000o\000\040\000A\000r\000r\000a\000y\000s}{chapter.4}% 101
\BOOKMARK [1][-]{section.4.6}{\376\377\000B\000u\000c\000l\000e\000s}{chapter.4}% 102
\BOOKMARK [2][-]{subsection.4.6.1}{\376\377\000B\000u\000c\000l\000e\000s\000\040\000f\000o\000r}{section.4.6}% 103
\BOOKMARK [2][-]{subsection.4.6.2}{\376\377\000B\000u\000c\000l\000e\000s\000\040\000w\000h\000i\000l\000e}{section.4.6}% 104
\BOOKMARK [1][-]{section.4.7}{\376\377\000E\000j\000e\000r\000c\000i\000c\000i\000o\000:\000\040\000m\000e\000d\000i\000a\000\040\000a\000r\000i\000t\000m\000\351\000t\000i\000c\000a}{chapter.4}% 105
\BOOKMARK [1][-]{section.4.8}{\376\377\000E\000j\000e\000r\000c\000i\000c\000i\000o\000:\000\040\000d\000e\000s\000v\000i\000a\000c\000i\000\363\000n\000\040\000m\000e\000d\000i\000a}{chapter.4}% 106
\BOOKMARK [1][-]{section.4.9}{\376\377\000E\000j\000e\000r\000c\000i\000c\000i\000o\000:\000\040\000l\000a\000\040\000m\000e\000d\000i\000a\000n\000a}{chapter.4}% 107
\BOOKMARK [1][-]{section.4.10}{\376\377\000F\000u\000n\000c\000i\000o\000n\000e\000s}{chapter.4}% 108
\BOOKMARK [2][-]{subsection.4.10.1}{\376\377\000E\000j\000e\000r\000c\000i\000c\000i\000o}{section.4.10}% 109
\BOOKMARK [2][-]{subsection.4.10.2}{\376\377\000E\000j\000e\000r\000c\000i\000c\000i\000o}{section.4.10}% 110
\BOOKMARK [1][-]{section.4.11}{\376\377\000P\000r\000o\000g\000r\000a\000m\000a\000c\000i\000\363\000n\000\040\000O\000O}{chapter.4}% 111
\BOOKMARK [2][-]{subsection.4.11.1}{\376\377\000E\000j\000e\000r\000c\000i\000c\000i\000o}{section.4.11}% 112
\BOOKMARK [2][-]{subsection.4.11.2}{\376\377\000E\000j\000e\000r\000c\000i\000c\000i\000o}{section.4.11}% 113
\BOOKMARK [1][-]{section.4.12}{\376\377\000P\000r\000o\000g\000r\000a\000m\000a\000c\000i\000\363\000n\000\040\000c\000o\000n\000\040\000J\000Q\000u\000e\000r\000y}{chapter.4}% 114
\BOOKMARK [2][-]{subsection.4.12.1}{\376\377\000I\000n\000i\000c\000i\000o}{section.4.12}% 115
\BOOKMARK [2][-]{subsection.4.12.2}{\376\377\000L\000a\000\040\000f\000u\000n\000c\000i\000\363\000n\000\040\000\044}{section.4.12}% 116
\BOOKMARK [2][-]{subsection.4.12.3}{\376\377\000G\000e\000s\000t\000i\000\363\000n\000\040\000d\000e\000\040\000e\000v\000e\000n\000t\000o\000s}{section.4.12}% 117
\BOOKMARK [2][-]{subsection.4.12.4}{\376\377\000E\000j\000e\000r\000c\000i\000c\000i\000o}{section.4.12}% 118
\BOOKMARK [2][-]{subsection.4.12.5}{\376\377\000E\000j\000e\000r\000c\000i\000c\000i\000o}{section.4.12}% 119
\BOOKMARK [1][-]{section.4.13}{\376\377\000P\000r\000o\000c\000e\000s\000a\000d\000o\000\040\000d\000e\000\040\000a\000t\000r\000i\000b\000u\000t\000o\000s}{chapter.4}% 120
\BOOKMARK [2][-]{subsection.4.13.1}{\376\377\000E\000j\000e\000r\000c\000i\000c\000i\000o\000:\000\040\000r\000e\000c\000u\000e\000n\000t\000o\000\040\000d\000e\000\040\000m\000e\000d\000i\000o\000s\000\040\000d\000e\000\040\000l\000o\000c\000o\000m\000o\000c\000i\000\363\000n}{section.4.13}% 121
\BOOKMARK [2][-]{subsection.4.13.2}{\376\377\000E\000j\000e\000r\000c\000i\000c\000i\000o\000\040\000c\000o\000n\000f\000i\000g\000u\000r\000a\000d\000o\000r}{section.4.13}% 122
\BOOKMARK [2][-]{subsection.4.13.3}{\376\377\000S\000o\000l\000u\000c\000i\000\363\000n\000\040\000H\000T\000M\000L\000\040\000c\000o\000n\000f\000i\000g\000u\000r\000a\000d\000o\000r}{section.4.13}% 123
\BOOKMARK [2][-]{subsection.4.13.4}{\376\377\000S\000o\000l\000u\000c\000i\000\363\000n\000\040\000J\000S\000\040\000c\000o\000n\000f\000i\000g\000u\000r\000a\000d\000o\000r}{section.4.13}% 124
\BOOKMARK [2][-]{subsection.4.13.5}{\376\377\000E\000j\000e\000r\000c\000i\000c\000i\000o\000\040\000c\000o\000n\000f\000i\000g\000u\000r\000a\000d\000o\000r\000\040\000d\000e\000\040\000P\000C\000s\000\040\000a\000m\000p\000l\000i\000a\000d\000o}{section.4.13}% 125
\BOOKMARK [1][-]{section.4.14}{\376\377\000C\000o\000n\000f\000i\000g\000u\000r\000a\000d\000o\000r\000\040\000d\000e\000\040\000c\000o\000c\000h\000e\000s}{chapter.4}% 126
\BOOKMARK [2][-]{subsection.4.14.1}{\376\377\000H\000T\000M\000L\000\040\000d\000e\000l\000\040\000c\000o\000n\000f\000i\000g\000u\000r\000a\000d\000o\000r}{section.4.14}% 127
\BOOKMARK [2][-]{subsection.4.14.2}{\376\377\000J\000S\000\040\000d\000e\000l\000\040\000c\000o\000n\000f\000i\000g\000u\000r\000a\000d\000o\000r\000\040\000\050\000c\000o\000n\000\040\000J\000Q\000u\000e\000r\000y\000\040\000\050\000D\000A\000M\000\051\000\051}{section.4.14}% 128
\BOOKMARK [1][-]{section.4.15}{\376\377\000D\000i\000n\000a\000m\000i\000s\000m\000o\000\040\000c\000o\000n\000\040\000G\000o\000o\000g\000l\000e\000\040\000M\000a\000p\000s}{chapter.4}% 129
\BOOKMARK [2][-]{subsection.4.15.1}{\376\377\000H\000T\000M\000L\000\040\000d\000e\000\040\000G\000M\000a\000p\000s}{section.4.15}% 130
\BOOKMARK [2][-]{subsection.4.15.2}{\376\377\000J\000a\000v\000a\000s\000c\000r\000i\000p\000t\000\040\000d\000e\000\040\000G\000M\000a\000p\000s}{section.4.15}% 131
\BOOKMARK [2][-]{subsection.4.15.3}{\376\377\000E\000j\000e\000r\000c\000i\000c\000i\000o}{section.4.15}% 132
\BOOKMARK [2][-]{subsection.4.15.4}{\376\377\000E\000j\000e\000r\000c\000i\000c\000i\000o}{section.4.15}% 133
\BOOKMARK [2][-]{subsection.4.15.5}{\376\377\000A\000m\000p\000l\000i\000a\000c\000i\000\363\000n}{section.4.15}% 134
\BOOKMARK [1][-]{section.4.16}{\376\377\000O\000t\000r\000o\000\040\000c\000o\000n\000f\000i\000g\000u\000r\000a\000d\000o\000r\000\040\000d\000e\000\040\000c\000o\000c\000h\000e\000s}{chapter.4}% 135
\BOOKMARK [2][-]{subsection.4.16.1}{\376\377\000C\000o\000n\000f\000i\000g\000u\000r\000a\000d\000o\000r\000\040\000e\000n\000\040\000H\000T\000M\000L}{section.4.16}% 136
\BOOKMARK [2][-]{subsection.4.16.2}{\376\377\000C\000o\000n\000f\000i\000g\000u\000r\000a\000d\000o\000r\000\040\000e\000n\000\040\000J\000S}{section.4.16}% 137
\BOOKMARK [1][-]{section.4.17}{\376\377\000C\000a\000l\000c\000u\000l\000o\000\040\000d\000e\000\040\000i\000m\000p\000u\000e\000s\000t\000o\000s}{chapter.4}% 138
\BOOKMARK [2][-]{subsection.4.17.1}{\376\377\000H\000T\000M\000L\000\040\000c\000a\000l\000c\000u\000l\000a\000d\000o\000r}{section.4.17}% 139
\BOOKMARK [2][-]{subsection.4.17.2}{\376\377\000J\000S\000\040\000C\000a\000l\000c\000u\000l\000a\000d\000o\000r\000\040\000\050\000c\000o\000n\000\040\000J\000Q\000u\000e\000r\000y\000\040\000\050\000D\000A\000M\000\051\000\051}{section.4.17}% 140
\BOOKMARK [2][-]{subsection.4.17.3}{\376\377\000J\000S\000\040\000C\000a\000l\000c\000u\000l\000a\000d\000o\000r\000\040\000\050\000s\000i\000n\000\040\000J\000Q\000u\000e\000r\000y\000\040\000\050\000A\000S\000I\000R\000\051\000\051}{section.4.17}% 141
\BOOKMARK [1][-]{section.4.18}{\376\377\000C\000o\000m\000p\000a\000r\000a\000d\000o\000r\000\040\000d\000e\000\040\000t\000e\000l\000e\000f\000o\000n\000\355\000a}{chapter.4}% 142
\BOOKMARK [2][-]{subsection.4.18.1}{\376\377\000H\000T\000M\000L\000\040\000d\000e\000l\000\040\000c\000o\000m\000p\000a\000r\000a\000d\000o\000r}{section.4.18}% 143
\BOOKMARK [2][-]{subsection.4.18.2}{\376\377\000J\000S\000\040\000d\000e\000l\000\040\000c\000o\000m\000p\000a\000r\000a\000d\000o\000r}{section.4.18}% 144
\BOOKMARK [0][-]{chapter.5}{\376\377\000X\000M\000L}{}% 145
\BOOKMARK [1][-]{section.5.1}{\376\377\000I\000n\000t\000r\000o\000d\000u\000c\000c\000i\000\363\000n}{chapter.5}% 146
\BOOKMARK [1][-]{section.5.2}{\376\377\000U\000n\000\040\000e\000j\000e\000m\000p\000l\000o\000\040\000s\000e\000n\000c\000i\000l\000l\000o}{chapter.5}% 147
\BOOKMARK [1][-]{section.5.3}{\376\377\000C\000o\000n\000s\000t\000r\000u\000c\000c\000i\000\363\000n\000\040\000d\000e\000\040\000X\000M\000L}{chapter.5}% 148
\BOOKMARK [1][-]{section.5.4}{\376\377\000V\000a\000l\000i\000d\000e\000z}{chapter.5}% 149
\BOOKMARK [1][-]{section.5.5}{\376\377\000G\000r\000a\000m\000\341\000t\000i\000c\000a\000s}{chapter.5}% 150
\BOOKMARK [2][-]{subsection.5.5.1}{\376\377\000S\000i\000n\000t\000a\000x\000i\000s\000\040\000D\000T\000D}{section.5.5}% 151
\BOOKMARK [2][-]{subsection.5.5.2}{\376\377\000E\000j\000e\000m\000p\000l\000o\000\040\000d\000e\000\040\000D\000T\000D\000\040\000\050\000p\000r\000o\000d\000u\000c\000t\000o\000s\000\051}{section.5.5}% 152
\BOOKMARK [1][-]{section.5.6}{\376\377\000E\000j\000e\000r\000c\000i\000c\000i\000o\000\040\000I\000\040\000\050\000D\000T\000D\000\051}{chapter.5}% 153
\BOOKMARK [1][-]{section.5.7}{\376\377\000E\000j\000e\000r\000c\000i\000c\000i\000o\000\040\000I\000I\000\040\000\050\000D\000T\000D\000\051}{chapter.5}% 154
\BOOKMARK [2][-]{subsection.5.7.1}{\376\377\000S\000o\000l\000u\000c\000i\000\363\000n}{section.5.7}% 155
\BOOKMARK [1][-]{section.5.8}{\376\377\000E\000j\000e\000r\000c\000i\000c\000i\000o\000\040\000\050\000c\000o\000n\000\040\000a\000t\000r\000i\000b\000u\000t\000o\000s\000\051}{chapter.5}% 156
\BOOKMARK [2][-]{subsection.5.8.1}{\376\377\000S\000o\000l\000u\000c\000i\000\363\000n\000\040\000e\000j\000e\000r\000c\000i\000c\000i\000o\000\040\000c\000o\000n\000\040\000a\000t\000r\000i\000b\000u\000t\000o\000s}{section.5.8}% 157
\BOOKMARK [1][-]{section.5.9}{\376\377\000E\000j\000e\000r\000c\000i\000c\000i\000o}{chapter.5}% 158
\BOOKMARK [2][-]{subsection.5.9.1}{\376\377\000S\000o\000l\000u\000c\000i\000\363\000n\000\040\000c\000o\000m\000p\000l\000e\000t\000a}{section.5.9}% 159
\BOOKMARK [1][-]{section.5.10}{\376\377\000O\000t\000r\000a\000s\000\040\000c\000a\000r\000a\000c\000t\000e\000r\000\355\000s\000t\000i\000c\000a\000s\000\040\000d\000e\000\040\000X\000M\000L}{chapter.5}% 160
\BOOKMARK [2][-]{subsection.5.10.1}{\376\377\000A\000t\000r\000i\000b\000u\000t\000o\000s}{section.5.10}% 161
\BOOKMARK [2][-]{subsection.5.10.2}{\376\377\000E\000l\000e\000m\000e\000n\000t\000o\000s\000\040\000v\000a\000c\000\355\000o\000s}{section.5.10}% 162
\BOOKMARK [2][-]{subsection.5.10.3}{\376\377\000A\000l\000t\000e\000r\000n\000a\000t\000i\000v\000a\000s}{section.5.10}% 163
\BOOKMARK [1][-]{section.5.11}{\376\377\000E\000j\000e\000r\000c\000i\000c\000i\000o}{chapter.5}% 164
\BOOKMARK [2][-]{subsection.5.11.1}{\376\377\000S\000o\000l\000u\000c\000i\000\363\000n}{section.5.11}% 165
\BOOKMARK [1][-]{section.5.12}{\376\377\000E\000j\000e\000r\000c\000i\000c\000i\000o\000:\000\040\000m\000a\000y\000o\000r\000i\000s\000t\000a\000\040\000d\000e\000\040\000l\000i\000b\000r\000o\000s}{chapter.5}% 166
\BOOKMARK [2][-]{subsection.5.12.1}{\376\377\000S\000o\000l\000u\000c\000i\000\363\000n\000\040\000a\000l\000\040\000m\000a\000y\000o\000r\000i\000s\000t\000a\000\040\000d\000e\000\040\000l\000i\000b\000r\000o\000s}{section.5.12}% 167
\BOOKMARK [1][-]{section.5.13}{\376\377\000E\000j\000e\000r\000c\000i\000c\000i\000o\000:\000\040\000f\000a\000b\000r\000i\000c\000a\000n\000t\000e\000\040\000d\000e\000\040\000t\000r\000a\000c\000t\000o\000r\000e\000s}{chapter.5}% 168
\BOOKMARK [2][-]{subsection.5.13.1}{\376\377\000S\000o\000l\000u\000c\000i\000\363\000n\000:\000\040\000D\000T\000D\000\040\000f\000a\000b\000r\000i\000c\000a\000n\000t\000e\000\040\000t\000r\000a\000c\000t\000o\000r\000e\000s}{section.5.13}% 169
\BOOKMARK [1][-]{section.5.14}{\376\377\000E\000j\000e\000r\000c\000i\000c\000i\000o\000:\000\040\000r\000e\000p\000e\000t\000i\000c\000i\000o\000n\000e\000s\000\040\000d\000e\000\040\000o\000p\000c\000i\000o\000n\000e\000s}{chapter.5}% 170
\BOOKMARK [1][-]{section.5.15}{\376\377\000E\000j\000e\000r\000c\000i\000c\000i\000o\000:\000\040\000m\000u\000l\000t\000i\000n\000a\000c\000i\000o\000n\000a\000l}{chapter.5}% 171
\BOOKMARK [1][-]{section.5.16}{\376\377\000E\000j\000e\000r\000c\000i\000c\000i\000o}{chapter.5}% 172
\BOOKMARK [1][-]{section.5.17}{\376\377\000E\000s\000q\000u\000e\000m\000a\000s\000\040\000X\000M\000L}{chapter.5}% 173
\BOOKMARK [2][-]{subsection.5.17.1}{\376\377\000U\000n\000\040\000e\000j\000e\000m\000p\000l\000o}{section.5.17}% 174
\BOOKMARK [2][-]{subsection.5.17.2}{\376\377\000T\000i\000p\000o\000s\000\040\000d\000e\000\040\000d\000a\000t\000o\000s\000\040\000b\000\341\000s\000i\000c\000o\000s}{section.5.17}% 175
\BOOKMARK [2][-]{subsection.5.17.3}{\376\377\000D\000e\000r\000i\000v\000a\000c\000i\000o\000n\000e\000s}{section.5.17}% 176
\BOOKMARK [2][-]{subsection.5.17.4}{\376\377\000T\000i\000p\000o\000s\000\040\000s\000i\000m\000p\000l\000e\000s\000\040\000y\000\040\000c\000o\000m\000p\000l\000e\000j\000o\000s}{section.5.17}% 177
\BOOKMARK [2][-]{subsection.5.17.5}{\376\377\000E\000j\000e\000r\000c\000i\000c\000i\000o\000:\000e\000d\000a\000d\000\040\000d\000e\000\040\000l\000o\000s\000\040\000t\000r\000a\000b\000a\000j\000a\000d\000o\000r\000e\000s}{section.5.17}% 178
\BOOKMARK [2][-]{subsection.5.17.6}{\376\377\000E\000j\000e\000r\000c\000i\000c\000i\000o\000:\000\040\000p\000e\000s\000o\000\040\000d\000e\000\040\000p\000r\000o\000d\000u\000c\000t\000o\000s}{section.5.17}% 179
\BOOKMARK [2][-]{subsection.5.17.7}{\376\377\000E\000j\000e\000r\000c\000i\000c\000i\000o\000:\000\040\000p\000a\000g\000o\000s\000\040\000v\000a\000l\000i\000d\000a\000d\000o\000s}{section.5.17}% 180
\BOOKMARK [2][-]{subsection.5.17.8}{\376\377\000E\000j\000e\000r\000c\000i\000c\000i\000o\000:\000\040\000v\000a\000l\000i\000d\000a\000c\000i\000\363\000n\000\040\000d\000e\000\040\000D\000N\000I\000s}{section.5.17}% 181
\BOOKMARK [2][-]{subsection.5.17.9}{\376\377\000U\000n\000i\000e\000n\000d\000o\000\040\000l\000a\000\040\000h\000e\000r\000e\000n\000c\000i\000a\000\040\000y\000\040\000e\000l\000\040\000s\000i\000s\000t\000e\000m\000a\000\040\000d\000e\000\040\000t\000i\000p\000o\000s}{section.5.17}% 182
\BOOKMARK [2][-]{subsection.5.17.10}{\376\377\000R\000e\000s\000t\000r\000i\000c\000c\000i\000o\000n\000e\000s}{section.5.17}% 183
\BOOKMARK [2][-]{subsection.5.17.11}{\376\377\000A\000t\000r\000i\000b\000u\000t\000o\000s}{section.5.17}% 184
\BOOKMARK [1][-]{section.5.18}{\376\377\000E\000j\000e\000r\000c\000i\000c\000i\000o\000s\000\040\000d\000e\000\040\000X\000M\000L\000\040\000S\000c\000h\000e\000m\000a\000s}{chapter.5}% 185
\BOOKMARK [2][-]{subsection.5.18.1}{\376\377\000C\000a\000n\000t\000i\000d\000a\000d\000e\000s\000\040\000l\000i\000m\000i\000t\000a\000d\000e\000s}{section.5.18}% 186
\BOOKMARK [2][-]{subsection.5.18.2}{\376\377\000S\000o\000l\000u\000c\000i\000\363\000n\000\040\000a\000\040\000l\000a\000s\000\040\000c\000a\000n\000t\000i\000d\000a\000d\000e\000s\000\040\000l\000i\000m\000i\000t\000a\000d\000a\000s}{section.5.18}% 187
\BOOKMARK [2][-]{subsection.5.18.3}{\376\377\000C\000a\000n\000t\000i\000d\000a\000d\000e\000s\000\040\000l\000i\000m\000i\000t\000a\000d\000a\000s\000\040\000c\000o\000n\000\040\000a\000t\000r\000i\000b\000u\000t\000o\000\040\000d\000i\000v\000i\000s\000a}{section.5.18}% 188
\BOOKMARK [2][-]{subsection.5.18.4}{\376\377\000S\000o\000l\000u\000c\000i\000\363\000n\000\040\000a\000\040\000l\000a\000s\000\040\000c\000a\000n\000t\000i\000d\000a\000d\000e\000s\000\040\000l\000i\000m\000i\000t\000a\000d\000a\000s\000\040\000c\000o\000n\000\040\000a\000t\000r\000i\000b\000u\000t\000o\000\040\000d\000i\000v\000i\000s\000a}{section.5.18}% 189
\BOOKMARK [2][-]{subsection.5.18.5}{\376\377\000C\000a\000n\000t\000i\000d\000a\000d\000e\000s\000\040\000l\000i\000m\000i\000t\000a\000d\000a\000s\000\040\000c\000o\000n\000\040\000a\000t\000r\000i\000b\000u\000t\000o\000\040\000d\000i\000v\000i\000s\000a\000\040\000c\000o\000n\000\040\000s\000o\000l\000o\000\040\000c\000i\000e\000r\000t\000o\000s\000\040\000v\000a\000l\000o\000r\000e\000s}{section.5.18}% 190
\BOOKMARK [2][-]{subsection.5.18.6}{\376\377\000S\000o\000l\000u\000c\000i\000\363\000n\000\040\000a\000l\000\040\000a\000t\000r\000i\000b\000u\000t\000o\000\040\000c\000o\000n\000\040\000s\000o\000l\000o\000\040\000c\000i\000e\000r\000t\000o\000s\000\040\000v\000a\000l\000o\000r\000e\000s}{section.5.18}% 191
\BOOKMARK [2][-]{subsection.5.18.7}{\376\377\000E\000j\000e\000r\000c\000i\000c\000i\000o\000:\000\040\000c\000o\000d\000i\000g\000o\000s\000\040\000y\000\040\000s\000e\000d\000e\000s}{section.5.18}% 192
\BOOKMARK [2][-]{subsection.5.18.8}{\376\377\000S\000o\000l\000u\000c\000i\000\363\000n\000\040\000a\000\040\000l\000o\000s\000\040\000c\000\363\000d\000i\000g\000o\000s\000\040\000y\000\040\000s\000e\000d\000e\000s}{section.5.18}% 193
\BOOKMARK [2][-]{subsection.5.18.9}{\376\377\000E\000j\000e\000r\000c\000i\000c\000i\000o\000:\000\040\000p\000r\000o\000d\000u\000c\000t\000o\000s\000\040\000c\000o\000n\000\040\000a\000t\000r\000i\000b\000u\000t\000o\000s}{section.5.18}% 194
\BOOKMARK [2][-]{subsection.5.18.10}{\376\377\000E\000j\000e\000r\000c\000i\000c\000i\000o\000:\000\040\000c\000l\000i\000e\000n\000t\000e\000s\000\040\000c\000o\000n\000\040\000i\000n\000f\000o\000r\000m\000a\000c\000i\000\363\000n\000\040\000a\000d\000i\000c\000i\000o\000n\000a\000l}{section.5.18}% 195
\BOOKMARK [2][-]{subsection.5.18.11}{\376\377\000L\000i\000s\000t\000a\000\040\000d\000e\000\040\000c\000l\000i\000e\000n\000t\000e\000s\000\040\000c\000o\000m\000o\000\040\000X\000M\000L\000\040\000S\000c\000h\000e\000m\000a\000s}{section.5.18}% 196
\BOOKMARK [2][-]{subsection.5.18.12}{\376\377\000A\000m\000p\000l\000i\000a\000c\000i\000\363\000n\000\040\000d\000e\000l\000\040\000e\000s\000q\000u\000e\000m\000a\000\040\000p\000a\000r\000a\000\040\000c\000l\000i\000e\000n\000t\000e\000s}{section.5.18}% 197
\BOOKMARK [2][-]{subsection.5.18.13}{\376\377\000E\000j\000e\000r\000c\000i\000c\000i\000o\000:\000\040\000l\000i\000s\000t\000a\000\040\000d\000e\000\040\000c\000\363\000d\000i\000g\000o\000s}{section.5.18}% 198
\BOOKMARK [2][-]{subsection.5.18.14}{\376\377\000E\000j\000e\000r\000c\000i\000c\000i\000o\000:\000\040\000o\000t\000r\000a\000\040\000l\000i\000s\000t\000a\000\040\000d\000e\000\040\000c\000l\000i\000e\000n\000t\000e\000s}{section.5.18}% 199
\BOOKMARK [2][-]{subsection.5.18.15}{\376\377\000E\000j\000e\000r\000c\000i\000c\000i\000o\000:\000\040\000l\000i\000s\000t\000a\000\040\000d\000e\000\040\000a\000l\000u\000m\000n\000o\000s}{section.5.18}% 200
\BOOKMARK [2][-]{subsection.5.18.16}{\376\377\000E\000j\000e\000r\000c\000i\000c\000i\000o\000:\000\040\000l\000i\000s\000t\000a\000\040\000d\000e\000\040\000a\000r\000t\000i\000c\000u\000l\000o\000s\000\040\000\050\000c\000o\000n\000\040\000a\000t\000r\000i\000b\000u\000t\000o\000s\000\040\000o\000p\000t\000a\000t\000i\000v\000o\000s\000\051}{section.5.18}% 201
\BOOKMARK [2][-]{subsection.5.18.17}{\376\377\000E\000j\000e\000r\000c\000i\000c\000i\000o\000:\000\040\000l\000i\000s\000t\000a\000\040\000d\000e\000\040\000c\000o\000m\000p\000o\000n\000e\000n\000t\000e\000s\000\040\000\050\000u\000n\000\040\000e\000n\000f\000o\000q\000u\000e\000\040\000d\000i\000s\000t\000i\000n\000t\000o\000\051}{section.5.18}% 202
\BOOKMARK [2][-]{subsection.5.18.18}{\376\377\000E\000j\000e\000r\000c\000i\000c\000i\000o\000:\000\040\000l\000i\000s\000t\000a\000s\000\040\000c\000o\000n\000\040\000c\000h\000o\000i\000c\000e}{section.5.18}% 203
\BOOKMARK [2][-]{subsection.5.18.19}{\376\377\000E\000j\000e\000r\000c\000i\000c\000i\000o\000:\000\040\000l\000i\000s\000t\000a\000s\000\040\000d\000e\000\040\000p\000r\000o\000d\000u\000c\000t\000o\000s}{section.5.18}% 204
\BOOKMARK [2][-]{subsection.5.18.20}{\376\377\000E\000j\000e\000r\000c\000i\000c\000i\000o\000:\000\040\000v\000a\000l\000i\000d\000a\000c\000i\000\363\000n\000\040\000d\000e\000\040\000c\000o\000m\000p\000o\000n\000e\000n\000t\000e\000s}{section.5.18}% 205
\BOOKMARK [2][-]{subsection.5.18.21}{\376\377\000E\000j\000e\000r\000c\000i\000c\000i\000o\000:\000\040\000i\000n\000v\000e\000n\000t\000a\000r\000i\000o}{section.5.18}% 206
\BOOKMARK [1][-]{section.5.19}{\376\377\000E\000j\000e\000r\000c\000i\000c\000i\000o\000\040\000t\000i\000p\000o\000\040\000e\000x\000a\000m\000e\000n}{chapter.5}% 207
\BOOKMARK [1][-]{section.5.20}{\376\377\000E\000j\000e\000r\000c\000i\000c\000i\000o\000\040\000t\000i\000p\000o\000\040\000e\000x\000a\000m\000e\000n\000\040\000\050\000I\000I\000\051}{chapter.5}% 208
\BOOKMARK [1][-]{section.5.21}{\376\377\000E\000j\000e\000r\000c\000i\000c\000i\000o\000\040\000t\000i\000p\000o\000\040\000e\000x\000a\000m\000e\000n\000\040\000\050\000I\000I\000I\000\051}{chapter.5}% 209
\BOOKMARK [1][-]{section.5.22}{\376\377\000E\000x\000a\000m\000e\000n}{chapter.5}% 210
\BOOKMARK [0][-]{chapter.6}{\376\377\000R\000e\000c\000u\000p\000e\000r\000a\000c\000i\000\363\000n\000\040\000d\000e\000\040\000i\000n\000f\000o\000r\000m\000a\000c\000i\000\363\000n}{}% 211
\BOOKMARK [1][-]{section.6.1}{\376\377\000I\000n\000t\000r\000o\000d\000u\000c\000c\000i\000\363\000n}{chapter.6}% 212
\BOOKMARK [1][-]{section.6.2}{\376\377\000X\000Q\000u\000e\000r\000y}{chapter.6}% 213
\BOOKMARK [2][-]{subsection.6.2.1}{\376\377\000B\000u\000c\000l\000e\000s\000\040\000f\000o\000r\000\040\000e\000n\000\040\000X\000Q\000u\000e\000r\000y}{section.6.2}% 214
\BOOKMARK [2][-]{subsection.6.2.2}{\376\377\000O\000r\000d\000e\000n\000a\000c\000i\000\363\000n\000\040\000e\000n\000\040\000X\000Q\000u\000e\000r\000y}{section.6.2}% 215
\BOOKMARK [2][-]{subsection.6.2.3}{\376\377\000F\000u\000n\000c\000i\000o\000n\000e\000s\000\040\000e\000n\000\040\000X\000Q\000u\000e\000r\000y}{section.6.2}% 216
\BOOKMARK [2][-]{subsection.6.2.4}{\376\377\000C\000o\000n\000s\000u\000l\000t\000a\000s\000\040\000d\000e\000\040\000e\000j\000e\000m\000p\000l\000o}{section.6.2}% 217
\BOOKMARK [1][-]{section.6.3}{\376\377\000F\000u\000n\000d\000a\000m\000e\000n\000t\000o\000s\000\040\000d\000e\000\040\000D\000O\000M\000\040\000c\000o\000n\000\040\000J\000a\000v\000a}{chapter.6}% 218
\BOOKMARK [1][-]{section.6.4}{\376\377\000E\000j\000e\000m\000p\000l\000o\000\040\000d\000e\000\040\000b\000a\000s\000e}{chapter.6}% 219
\BOOKMARK [1][-]{section.6.5}{\376\377\000L\000a\000\040\000c\000l\000a\000s\000e\000\040\000D\000o\000c\000u\000m\000e\000n\000t}{chapter.6}% 220
\BOOKMARK [1][-]{section.6.6}{\376\377\000E\000j\000e\000r\000c\000i\000c\000i\000o\000s}{chapter.6}% 221
\BOOKMARK [2][-]{subsection.6.6.1}{\376\377\000E\000j\000e\000r\000c\000i\000c\000i\000o}{section.6.6}% 222
\BOOKMARK [2][-]{subsection.6.6.2}{\376\377\000E\000j\000e\000r\000c\000i\000c\000i\000o}{section.6.6}% 223
\BOOKMARK [2][-]{subsection.6.6.3}{\376\377\000E\000j\000e\000r\000c\000i\000c\000i\000o}{section.6.6}% 224
\BOOKMARK [2][-]{subsection.6.6.4}{\376\377\000E\000j\000e\000r\000c\000i\000c\000i\000o\000:\000\040\000e\000x\000t\000r\000a\000c\000c\000i\000\363\000n\000\040\000d\000e\000\040\000i\000n\000f\000o\000r\000m\000a\000c\000i\000\363\000n\000\040\000f\000i\000n\000a\000n\000c\000i\000e\000r\000a}{section.6.6}% 225
\BOOKMARK [2][-]{subsection.6.6.5}{\376\377\000E\000j\000e\000r\000c\000i\000c\000i\000o}{section.6.6}% 226
\BOOKMARK [2][-]{subsection.6.6.6}{\376\377\000E\000j\000e\000r\000c\000i\000c\000i\000o}{section.6.6}% 227
\BOOKMARK [2][-]{subsection.6.6.7}{\376\377\000E\000j\000e\000r\000c\000i\000c\000i\000o}{section.6.6}% 228
\BOOKMARK [2][-]{subsection.6.6.8}{\376\377\000E\000j\000e\000r\000c\000i\000c\000i\000o}{section.6.6}% 229
\BOOKMARK [2][-]{subsection.6.6.9}{\376\377\000E\000j\000e\000r\000c\000i\000c\000i\000o}{section.6.6}% 230
\BOOKMARK [2][-]{subsection.6.6.10}{\376\377\000E\000j\000e\000r\000c\000i\000c\000i\000o}{section.6.6}% 231
\BOOKMARK [2][-]{subsection.6.6.11}{\376\377\000E\000j\000e\000r\000c\000i\000c\000i\000o}{section.6.6}% 232
\BOOKMARK [2][-]{subsection.6.6.12}{\376\377\000E\000j\000e\000r\000c\000i\000c\000i\000o}{section.6.6}% 233
\BOOKMARK [2][-]{subsection.6.6.13}{\376\377\000E\000j\000e\000r\000c\000i\000c\000i\000o}{section.6.6}% 234
\BOOKMARK [1][-]{section.6.7}{\376\377\000A\000n\000e\000x\000o}{chapter.6}% 235
\BOOKMARK [2][-]{subsection.6.7.1}{\376\377\000C\000\363\000d\000i\000g\000o\000\040\000J\000a\000v\000a}{section.6.7}% 236
\BOOKMARK [2][-]{subsection.6.7.2}{\376\377\000A\000r\000c\000h\000i\000v\000o\000\040\000X\000M\000L}{section.6.7}% 237
\BOOKMARK [1][-]{section.6.8}{\376\377\000P\000r\000o\000c\000e\000s\000a\000m\000i\000e\000n\000t\000o\000\040\000c\000o\000n\000\040\000S\000A\000X}{chapter.6}% 238
\BOOKMARK [2][-]{subsection.6.8.1}{\376\377\000E\000j\000e\000r\000c\000i\000c\000i\000o\000:\000\040\000e\000n\000c\000o\000n\000t\000r\000a\000r\000\040\000p\000r\000o\000d\000u\000c\000t\000o}{section.6.8}% 239
\BOOKMARK [2][-]{subsection.6.8.2}{\376\377\000E\000j\000e\000r\000c\000i\000c\000i\000o\000:\000\040\000p\000r\000e\000c\000i\000o\000s}{section.6.8}% 240
\BOOKMARK [1][-]{section.6.9}{\376\377\000E\000j\000e\000r\000c\000i\000c\000i\000o\000s\000\040\000p\000a\000r\000a\000\040\000p\000r\000e\000p\000a\000r\000a\000r\000\040\000e\000x\000a\000m\000e\000n}{chapter.6}% 241
\BOOKMARK [0][-]{chapter.7}{\376\377\000S\000i\000n\000d\000i\000c\000a\000c\000i\000\363\000n\000\040\000y\000\040\000t\000r\000a\000n\000s\000f\000o\000r\000m\000a\000c\000i\000\363\000n\000\040\000d\000e\000\040\000c\000o\000n\000t\000e\000n\000i\000d\000o\000s}{}% 242
\BOOKMARK [1][-]{section.7.1}{\376\377\000I\000n\000t\000r\000o\000d\000u\000c\000c\000i\000\363\000n}{chapter.7}% 243
\BOOKMARK [1][-]{section.7.2}{\376\377\000R\000S\000S}{chapter.7}% 244
\BOOKMARK [2][-]{subsection.7.2.1}{\376\377\000F\000o\000r\000m\000a\000t\000o\000\040\000d\000e\000\040\000a\000r\000c\000h\000i\000v\000o\000\040\000R\000S\000S}{section.7.2}% 245
\BOOKMARK [2][-]{subsection.7.2.2}{\376\377\000E\000j\000e\000r\000c\000i\000c\000i\000o}{section.7.2}% 246
\BOOKMARK [1][-]{section.7.3}{\376\377\000X\000P\000a\000t\000h}{chapter.7}% 247
\BOOKMARK [2][-]{subsection.7.3.1}{\376\377\000A\000c\000c\000e\000s\000o\000\040\000a\000\040\000e\000l\000e\000m\000e\000n\000t\000o\000s}{section.7.3}% 248
\BOOKMARK [1][-]{section.7.4}{\376\377\000A\000d\000a\000p\000t\000a\000c\000i\000\363\000n\000\040\000y\000\040\000t\000r\000a\000n\000s\000f\000o\000r\000m\000a\000c\000i\000\363\000n\000\040\000d\000e\000\040\000X\000M\000L}{chapter.7}% 249
\BOOKMARK [2][-]{subsection.7.4.1}{\376\377\000C\000S\000S\000\040\000c\000o\000n\000\040\000X\000M\000L}{section.7.4}% 250
\BOOKMARK [2][-]{subsection.7.4.2}{\376\377\000T\000r\000a\000n\000s\000f\000o\000r\000m\000a\000c\000i\000\363\000n\000\040\000d\000e\000\040\000X\000M\000L}{section.7.4}% 251
\BOOKMARK [2][-]{subsection.7.4.3}{\376\377\000E\000j\000e\000r\000c\000i\000c\000i\000o\000\040\000\050\000c\000a\000r\000g\000a\000\040\000d\000e\000\040\000e\000s\000t\000i\000l\000o\000s\000\051}{section.7.4}% 252
\BOOKMARK [2][-]{subsection.7.4.4}{\376\377\000E\000j\000e\000r\000c\000i\000c\000i\000o\000\040\000\050\000c\000o\000n\000v\000e\000r\000s\000i\000o\000n\000\040\000e\000n\000t\000r\000e\000\040\000X\000M\000L\000s\000\051}{section.7.4}% 253
\BOOKMARK [2][-]{subsection.7.4.5}{\376\377\000E\000j\000e\000r\000c\000i\000c\000i\000o\000\040\000\050\000g\000e\000n\000e\000r\000a\000c\000i\000\363\000n\000\040\000d\000e\000\040\000a\000t\000r\000i\000b\000u\000t\000o\000s\000\051}{section.7.4}% 254
\BOOKMARK [2][-]{subsection.7.4.6}{\376\377\000E\000j\000e\000r\000c\000i\000c\000i\000o\000\040\000\050\000t\000a\000b\000l\000a\000\040\000H\000T\000M\000L\000\051}{section.7.4}% 255
\BOOKMARK [2][-]{subsection.7.4.7}{\376\377\000E\000j\000e\000r\000c\000i\000c\000i\000o\000\040\000\050\000g\000e\000n\000e\000r\000a\000c\000i\000o\000n\000\051}{section.7.4}% 256
\BOOKMARK [2][-]{subsection.7.4.8}{\376\377\000E\000j\000e\000r\000c\000i\000c\000i\000o}{section.7.4}% 257
\BOOKMARK [2][-]{subsection.7.4.9}{\376\377\000E\000j\000e\000r\000c\000i\000c\000i\000o}{section.7.4}% 258
\BOOKMARK [2][-]{subsection.7.4.10}{\376\377\000E\000j\000e\000r\000c\000i\000c\000i\000o}{section.7.4}% 259
\BOOKMARK [2][-]{subsection.7.4.11}{\376\377\000E\000j\000e\000r\000c\000i\000c\000i\000o}{section.7.4}% 260
\BOOKMARK [2][-]{subsection.7.4.12}{\376\377\000E\000j\000e\000r\000c\000i\000c\000i\000o\000\040\000X\000S\000L\000,\000\040\000p\000a\000s\000o\000\040\000a\000\040\000p\000a\000s\000o}{section.7.4}% 261
\BOOKMARK [2][-]{subsection.7.4.13}{\376\377\000E\000j\000e\000r\000c\000i\000c\000i\000o\000:\000\040\000c\000o\000n\000d\000i\000c\000i\000o\000n\000e\000s\000\040\000c\000o\000m\000p\000l\000e\000j\000a\000s}{section.7.4}% 262
\BOOKMARK [2][-]{subsection.7.4.14}{\376\377\000T\000r\000a\000n\000s\000f\000o\000r\000m\000a\000c\000i\000\363\000n\000\040\000e\000n\000\040\000t\000a\000b\000l\000a}{section.7.4}% 263
\BOOKMARK [2][-]{subsection.7.4.15}{\376\377\000T\000r\000a\000n\000s\000f\000o\000r\000m\000a\000c\000i\000o\000n\000\040\000d\000e\000\040\000p\000e\000d\000i\000d\000o\000s}{section.7.4}% 264
\BOOKMARK [2][-]{subsection.7.4.16}{\376\377\000T\000r\000a\000n\000s\000f\000o\000r\000m\000a\000c\000i\000\363\000n\000\040\000d\000e\000\040\000p\000e\000d\000i\000d\000o\000s\000\040\000\050\000I\000I\000\051}{section.7.4}% 265
\BOOKMARK [2][-]{subsection.7.4.17}{\376\377\000E\000j\000e\000r\000c\000i\000c\000i\000o\000\040\000\050\000n\000o\000\040\000s\000e\000\040\000d\000a\000\040\000l\000a\000\040\000s\000o\000l\000u\000c\000i\000\363\000n\000\051}{section.7.4}% 266
\BOOKMARK [0][-]{chapter.8}{\376\377\000S\000i\000s\000t\000e\000m\000a\000s\000\040\000d\000e\000\040\000g\000e\000s\000t\000i\000\363\000n\000\040\000d\000e\000\040\000i\000n\000f\000o\000r\000m\000a\000c\000i\000\363\000n}{}% 267
\BOOKMARK [1][-]{section.8.1}{\376\377\000I\000n\000t\000r\000o\000d\000u\000c\000c\000i\000\363\000n}{chapter.8}% 268
\BOOKMARK [1][-]{section.8.2}{\376\377\000N\000i\000v\000e\000l\000e\000s\000\040\000e\000n\000\040\000l\000a\000\040\000e\000m\000p\000r\000e\000s\000a}{chapter.8}% 269
\BOOKMARK [2][-]{subsection.8.2.1}{\376\377\000T\000i\000p\000o\000s\000\040\000d\000e\000\040\000S\000G\000I\000\040\000i\000n\000f\000o\000r\000m\000\341\000t\000i\000c\000o\000s}{section.8.2}% 270
\BOOKMARK [1][-]{section.8.3}{\376\377\000A\000l\000m\000a\000c\000e\000n\000a\000m\000i\000e\000n\000t\000o\000\040\000e\000n\000\040\000l\000o\000s\000\040\000S\000G\000I}{chapter.8}% 271
\BOOKMARK [1][-]{section.8.4}{\376\377\000P\000u\000n\000t\000o\000s\000\040\000d\000e\000\040\000v\000i\000s\000t\000a\000\040\000e\000n\000\040\000l\000o\000s\000\040\000S\000G\000I}{chapter.8}% 272
\BOOKMARK [2][-]{subsection.8.4.1}{\376\377\000D\000e\000s\000a\000r\000r\000o\000l\000l\000a\000d\000o\000r}{section.8.4}% 273
\BOOKMARK [2][-]{subsection.8.4.2}{\376\377\000A\000d\000m\000i\000n\000i\000s\000t\000r\000a\000d\000o\000r}{section.8.4}% 274
\BOOKMARK [2][-]{subsection.8.4.3}{\376\377\000U\000s\000u\000a\000r\000i\000o}{section.8.4}% 275
\BOOKMARK [2][-]{subsection.8.4.4}{\376\377\000E\000j\000e\000r\000c\000i\000c\000i\000o}{section.8.4}% 276
\BOOKMARK [0][-]{chapter.9}{\376\377\000A\000n\000e\000x\000o\000:\000\040\000e\000j\000e\000r\000c\000i\000c\000i\000o\000s\000\040\000s\000o\000b\000r\000e\000\040\000t\000a\000b\000l\000a\000s}{}% 277
\BOOKMARK [1][-]{section.9.1}{\376\377\000T\000a\000b\000l\000a\000\040\0001}{chapter.9}% 278
\BOOKMARK [1][-]{section.9.2}{\376\377\000T\000a\000b\000l\000a\000\040\0002}{chapter.9}% 279
\BOOKMARK [1][-]{section.9.3}{\376\377\000T\000a\000b\000l\000a\000\040\0003}{chapter.9}% 280
\BOOKMARK [1][-]{section.9.4}{\376\377\000T\000a\000b\000l\000a\000\040\0004}{chapter.9}% 281
\BOOKMARK [1][-]{section.9.5}{\376\377\000T\000a\000b\000l\000a\000\040\0005}{chapter.9}% 282
\BOOKMARK [1][-]{section.9.6}{\376\377\000T\000a\000b\000l\000a\000\040\0006}{chapter.9}% 283
\BOOKMARK [1][-]{section.9.7}{\376\377\000T\000a\000b\000l\000a\000\040\0007}{chapter.9}% 284
\BOOKMARK [1][-]{section.9.8}{\376\377\000T\000a\000b\000l\000a\000\040\0008}{chapter.9}% 285
\BOOKMARK [1][-]{section.9.9}{\376\377\000T\000a\000b\000l\000a\000\040\0009}{chapter.9}% 286
\BOOKMARK [1][-]{section.9.10}{\376\377\000T\000a\000b\000l\000a\000\040\0001\0000}{chapter.9}% 287
\BOOKMARK [1][-]{section.9.11}{\376\377\000T\000a\000b\000l\000a\000\040\0001\0001}{chapter.9}% 288
\BOOKMARK [1][-]{section.9.12}{\376\377\000T\000a\000b\000l\000a\000\040\0001\0002}{chapter.9}% 289
\BOOKMARK [1][-]{section.9.13}{\376\377\000T\000a\000b\000l\000a\000\040\0001\0003}{chapter.9}% 290
\BOOKMARK [1][-]{section.9.14}{\376\377\000T\000a\000b\000l\000a\000\040\0001\0004}{chapter.9}% 291
\BOOKMARK [1][-]{section.9.15}{\376\377\000T\000a\000b\000l\000a\000\040\0001\0005}{chapter.9}% 292
\BOOKMARK [1][-]{section.9.16}{\376\377\000T\000a\000b\000l\000a\000\040\0001\0006}{chapter.9}% 293
\BOOKMARK [1][-]{section.9.17}{\376\377\000T\000a\000b\000l\000a\000\040\0001\0007}{chapter.9}% 294
\BOOKMARK [1][-]{section.9.18}{\376\377\000T\000a\000b\000l\000a\000\040\0001\0008}{chapter.9}% 295
\BOOKMARK [1][-]{section.9.19}{\376\377\000T\000a\000b\000l\000a\000\040\0001\0009}{chapter.9}% 296
\BOOKMARK [0][-]{chapter.10}{\376\377\000A\000n\000e\000x\000o\000:\000\040\000e\000j\000e\000r\000c\000i\000c\000i\000o\000s\000\040\000s\000o\000b\000r\000e\000\040\000f\000o\000r\000m\000u\000l\000a\000r\000i\000o\000s}{}% 297
\BOOKMARK [1][-]{section.10.1}{\376\377\000F\000o\000r\000m\000u\000l\000a\000r\000i\000o\000\040\0001}{chapter.10}% 298
\BOOKMARK [1][-]{section.10.2}{\376\377\000F\000o\000r\000m\000u\000l\000a\000r\000i\000o\000\040\0002}{chapter.10}% 299
\BOOKMARK [1][-]{section.10.3}{\376\377\000F\000o\000r\000m\000u\000l\000a\000r\000i\000o\000\040\0003}{chapter.10}% 300
\BOOKMARK [1][-]{section.10.4}{\376\377\000F\000o\000r\000m\000u\000l\000a\000r\000i\000o\000\040\0004}{chapter.10}% 301
\BOOKMARK [1][-]{section.10.5}{\376\377\000F\000o\000r\000m\000u\000l\000a\000r\000i\000o\000\040\0005}{chapter.10}% 302
\BOOKMARK [1][-]{section.10.6}{\376\377\000F\000o\000r\000m\000u\000l\000a\000r\000i\000o\000\040\0006}{chapter.10}% 303
\BOOKMARK [1][-]{section.10.7}{\376\377\000F\000o\000r\000m\000u\000l\000a\000r\000i\000o\000\040\0007}{chapter.10}% 304
\BOOKMARK [1][-]{section.10.8}{\376\377\000F\000o\000r\000m\000u\000l\000a\000r\000i\000o\000\040\0008}{chapter.10}% 305
\BOOKMARK [1][-]{section.10.9}{\376\377\000F\000o\000r\000m\000u\000l\000a\000r\000i\000o\000\040\0009}{chapter.10}% 306
\BOOKMARK [1][-]{section.10.10}{\376\377\000F\000o\000r\000m\000u\000l\000a\000r\000i\000o\000\040\0001\0000}{chapter.10}% 307
\BOOKMARK [1][-]{section.10.11}{\376\377\000F\000o\000r\000m\000u\000l\000a\000r\000i\000o\000\040\0001\0001}{chapter.10}% 308
\BOOKMARK [1][-]{section.10.12}{\376\377\000F\000o\000r\000m\000u\000l\000a\000r\000i\000o\000\040\0001\0002}{chapter.10}% 309
\BOOKMARK [1][-]{section.10.13}{\376\377\000F\000o\000r\000m\000u\000l\000a\000r\000i\000o\000\040\0001\0003}{chapter.10}% 310
\BOOKMARK [1][-]{section.10.14}{\376\377\000F\000o\000r\000m\000u\000l\000a\000r\000i\000o\000\040\0001\0004}{chapter.10}% 311
\BOOKMARK [1][-]{section.10.15}{\376\377\000F\000o\000r\000m\000u\000l\000a\000r\000i\000o\000\040\0001\0005}{chapter.10}% 312
\BOOKMARK [1][-]{section.10.16}{\376\377\000F\000o\000r\000m\000u\000l\000a\000r\000i\000o\000\040\0001\0006}{chapter.10}% 313
\BOOKMARK [1][-]{section.10.17}{\376\377\000F\000o\000r\000m\000u\000l\000a\000r\000i\000o\000\040\0001\0007}{chapter.10}% 314
\BOOKMARK [1][-]{section.10.18}{\376\377\000F\000o\000r\000m\000u\000l\000a\000r\000i\000o\000\040\0001\0008}{chapter.10}% 315
\BOOKMARK [1][-]{section.10.19}{\376\377\000F\000o\000r\000m\000u\000l\000a\000r\000i\000o\000\040\0001\0009}{chapter.10}% 316
\BOOKMARK [1][-]{section.10.20}{\376\377\000F\000o\000r\000m\000u\000l\000a\000r\000i\000o\000\040\0002\0000}{chapter.10}% 317
\BOOKMARK [0][-]{chapter.11}{\376\377\000A\000n\000e\000x\000o\000:\000\040\000e\000j\000e\000r\000c\000i\000c\000i\000o\000s\000\040\000s\000o\000b\000r\000e\000\040\000X\000S\000L\000T}{}% 318
\BOOKMARK [1][-]{section.11.1}{\376\377\000F\000i\000c\000h\000e\000r\000o\000\040\000o\000r\000i\000g\000e\000n}{chapter.11}% 319
\BOOKMARK [1][-]{section.11.2}{\376\377\000G\000e\000n\000e\000r\000a\000c\000i\000\363\000n\000\040\000d\000e\000\040\000l\000i\000s\000t\000a\000\040\000c\000o\000n\000\040\000p\000u\000n\000t\000o\000s}{chapter.11}% 320
\BOOKMARK [1][-]{section.11.3}{\376\377\000F\000i\000l\000t\000r\000a\000d\000o}{chapter.11}% 321
\BOOKMARK [1][-]{section.11.4}{\376\377\000R\000e\000c\000u\000p\000e\000r\000a\000c\000i\000\363\000n\000\040\000d\000e\000\040\000e\000l\000e\000m\000e\000n\000t\000o\000s\000\040\000p\000e\000s\000a\000d\000o\000s}{chapter.11}% 322
\BOOKMARK [1][-]{section.11.5}{\376\377\000P\000r\000o\000d\000u\000c\000t\000o\000s\000\040\000d\000e\000l\000\040\000e\000d\000i\000f\000i\000c\000i\000o\000\040\000B}{chapter.11}% 323
\BOOKMARK [1][-]{section.11.6}{\376\377\000T\000a\000b\000l\000a\000\040\000d\000e\000\040\000l\000o\000c\000a\000l\000i\000z\000a\000c\000i\000o\000n\000e\000s}{chapter.11}% 324
\BOOKMARK [1][-]{section.11.7}{\376\377\000T\000a\000b\000l\000a\000s\000\040\000c\000o\000n\000\040\000e\000d\000i\000f\000i\000c\000i\000o\000s\000\040\000s\000e\000p\000a\000r\000a\000d\000o\000s}{chapter.11}% 325
\BOOKMARK [1][-]{section.11.8}{\376\377\000P\000r\000o\000d\000u\000c\000t\000o\000s\000\040\000d\000e\000l\000\040\000a\000u\000l\000a\000\040\0006}{chapter.11}% 326
\BOOKMARK [1][-]{section.11.9}{\376\377\000P\000r\000o\000d\000u\000c\000t\000o\000s\000\040\000d\000e\000l\000\040\000e\000d\000i\000f\000i\000c\000i\000o\000\040\000B}{chapter.11}% 327
\BOOKMARK [1][-]{section.11.10}{\376\377\000C\000o\000n\000d\000i\000c\000i\000o\000n\000e\000s\000\040\000m\000\372\000l\000t\000i\000p\000l\000e\000s\000:\000\040\000p\000e\000s\000o\000\040\000l\000i\000g\000e\000r\000o\000\040\000y\000\040\000e\000d\000i\000f\000i\000c\000i\000o\000\040\000A}{chapter.11}% 328
\BOOKMARK [1][-]{section.11.11}{\376\377\000E\000j\000e\000r\000c\000i\000c\000i\000o\000\040\000d\000e\000\040\000e\000x\000a\000m\000e\000n\000\040\000X\000S\000L\000T}{chapter.11}% 329
\BOOKMARK [1][-]{section.11.12}{\376\377\000T\000r\000a\000n\000s\000f\000o\000r\000m\000a\000c\000i\000\363\000n\000\040\000d\000e\000\040\000u\000n\000\040\000X\000M\000L\000\040\000b\000a\000n\000c\000a\000r\000i\000o}{chapter.11}% 330
\BOOKMARK [2][-]{subsection.11.12.1}{\376\377\000A\000n\000\341\000l\000i\000s\000i\000s\000\040\000d\000e\000l\000\040\000p\000r\000o\000b\000l\000e\000m\000a}{section.11.12}% 331
\BOOKMARK [2][-]{subsection.11.12.2}{\376\377\000S\000o\000l\000u\000c\000i\000\363\000n\000\040\000p\000a\000s\000o\000\040\000a\000\040\000p\000a\000s\000o}{section.11.12}% 332
\BOOKMARK [0][-]{chapter.12}{\376\377\000A\000n\000e\000x\000o\000:\000\040\000E\000j\000e\000r\000c\000i\000c\000i\000o\000s\000\040\000d\000e\000\040\000X\000P\000a\000t\000h}{}% 333
\BOOKMARK [1][-]{section.12.1}{\376\377\000S\000o\000l\000u\000c\000i\000o\000n\000e\000s}{chapter.12}% 334
\BOOKMARK [1][-]{section.12.2}{\376\377\000I\000n\000f\000o\000r\000m\000a\000c\000i\000\363\000n\000\040\000b\000a\000n\000c\000a\000r\000i\000a}{chapter.12}% 335
\BOOKMARK [1][-]{section.12.3}{\376\377\000C\000o\000n\000s\000u\000l\000t\000a\000:\000\040\000\253\000c\000a\000n\000t\000i\000d\000a\000d\000\040\000d\000e\000p\000o\000s\000i\000t\000a\000d\000a\000\273}{chapter.12}% 336
\BOOKMARK [1][-]{section.12.4}{\376\377\000C\000o\000n\000s\000u\000l\000t\000a\000:\000\040\000\253\000m\000o\000n\000e\000d\000a\000s\000\040\000u\000s\000a\000d\000a\000s\000\273}{chapter.12}% 337
\BOOKMARK [1][-]{section.12.5}{\376\377\000C\000o\000n\000s\000u\000l\000t\000a\000:\000\040\000\253\000d\000n\000i\000s\000\040\000c\000o\000n\000\040\000d\000\363\000l\000a\000r\000e\000s\000\273}{chapter.12}% 338
\BOOKMARK [1][-]{section.12.6}{\376\377\000C\000o\000n\000s\000u\000l\000t\000a\000:\000\040\000\253\000f\000o\000n\000d\000o\000s\000\040\000c\000o\000n\000\040\000m\000e\000n\000o\000s\000\040\000d\000e\000\040\0002\0005\0000\0000\000\040\000e\000u\000r\000o\000s\000\273}{chapter.12}% 339
\BOOKMARK [0][-]{chapter.13}{\376\377\000A\000n\000e\000x\000o\000:\000\040\000E\000j\000e\000r\000c\000i\000c\000i\000o\000s\000\040\000d\000e\000\040\000X\000Q\000u\000e\000r\000y}{}% 340
\BOOKMARK [1][-]{section.13.1}{\376\377\000C\000o\000n\000s\000u\000l\000t\000a\000:\000\040\000c\000i\000u\000d\000a\000d\000\040\000d\000e\000\040\000l\000o\000s\000\040\000p\000r\000o\000v\000e\000e\000d\000o\000r\000e\000s}{chapter.13}% 341
\BOOKMARK [1][-]{section.13.2}{\376\377\000C\000o\000n\000s\000u\000l\000t\000a\000:\000\040\000f\000i\000l\000a\000s\000\040\000d\000e\000\040\000l\000a\000\040\000t\000a\000b\000l\000a\000\040\000p\000a\000r\000t\000e\000s}{chapter.13}% 342
\BOOKMARK [1][-]{section.13.3}{\376\377\000C\000o\000n\000s\000u\000l\000t\000a\000\040\000c\000o\000n\000\040\000j\000o\000i\000n\040\031\000s}{chapter.13}% 343
\BOOKMARK [1][-]{section.13.4}{\376\377\000P\000a\000s\000o\000\040\0000\000:\000\040\000a\000n\000\341\000l\000i\000s\000i\000s}{chapter.13}% 344
\BOOKMARK [1][-]{section.13.5}{\376\377\000P\000a\000s\000o\000\040\0001\000:\000\040\000h\000a\000c\000e\000m\000o\000s\000\040\000e\000l\000\040\000c\000r\000u\000c\000e}{chapter.13}% 345
\BOOKMARK [1][-]{section.13.6}{\376\377\000P\000a\000s\000o\000\040\0002\000:\000\040\000a\000\361\000a\000d\000i\000r\000\040\000c\000o\000n\000d\000i\000c\000i\000o\000n\000e\000s}{chapter.13}% 346
\BOOKMARK [1][-]{section.13.7}{\376\377\000C\000o\000n\000s\000u\000l\000t\000a\000:\000\040\000c\000i\000u\000d\000a\000d\000e\000s\000\040\000i\000g\000u\000a\000l\000e\000s}{chapter.13}% 347
\BOOKMARK [1][-]{section.13.8}{\376\377\000C\000o\000n\000s\000u\000l\000t\000a\000:\000\040\000p\000a\000r\000t\000e\000s\000\040\000c\000o\000n\000\040\000c\000o\000l\000o\000r\000e\000s\000\040\000i\000g\000u\000a\000l\000e\000s}{chapter.13}% 348
\BOOKMARK [1][-]{section.13.9}{\376\377\000C\000o\000n\000s\000u\000l\000t\000a\000:\000\040\000c\000a\000n\000t\000i\000d\000a\000d\000\040\000d\000e\000\040\000p\000a\000r\000t\000e\000s\000\040\000d\000e\000\040\000L\000o\000n\000d\000r\000e\000s}{chapter.13}% 349
\BOOKMARK [1][-]{section.13.10}{\376\377\000C\000o\000n\000s\000u\000l\000t\000a\000:\000\040\000m\000e\000d\000i\000a\000\040\000d\000e\000\040\000p\000a\000r\000t\000e\000s\000\040\000r\000o\000j\000a\000s}{chapter.13}% 350
\BOOKMARK [2][-]{subsection.13.10.1}{\376\377\000P\000a\000s\000o\000\040\0001\000:\000\040\000c\000r\000u\000c\000e\000\040\000d\000e\000\040\000t\000a\000b\000l\000a\000s}{section.13.10}% 351
\BOOKMARK [2][-]{subsection.13.10.2}{\376\377\000P\000a\000s\000o\000\040\0002\000:\000\040\000a\000\361\000a\000d\000i\000r\000\040\000c\000o\000n\000d\000i\000c\000i\000o\000n\000\040\000d\000e\000\040\000f\000i\000l\000t\000r\000a\000d\000o}{section.13.10}% 352
\BOOKMARK [2][-]{subsection.13.10.3}{\376\377\000P\000a\000s\000o\000\040\0003\000:\000\040\000c\000a\000l\000c\000u\000l\000a\000r\000\040\000l\000a\000\040\000m\000e\000d\000i\000a}{section.13.10}% 353
\BOOKMARK [2][-]{subsection.13.10.4}{\376\377\000C\000o\000m\000p\000r\000o\000b\000a\000c\000i\000\363\000n}{section.13.10}% 354
\BOOKMARK [1][-]{section.13.11}{\376\377\000C\000o\000n\000s\000u\000l\000t\000a\000:\000\040\000m\000e\000d\000i\000a\000\040\000d\000e\000\040\000s\000u\000m\000i\000n\000i\000s\000t\000r\000o\000s}{chapter.13}% 355
\BOOKMARK [1][-]{section.13.12}{\376\377\000C\000o\000n\000s\000u\000l\000t\000a\000:\000\040\000m\000e\000d\000i\000a\000\040\000p\000o\000r\000\040\000p\000r\000o\000v\000e\000e\000d\000o\000r}{chapter.13}% 356
\BOOKMARK [1][-]{section.13.13}{\376\377\000C\000o\000n\000s\000u\000l\000t\000a\000:\000\040\000s\000u\000m\000i\000n\000i\000s\000t\000r\000o\000s\000\040\000e\000n\000\040\000g\000r\000a\000n\000d\000e\000s\000\040\000c\000a\000n\000t\000i\000d\000a\000d\000e\000s}{chapter.13}% 357
